../../datafiles/Constraints/3DKDconstraints.npy
cont_cover
(49, 2373)
===============================================================================
                                     CVXPY                                     
                                    v1.1.20                                    
===============================================================================
(CVXPY) Sep 05 05:51:17 AM: Your problem has 49 variables, 2 constraints, and 0 parameters.
(CVXPY) Sep 05 05:51:17 AM: It is compliant with the following grammars: DCP, DQCP
(CVXPY) Sep 05 05:51:17 AM: (If you need to solve this problem multiple times, but with different data, consider using parameters.)
(CVXPY) Sep 05 05:51:17 AM: CVXPY will first compile your problem; then, it will invoke a numerical solver to obtain a solution.
-------------------------------------------------------------------------------
                                  Compilation                                  
-------------------------------------------------------------------------------
(CVXPY) Sep 05 05:51:17 AM: Compiling problem (target solver=ECOS).
(CVXPY) Sep 05 05:51:17 AM: Reduction chain: FlipObjective -> Dcp2Cone -> CvxAttr2Constr -> ConeMatrixStuffing -> ECOS
(CVXPY) Sep 05 05:51:17 AM: Applying reduction FlipObjective
(CVXPY) Sep 05 05:51:17 AM: Applying reduction Dcp2Cone
(CVXPY) Sep 05 05:51:17 AM: Applying reduction CvxAttr2Constr
(CVXPY) Sep 05 05:51:17 AM: Applying reduction ConeMatrixStuffing
(CVXPY) Sep 05 05:51:17 AM: Applying reduction ECOS
(CVXPY) Sep 05 05:51:17 AM: Finished problem compilation (took 1.434e-02 seconds).
-------------------------------------------------------------------------------
                                Numerical solver                               
-------------------------------------------------------------------------------
(CVXPY) Sep 05 05:51:17 AM: Invoking solver ECOS  to obtain a solution.
-------------------------------------------------------------------------------
                                    Summary                                    
-------------------------------------------------------------------------------
(CVXPY) Sep 05 05:51:17 AM: Problem status: optimal
(CVXPY) Sep 05 05:51:17 AM: Optimal value: 4.000e+00
(CVXPY) Sep 05 05:51:17 AM: Compilation took 1.434e-02 seconds
(CVXPY) Sep 05 05:51:17 AM: Solver (including time spent in interface) took 1.684e-02 seconds

The optimal value is 3.999999999992871
A solution y is
[ 1.05531023e-01  1.11701861e-01  1.11701852e-01 -5.76382967e-14
  1.05531022e-01  1.05531026e-01 -5.76382967e-14  1.13288288e-01
  1.13288293e-01  1.27895621e-01  1.13288290e-01  1.05531022e-01
  1.05531021e-01  1.13288289e-01  1.27895623e-01 -3.77323454e-13
 -5.76382968e-14  1.11701854e-01  1.27895618e-01  1.11701854e-01
  1.13288292e-01  1.11701852e-01  1.05531022e-01 -3.77323454e-13
  1.27895619e-01  1.05531022e-01  1.11701857e-01  1.13288289e-01
  1.05531023e-01 -3.77323454e-13 -3.77323454e-13 -3.77323454e-13
  1.13288293e-01 -3.77323454e-13  1.13288288e-01  1.11701855e-01
  1.05531023e-01 -3.77323454e-13  1.11701858e-01  1.05531019e-01
  1.05531022e-01  1.05531018e-01 -5.76382967e-14  1.05531020e-01
 -3.77323454e-13  1.05531022e-01  1.05531023e-01  1.05531023e-01
  1.78367485e-13]
0 0.10553102308679053
1 0.11170186074619921
2 0.1117018516725083
4 0.10553102218039571
5 0.10553102599722627
7 0.11328828791512391
8 0.11328829278937558
9 0.12789562105133706
10 0.1132882899539769
11 0.10553102209970391
12 0.10553102143414442
13 0.11328828932799014
14 0.1278956232058532
17 0.11170185389776471
18 0.12789561830237128
19 0.11170185405200346
20 0.11328829202958944
21 0.11170185218731722
22 0.10553102249740401
24 0.12789561921759585
25 0.10553102226726904
26 0.11170185731111815
27 0.11328828943051789
28 0.10553102311253239
32 0.11328829282270925
34 0.11328828781021069
35 0.11170185466897249
36 0.10553102332595661
38 0.11170185757895575
39 0.10553101935235827
40 0.10553102235830332
41 0.10553101760089874
43 0.10553102034892586
45 0.10553102201078371
46 0.10553102332785232
47 0.10553102302390653
DUAL
[1.00482827e-12 1.09737213e-12 9.83354215e-13 1.04457330e-12
 9.12333815e-13 1.08112617e-12 8.99997611e-13 1.08863564e-12
 8.61992401e-13 1.47986649e-12 8.37125604e-13 9.90244668e-13
 1.15040167e-12 1.02299921e-12 1.26728951e-12 1.04425280e-12
 8.50244810e-13 9.67538877e-13 9.30459254e-13 8.28552812e-13
 8.61992425e-13 9.30459315e-13 1.09737220e-12 1.25409132e-12
 9.12333697e-13 7.64907875e-13 1.42792624e-12 1.02829366e-12
 1.06081059e-12 8.32625789e-13 9.52148118e-13 9.00814935e-13
 1.26728904e-12 1.12488908e-12 2.33264148e-12 1.07038449e-12
 9.55366328e-13 1.15040204e-12 2.33264264e-12 8.63956088e-13
 8.32625721e-13 9.30459311e-13 8.69751024e-13 1.00890512e-12
 1.07328625e-12 1.00482811e-12 1.19858819e-12 8.96101960e-13
 1.20385683e-12 9.55366362e-13 1.20880768e-12 9.86241951e-13
 9.12333730e-13 9.80382721e-13 9.30870273e-13 9.16754562e-13
 1.13081297e-12 9.83354174e-13 9.00814894e-13 8.69751036e-13
 8.13669665e-13 8.50244810e-13 9.00100143e-13 1.00470541e-12
 8.50244906e-13 1.12505835e-12 1.08576766e-12 9.30459362e-13
 1.39386088e-12 1.19969564e-12 8.37125709e-13 1.07038428e-12
 9.83551333e-13 9.57119427e-13 9.52148413e-13 1.26728935e-12
 8.69751074e-13 9.00814705e-13 9.30459196e-13 8.26324853e-13
 6.29414889e-13 1.06081062e-12 8.62763985e-13 8.32625728e-13
 1.57645222e-12 9.90244491e-13 9.83354174e-13 1.20880735e-12
 1.06081068e-12 9.83354051e-13 9.90244583e-13 1.28304583e-12
 8.90343237e-13 1.00482816e-12 9.80383060e-13 1.00482799e-12
 8.61992401e-13 9.72670273e-13 1.12488938e-12 8.28552716e-13
 1.07328625e-12 8.50244810e-13 9.52148236e-13 1.09737239e-12
 8.26324905e-13 1.02829355e-12 1.08863529e-12 9.90244583e-13
 8.99997611e-13 1.44376864e-12 8.96340453e-13 1.25409159e-12
 1.24717611e-12 9.12019349e-13 9.27863945e-13 1.33438542e-12
 2.33264026e-12 9.83551383e-13 1.00482823e-12 9.57119402e-13
 9.83551347e-13 9.90244668e-13 9.68091305e-13 1.21955654e-12
 9.12333717e-13 9.98215039e-13 1.00984923e-12 8.28552879e-13
 8.62763977e-13 1.00984923e-12 9.12333599e-13 1.59610127e-12
 1.15189904e-12 9.12019283e-13 1.44376856e-12 1.03140566e-12
 9.95255576e-13 1.07038426e-12 1.16792873e-12 9.57119400e-13
 9.80382940e-13 9.12333815e-13 9.12333657e-13 8.93211053e-13
 8.99739475e-13 1.09737244e-12 1.33411252e-12 1.20385698e-12
 7.58824498e-13 1.00984948e-12 8.50244783e-13 1.20385669e-12
 8.28552927e-13 9.66307475e-13 9.72670200e-13 8.85395598e-13
 9.30870309e-13 9.08672738e-13 9.00100407e-13 9.00814781e-13
 7.97317718e-13 1.24633990e-12 1.31419664e-12 1.00482840e-12
 9.55366397e-13 1.29245326e-12 9.57651105e-13 1.11755339e-12
 8.28552786e-13 1.12488925e-12 1.44376876e-12 9.57119500e-13
 1.09737227e-12 1.00971054e-12 8.63956159e-13 9.50593087e-13
 1.21955638e-12 1.11569037e-12 1.07038447e-12 9.57651019e-13
 1.06081046e-12 9.90244597e-13 9.95254963e-13 1.07038448e-12
 1.03538292e-12 9.84528576e-13 9.83354215e-13 8.32625721e-13
 1.09737244e-12 9.83551328e-13 1.04457315e-12 9.55284664e-13
 8.96101932e-13 9.86242174e-13 8.37125534e-13 9.37260458e-13
 9.96333762e-13 8.37125534e-13 1.01686578e-12 9.90244632e-13
 9.90244583e-13 7.74452426e-13 1.29245328e-12 1.11569029e-12
 9.80383220e-13 1.24717583e-12 1.44376873e-12 9.83353733e-13
 1.24633995e-12 9.50593088e-13 1.57645135e-12 1.20385659e-12
 1.07038426e-12 9.02074694e-13 2.33264020e-12 1.07038429e-12
 9.72670293e-13 9.00100262e-13 9.12019453e-13 8.69751017e-13
 1.07038463e-12 8.50244825e-13 1.05943843e-12 1.02829356e-12
 9.12333762e-13 8.62763977e-13 9.27863890e-13 1.00482829e-12
 1.12179573e-12 1.43855472e-12 8.24193374e-13 9.80383030e-13
 9.23540907e-13 1.02278677e-12 1.11755339e-12 9.12333762e-13
 8.99997722e-13 1.15189871e-12 1.43855527e-12 1.09737226e-12
 9.96333505e-13 9.50592910e-13 8.69750973e-13 9.98215108e-13
 1.24634003e-12 9.80383029e-13 9.12019446e-13 1.08863566e-12
 1.47986754e-12 8.62764034e-13 1.04457321e-12 1.33438454e-12
 1.24717584e-12 1.20385712e-12 1.21955638e-12 1.00482826e-12
 9.12333815e-13 1.09737244e-12 1.94844823e-12 1.09737227e-12
 9.17440048e-13 9.12019453e-13 1.02827333e-12 1.43202623e-12
 8.28552890e-13 8.28552927e-13 1.11569002e-12 7.78166262e-13
 1.05943859e-12 1.04578320e-12 1.08112587e-12 1.00971057e-12
 1.03538277e-12 9.83354174e-13 8.27405076e-13 9.52136011e-13
 9.00100258e-13 1.07038469e-12 1.20880780e-12 9.83551439e-13
 6.29413955e-13 9.00814781e-13 9.90244632e-13 8.99739384e-13
 9.27863878e-13 9.67539187e-13 1.07351053e-12 8.62763996e-13
 9.00814809e-13 1.09737227e-12 1.18682535e-12 1.12488927e-12
 8.96340336e-13 9.27863890e-13 1.04457320e-12 9.30459091e-13
 9.80383074e-13 9.83551383e-13 9.30459148e-13 1.13081299e-12
 1.08576752e-12 8.58440798e-13 9.83551207e-13 9.63951651e-13
 1.25409153e-12 1.20880763e-12 1.15189894e-12 9.80383168e-13
 8.24193493e-13 9.50592932e-13 9.30870310e-13 8.33686864e-13
 1.03140614e-12 1.28304555e-12 1.10607300e-12 7.58824498e-13
 1.39386048e-12 9.00100385e-13 9.85354236e-13 8.13669665e-13
 8.99997510e-13 1.19518210e-12 1.33438532e-12 1.01686615e-12
 8.07921493e-13 9.83354051e-13 1.04457328e-12 8.69751088e-13
 1.04457314e-12 8.69750996e-13 9.12019325e-13 9.80383280e-13
 1.00482823e-12 9.12333815e-13 9.57119478e-13 1.33411167e-12
 9.00100283e-13 1.25409132e-12 8.90343185e-13 8.96340381e-13
 1.03538292e-12 1.20880760e-12 1.85819409e-12 1.02278687e-12
 8.33686923e-13 9.12019355e-13 1.10607303e-12 1.27529630e-12
 1.43855529e-12 1.00984930e-12 1.03140575e-12 1.12488937e-12
 9.67538930e-13 9.90244597e-13 1.04457337e-12 8.93211007e-13
 1.01686626e-12 1.24634012e-12 1.09737190e-12 1.16792857e-12
 9.12019163e-13 8.85395547e-13 1.09737190e-12 1.05734777e-12
 1.05838319e-12 9.12019400e-13 9.90244618e-13 1.06081048e-12
 1.13081326e-12 9.30459416e-13 9.12019391e-13 1.33411228e-12
 1.00482834e-12 1.04457314e-12 1.15189881e-12 8.85395598e-13
 9.63951886e-13 1.05734766e-12 1.57645218e-12 1.20385665e-12
 9.30870254e-13 1.53051848e-12 9.30870241e-13 1.20385670e-12
 9.90244632e-13 1.02278691e-12 9.83353934e-13 9.12019287e-13
 1.24633989e-12 9.86242089e-13 8.90343085e-13 1.04578324e-12
 8.61992471e-13 1.53051883e-12 1.01301446e-12 1.09737239e-12
 1.07328625e-12 9.80383196e-13 9.80382831e-13 9.90244380e-13
 8.90343085e-13 1.21955638e-12 9.17440241e-13 1.02299936e-12
 1.21955599e-12 9.30459315e-13 9.12019431e-13 8.90343185e-13
 8.93210904e-13 9.00814883e-13 9.52148257e-13 9.83353998e-13
 1.00890515e-12 9.02074775e-13 8.99997510e-13 1.33411166e-12
 9.57119553e-13 9.12333762e-13 8.50244916e-13 1.33438525e-12
 9.00814753e-13 7.58824498e-13 9.00814809e-13 8.37125619e-13
 8.96340400e-13 9.30459311e-13 9.00100266e-13 8.37125709e-13
 9.80383095e-13 9.95255561e-13 1.25409148e-12 8.85395462e-13
 1.08863564e-12 8.99997727e-13 1.53051846e-12 1.44376873e-12
 1.12488934e-12 9.84494244e-13 1.21955683e-12 9.83354051e-13
 1.06081040e-12 1.16792854e-12 1.20385685e-12 9.57119535e-13
 1.42274111e-12 1.09156365e-12 1.11755337e-12 8.13669665e-13
 8.27405098e-13 8.58440805e-13 8.28552760e-13 9.12333730e-13
 1.06703139e-12 8.32625776e-13 9.00100297e-13 8.85395419e-13
 1.20385653e-12 8.37125709e-13 1.21955640e-12 8.63956145e-13
 9.80383061e-13 1.00470524e-12 8.90343010e-13 9.00814935e-13
 9.52136114e-13 9.86242222e-13 1.28304608e-12 1.09737239e-12
 9.83354051e-13 9.96333880e-13 1.00984930e-12 8.58440813e-13
 1.25409132e-12 1.09737227e-12 8.99997708e-13 8.99997668e-13
 1.03538292e-12 9.50593019e-13 1.33411265e-12 8.85395474e-13
 8.37125578e-13 1.08863551e-12 8.62764047e-13 8.85395598e-13
 9.83551042e-13 1.39386103e-12 9.83551313e-13 9.83551383e-13
 9.58336548e-13 8.32625701e-13 9.95255173e-13 9.90244553e-13
 9.98214918e-13 1.15189879e-12 1.02299918e-12 1.24717603e-12
 9.63951765e-13 1.03538274e-12 1.26728939e-12 8.33686899e-13
 1.03538283e-12 8.37125747e-13 9.83353934e-13 9.66307334e-13
 8.07921493e-13 1.12488956e-12 1.33411261e-12 1.07038448e-12
 9.00814894e-13 9.30459311e-13 1.20385705e-12 1.09737227e-12
 9.72670318e-13 1.00984937e-12 1.04578307e-12 1.29245325e-12
 1.43202664e-12 8.99739451e-13 9.90244668e-13 1.02829360e-12
 1.31419651e-12 9.12333657e-13 8.50244810e-13 1.05734770e-12
 1.21955630e-12 1.03140639e-12 8.90343085e-13 8.85395372e-13
 1.11755301e-12 7.74452426e-13 1.57645106e-12 1.00482799e-12
 1.11569014e-12 1.11569042e-12 1.20385702e-12 9.12019408e-13
 8.28552890e-13 1.94844650e-12 1.12488944e-12 1.14489457e-12
 9.57650933e-13 1.39386022e-12 8.85710809e-13 9.83551328e-13
 1.08863566e-12 1.12179584e-12 8.85395372e-13 9.30459091e-13
 8.37125698e-13 9.52135995e-13 1.00482829e-12 1.05707419e-12
 9.96333879e-13 9.86241976e-13 9.67538790e-13 1.20385679e-12
 1.26728930e-12 1.57645178e-12 7.74452426e-13 1.05838322e-12
 8.37125534e-13 8.58440731e-13 8.90343113e-13 1.20880765e-12
 1.11569021e-12 9.52135882e-13 8.99997564e-13 9.83353934e-13
 8.85395462e-13 9.55366176e-13 9.86241865e-13 1.08112609e-12
 9.83353733e-13 7.64907875e-13 1.08863583e-12 1.21955680e-12
 1.05734795e-12 8.90343185e-13 8.96101988e-13 1.57645206e-12
 1.08863551e-12 9.84494336e-13 1.18682535e-12 1.05734781e-12
 9.50593023e-13 1.09156414e-12 8.85395558e-13 9.84528509e-13
 1.06081070e-12 1.00482826e-12 8.26324875e-13 1.09737190e-12
 1.08576768e-12 9.12019279e-13 1.08576761e-12 1.42274080e-12
 9.50592924e-13 7.78166262e-13 9.63951926e-13 1.12505848e-12
 8.58440857e-13 1.09737220e-12 1.02278681e-12 1.43855539e-12
 8.99997823e-13 9.30870316e-13 1.07038469e-12 9.83551439e-13
 1.28304540e-12 1.31419663e-12 9.47956496e-13 8.28552927e-13
 1.29245297e-12 9.27863878e-13 1.15189873e-12 1.05707419e-12
 1.53051837e-12 9.90244618e-13 1.29245299e-12 8.63956158e-13
 8.32625679e-13 8.50244825e-13 9.12333497e-13 9.30459196e-13
 8.32625788e-13 9.00814883e-13 8.37125604e-13 9.02074634e-13
 9.50592906e-13 9.12333599e-13 1.28304581e-12 9.86241893e-13
 1.53051906e-12 9.96333861e-13 9.90244380e-13 9.27863946e-13
 1.08576777e-12 8.27405125e-13 1.00482826e-12 9.90244618e-13
 1.01686605e-12 8.58440857e-13 9.85354344e-13 9.86241982e-13
 1.19969560e-12 1.43855488e-12 9.02074740e-13 1.09737227e-12
 9.00100368e-13 9.85354248e-13 8.33686899e-13 8.37125630e-13
 1.15040218e-12 1.24717618e-12 9.84494210e-13 8.32625739e-13
 9.72670112e-13 8.37125578e-13 1.47986707e-12 1.09737213e-12
 1.09737226e-12 1.57645081e-12 8.28552760e-13 1.06081052e-12
 9.30459329e-13 9.83551333e-13 9.90244440e-13 9.30459283e-13
 1.02278681e-12 1.00470592e-12 8.90343237e-13 9.85354156e-13
 9.84528407e-13 9.00814753e-13 8.99997611e-13 9.12333697e-13
 8.07921493e-13 1.28304581e-12 1.00984952e-12 1.59610090e-12
 9.16754402e-13 8.00682600e-13 1.08364737e-12 1.07351068e-12
 9.12333497e-13 8.62763934e-13 1.08863551e-12 1.00470590e-12
 9.57119428e-13 1.03140631e-12 1.21955601e-12 9.58336744e-13
 8.93211150e-13 8.90343196e-13 8.24193541e-13 1.39386086e-12
 1.47986750e-12 9.00100318e-13 1.26728927e-12 8.00682600e-13
 9.12333599e-13 1.15189918e-12 9.63951651e-13 1.85819396e-12
 1.00482829e-12 9.12019306e-13 1.24634003e-12 8.19383477e-13
 1.09737213e-12 1.39386090e-12 1.42274208e-12 9.12333717e-13
 9.90244325e-13 1.02829330e-12 8.99997708e-13 1.05734786e-12
 1.03140653e-12 9.80382776e-13 9.12333762e-13 1.44376857e-12
 8.28552890e-13 9.00100352e-13 9.24144890e-13 1.00984903e-12
 2.33264165e-12 9.63951713e-13 8.99997695e-13 8.90343100e-13
 1.07038476e-12 9.96333676e-13 1.42274166e-12 9.08672732e-13
 1.08576762e-12 9.83354215e-13 1.33411146e-12 9.84528516e-13
 1.28304542e-12 1.07038415e-12 8.63956045e-13 1.03538277e-12
 1.06703114e-12 1.08576751e-12 8.00682600e-13 9.00814809e-13
 9.90244725e-13 9.52136011e-13 8.90343113e-13 1.11569008e-12
 9.12333730e-13 1.05838347e-12 9.84493939e-13 1.33411256e-12
 1.53051776e-12 9.47956480e-13 1.94844820e-12 1.11569017e-12
 9.67539268e-13 9.50593032e-13 9.57651100e-13 1.04457324e-12
 1.09737227e-12 1.11755331e-12 1.53051846e-12 1.20385705e-12
 8.61992395e-13 1.00482823e-12 9.80383222e-13 1.00482816e-12
 9.86242057e-13 9.90244597e-13 1.02827300e-12 9.17440126e-13
 8.32625701e-13 1.05838369e-12 9.00100285e-13 9.52136153e-13
 1.00984935e-12 8.99997695e-13 9.90244440e-13 8.58440827e-13
 1.00470577e-12 8.68651943e-13 8.37125534e-13 1.07038447e-12
 9.30459296e-13 9.86242021e-13 1.09737190e-12 8.90343113e-13
 1.06703125e-12 9.72670189e-13 8.33686892e-13 8.85395372e-13
 9.08672699e-13 9.30459329e-13 9.12333552e-13 8.90343085e-13
 1.10607297e-12 8.61992395e-13 9.50592979e-13 9.83353998e-13
 9.17440154e-13 1.07351089e-12 1.04457299e-12 1.15189863e-12
 1.19858819e-12 9.67539023e-13 9.12019341e-13 1.02278688e-12
 1.19969508e-12 1.09737220e-12 9.66307373e-13 8.61992372e-13
 1.00984930e-12 9.17440097e-13 1.04578331e-12 9.12333712e-13
 9.55366286e-13 9.57119518e-13 1.21955613e-12 9.63951926e-13
 9.83353733e-13 1.00482829e-12 9.83354174e-13 9.90244618e-13
 9.02074817e-13 1.24633989e-12 1.00482840e-12 1.28304566e-12
 9.00100293e-13 8.69751017e-13 8.32625679e-13 8.00682600e-13
 9.90244725e-13 9.47956501e-13 1.09156394e-12 9.57650954e-13
 8.90343057e-13 1.06703136e-12 9.30459040e-13 8.50244906e-13
 8.93211168e-13 1.15040198e-12 8.27405186e-13 9.80383202e-13
 8.37125534e-13 9.80382835e-13 9.02074633e-13 9.27863931e-13
 1.13081351e-12 9.90244618e-13 1.05838330e-12 1.57645217e-12
 1.03140640e-12 9.12333712e-13 1.25409090e-12 9.83551269e-13
 1.04578336e-12 1.11755339e-12 9.72670222e-13 9.12333552e-13
 9.50593040e-13 9.12333599e-13 9.63951781e-13 1.04425303e-12
 8.24193331e-13 9.30870271e-13 1.01301449e-12 9.12019281e-13
 1.09737213e-12 9.50593080e-13 8.85395419e-13 1.08364741e-12
 9.23541065e-13 1.07351075e-12 8.50244783e-13 9.50593005e-13
 8.61992406e-13 8.61992373e-13 1.00482816e-12 1.08863559e-12
 9.02074754e-13 7.74452426e-13 1.25409133e-12 9.57119392e-13
 9.00100275e-13 9.16754423e-13 8.96102114e-13 9.30459362e-13
 1.07328591e-12 1.42274065e-12 9.12333684e-13 9.50592934e-13
 9.55366348e-13 9.30459148e-13 1.13081321e-12 1.15189907e-12
 8.99997727e-13 8.33686904e-13 9.30870276e-13 9.83354051e-13
 9.00814705e-13 7.78166262e-13 1.43202578e-12 2.33264059e-12
 9.12333446e-13 9.00100423e-13 8.26324863e-13 1.04457309e-12
 9.90244597e-13 9.00100303e-13 1.03538314e-12 9.85354129e-13
 8.85395462e-13 1.18536298e-12 1.02827300e-12 9.86242022e-13
 1.14489509e-12 1.00000000e+00 1.00984903e-12 8.37125619e-13
 9.90244583e-13 1.00984903e-12 1.11755351e-12 9.23541009e-13
 1.09737227e-12 9.52148176e-13 9.83354067e-13 1.00984937e-12
 1.39386005e-12 1.05838357e-12 9.30459283e-13 1.85819298e-12
 9.63951713e-13 8.50244955e-13 8.37125619e-13 1.05943821e-12
 1.39386003e-12 1.06081070e-12 1.08863559e-12 9.02074619e-13
 8.99997564e-13 9.30870317e-13 1.12179582e-12 1.07038438e-12
 9.30459362e-13 8.28552879e-13 9.02074692e-13 1.20385689e-12
 1.22799692e-12 9.58336718e-13 1.20385682e-12 1.42792652e-12
 8.33686893e-13 9.00100269e-13 9.83354067e-13 9.98215180e-13
 9.55366226e-13 1.16792868e-12 9.17440282e-13 9.86242137e-13
 9.08672885e-13 1.00482840e-12 9.83551042e-13 8.28552716e-13
 1.00971061e-12 1.19858819e-12 1.11569040e-12 1.08364757e-12
 1.44376843e-12 1.11755324e-12 1.11755351e-12 8.26324783e-13
 8.37125698e-13 1.11569016e-12 2.33264122e-12 9.90244613e-13
 1.04425298e-12 9.90244725e-13 7.64907875e-13 8.26324875e-13
 1.04457329e-12 9.27863870e-13 9.02074769e-13 1.20385680e-12
 8.90343100e-13 9.90244553e-13 1.09737227e-12 1.01686581e-12
 7.64907875e-13 8.27405172e-13 7.97317718e-13 1.39386046e-12
 1.11569056e-12 9.72670156e-13 1.15040206e-12 8.51037571e-13
 1.02827333e-12 9.55366315e-13 9.90244725e-13 9.83354067e-13
 9.83551333e-13 9.83354067e-13 1.10607307e-12 9.50592907e-13
 1.00984952e-12 9.52148254e-13 8.28552800e-13 9.92076558e-13
 1.21955608e-12 8.37125747e-13 1.21955624e-12 1.03538309e-12
 1.44376837e-12 1.20385685e-12 9.90244668e-13 9.50593057e-13
 8.90343100e-13 8.85395447e-13 8.90343085e-13 8.28552760e-13
 9.02074718e-13 9.83551042e-13 1.11755331e-12 9.83551313e-13
 1.18536277e-12 1.09737244e-12 1.20880786e-12 1.04457318e-12
 8.37125630e-13 1.25409169e-12 8.99739536e-13 8.50244916e-13
 9.92076558e-13 1.29245334e-12 9.08672823e-13 8.58440826e-13
 9.52148206e-13 9.90244553e-13 9.63951713e-13 1.12488995e-12
 1.43202552e-12 1.08863583e-12 1.27529590e-12 8.28552800e-13
 8.00682600e-13 1.06081051e-12 1.03140567e-12 9.00814935e-13
 1.08863559e-12 8.90343100e-13 9.63951713e-13 9.83353998e-13
 9.24144675e-13 1.09737226e-12 9.12019307e-13 9.83551313e-13
 9.57119474e-13 8.62763996e-13 1.09156402e-12 1.06081057e-12
 9.02074754e-13 1.16792847e-12 1.07038433e-12 9.92076558e-13
 9.84494225e-13 7.97317718e-13 1.14489505e-12 1.11569059e-12
 9.80382846e-13 9.83551207e-13 1.85819264e-12 8.07921493e-13
 9.84494104e-13 1.11569038e-12 1.00984952e-12 9.12333684e-13
 8.63956107e-13 8.90343010e-13 1.04425287e-12 9.27863823e-13
 9.12019374e-13 8.32625788e-13 1.08863551e-12 9.30459254e-13
 8.90343196e-13 8.63956159e-13 8.37125747e-13 8.99997772e-13
 9.63951454e-13 9.30459196e-13 8.33686893e-13 1.21955643e-12
 9.90244725e-13 9.57119442e-13 9.58336654e-13 8.26324827e-13
 8.99997460e-13 1.04457335e-12 1.11569057e-12 7.74452426e-13
 8.37125630e-13 9.27863823e-13 1.15965766e-12 9.84493993e-13
 8.50244738e-13 2.33264000e-12 1.00000000e+00 9.80382935e-13
 1.00482811e-12 9.90244583e-13 7.58824498e-13 9.92076870e-13
 1.31419679e-12 9.12333815e-13 1.12179567e-12 1.12488889e-12
 8.68651928e-13 9.72670291e-13 9.30870156e-13 9.00100365e-13
 9.92076870e-13 1.15040223e-12 1.20385643e-12 1.11569027e-12
 9.83551269e-13 8.85395558e-13 9.96333780e-13 8.99997695e-13
 9.00100250e-13 1.26728845e-12 1.09737227e-12 9.83551207e-13
 1.12488934e-12 9.00814809e-13 9.30459148e-13 1.09737226e-12
 8.37125630e-13 1.02299940e-12 8.50244783e-13 1.11755339e-12
 8.96101847e-13 1.15040206e-12 9.47956435e-13 9.30459148e-13
 8.28552786e-13 8.37125709e-13 8.62763956e-13 9.83354067e-13
 1.04578316e-12 8.07921493e-13 9.63951765e-13 8.27405185e-13
 1.11755356e-12 9.55284469e-13 9.50592785e-13 8.90343100e-13
 1.05734791e-12 8.33686880e-13 8.33686966e-13 9.08672638e-13
 9.12333497e-13 1.11755337e-12 9.72670180e-13 9.00814883e-13
 1.07351079e-12 1.08576760e-12 8.50244836e-13 1.57645204e-12
 8.50244825e-13 8.90343010e-13 9.90244618e-13 8.27405136e-13
 1.11755337e-12 9.90244632e-13 9.12333762e-13 1.42792615e-12
 1.03140590e-12 9.83353934e-13 8.50244916e-13 1.12505840e-12
 8.37125534e-13 1.01686600e-12 8.50244955e-13 9.16754511e-13
 1.94844744e-12 7.64907875e-13 9.83551299e-13 9.83551156e-13
 1.06081050e-12 1.28304581e-12 9.57119514e-13 1.11569036e-12
 8.00682600e-13 1.00482834e-12 1.20385681e-12 9.84494166e-13
 1.31419750e-12 8.50244955e-13 1.20880750e-12 1.03538287e-12
 1.05734774e-12 9.83353733e-13 1.18682497e-12 8.37125578e-13
 9.16754547e-13 9.95255848e-13 1.02829336e-12 8.85395372e-13
 9.12333657e-13 9.12333657e-13 1.11755339e-12 9.24144678e-13
 1.06081045e-12 1.12488973e-12 1.07328625e-12 8.19383477e-13
 1.07328591e-12 9.12019319e-13 9.98215128e-13 9.00100284e-13
 1.19518248e-12 1.01301450e-12 1.05707387e-12 8.99997772e-13
 9.00100406e-13 1.28304549e-12 9.84494280e-13 9.90244325e-13
 1.08863578e-12 8.33686871e-13 1.00984948e-12 1.11569041e-12
 1.04578324e-12 1.04578340e-12 8.00682600e-13 9.52148457e-13
 9.58336612e-13 1.08863564e-12 9.30459416e-13 9.83551439e-13
 1.00482823e-12 9.83354067e-13 9.30459311e-13 1.19858819e-12
 1.57645140e-12 9.00814781e-13 1.08863529e-12 1.00482805e-12
 9.27863870e-13 1.39386045e-12 6.29414445e-13 1.11569066e-12
 1.02829354e-12 1.08364724e-12 1.00482805e-12 9.24144634e-13
 8.28552786e-13 1.00482829e-12 1.42274169e-12 8.96102201e-13
 1.09737227e-12 9.80382930e-13 9.83551313e-13 9.47956442e-13
 1.00482816e-12 1.12179557e-12 9.30870344e-13 9.80383017e-13
 8.28552812e-13 9.63951781e-13 9.00100401e-13 1.07038467e-12
 1.15965723e-12 1.00984937e-12 9.72670387e-13 8.24193426e-13
 9.08672793e-13 1.15965736e-12 9.52135687e-13 8.28552927e-13
 9.30459329e-13 1.42792613e-12 9.57119558e-13 1.07038434e-12
 8.99997668e-13 9.50593048e-13 9.66307372e-13 1.24634019e-12
 8.50244783e-13 9.83551042e-13 7.64907875e-13 8.27405118e-13
 9.83551347e-13 9.84528609e-13 9.57119409e-13 1.03538290e-12
 8.63956067e-13 1.11569022e-12 1.04457339e-12 1.28304598e-12
 9.12019297e-13 1.09737220e-12 9.83551096e-13 9.83551156e-13
 9.90244613e-13 7.78166262e-13 9.47956330e-13 8.93211164e-13
 9.63951651e-13 8.61992394e-13 9.90244491e-13 9.90244491e-13
 8.37125630e-13 1.04457319e-12 9.63951781e-13 1.18682497e-12
 6.29414676e-13 8.58440804e-13 1.04425285e-12 9.12019271e-13
 8.99997708e-13 1.08863559e-12 7.74452426e-13 9.30459091e-13
 8.62763934e-13 1.59610083e-12 1.00984937e-12 1.04457339e-12
 9.80383031e-13 8.90343057e-13 7.64907875e-13 9.98214747e-13
 1.06703094e-12 1.00984948e-12 1.08112599e-12 8.85395419e-13
 8.96101877e-13 9.90244553e-13 8.07921493e-13 1.22799692e-12
 1.04457316e-12 1.20880752e-12 1.39386074e-12 1.08576762e-12
 9.57119448e-13 1.19858819e-12 8.24193503e-13 9.85354110e-13
 9.85353991e-13 1.33411196e-12 1.11755337e-12 8.63956096e-13
 8.90343100e-13 8.37125619e-13 1.05734756e-12 1.29245319e-12
 1.00890521e-12 1.03538304e-12 1.02299942e-12 8.68652076e-13
 8.85395558e-13 1.22799692e-12 2.33264158e-12 1.04457331e-12
 9.12333684e-13 9.83353934e-13 8.85395419e-13 9.83551328e-13
 8.85395462e-13 9.84528675e-13 8.85395558e-13 1.08576780e-12
 1.20880752e-12 9.23541095e-13 1.22799653e-12 8.99997510e-13
 1.01686589e-12 9.90244380e-13 8.90343113e-13 1.57645211e-12
 9.90244325e-13 1.00482827e-12 1.09156400e-12 9.83551096e-13
 7.78166262e-13 9.92076558e-13 9.98215290e-13 1.42792610e-12
 9.72670022e-13 1.42792602e-12 8.99997823e-13 1.25409151e-12
 1.15189870e-12 1.19858857e-12 1.11755351e-12 1.20385657e-12
 7.78166262e-13 1.19969555e-12 7.64907875e-13 1.07038440e-12
 9.50592898e-13 7.58824498e-13 9.30870308e-13 9.37260435e-13
 9.12333762e-13 9.96333597e-13 8.99997611e-13 9.66307407e-13
 9.12333446e-13 1.11569026e-12 9.12019416e-13 9.83551299e-13
 1.53051883e-12 1.03538310e-12 9.98214963e-13 9.23541071e-13
 8.90343196e-13 9.98214991e-13 1.20880801e-12 1.07351097e-12
 9.08672800e-13 1.02278698e-12 9.72670369e-13 1.53051850e-12
 1.01301441e-12 1.07351062e-12 8.26324855e-13 1.11568999e-12
 1.04578310e-12 1.24633986e-12 1.04457328e-12 9.83354215e-13
 9.90244440e-13 8.63956158e-13 8.90343185e-13 8.33686844e-13
 7.78228201e-13 8.93210953e-13 9.83551096e-13 9.37260538e-13
 8.58440902e-13 9.12333712e-13 1.25409145e-12 1.25409144e-12
 9.63951651e-13 1.33411222e-12 1.33411266e-12 1.05734756e-12
 9.30459362e-13 9.50592970e-13 1.00482829e-12 9.83551439e-13
 1.00984923e-12 8.37125698e-13 1.47986617e-12 1.85819356e-12
 8.62763985e-13 1.08364735e-12 8.58440838e-13 9.95254857e-13
 9.50592915e-13 1.26728898e-12 8.07921493e-13 9.00100429e-13
 8.26324948e-13 9.12333446e-13 9.90244583e-13 1.25409095e-12
 9.63951926e-13 9.63951886e-13 9.83354174e-13 1.15965711e-12
 8.62763956e-13 1.43202597e-12 9.90244325e-13 9.86242063e-13
 1.00482799e-12 1.31419659e-12 1.08863566e-12 1.09156402e-12
 9.63951454e-13 9.83551333e-13 1.11569044e-12 1.14489499e-12
 9.55366065e-13 1.07351114e-12 1.00984903e-12 8.90343010e-13
 1.09737213e-12 9.80382956e-13 1.44376873e-12 8.90343185e-13
 1.94844877e-12 1.08364741e-12 1.14489514e-12 1.11755356e-12
 1.12179612e-12 8.33686872e-13 1.00984937e-12 8.63956045e-13
 8.69751087e-13 1.00470583e-12 1.12488956e-12 9.80383014e-13
 9.57119527e-13 9.50592918e-13 1.02827333e-12 8.37125698e-13
 8.37125747e-13 8.37125578e-13 9.90244597e-13 9.63951886e-13
 9.66307439e-13 1.00890518e-12 1.24717613e-12 8.58440777e-13
 8.90343057e-13 8.99739391e-13 9.90244668e-13 1.02827333e-12
 9.12333717e-13 9.80382801e-13 2.33264000e-12 1.01301447e-12
 1.53051812e-12 1.20880734e-12 1.43855495e-12 7.78228201e-13
 1.15189888e-12 8.63956107e-13 1.00482827e-12 8.37125578e-13
 1.06081030e-12 7.58824498e-13 2.33264090e-12 1.33438537e-12
 1.39386007e-12 1.19969548e-12 9.12333497e-13 9.55284575e-13
 8.37125698e-13 9.00814705e-13 9.50593063e-13 9.47956416e-13
 9.00814894e-13 1.03140609e-12 8.85710709e-13 9.02074693e-13
 9.66307249e-13 8.85395547e-13 1.11755339e-12 1.08863566e-12
 1.08112595e-12 8.90343010e-13 9.90244325e-13 9.86242252e-13
 9.80382902e-13 9.85354303e-13 1.05943870e-12 9.00814883e-13
 1.00470544e-12 9.66307599e-13 9.30459416e-13 9.96333710e-13
 1.02299925e-12 1.59610109e-12 1.94844702e-12 8.00682600e-13
 9.50592943e-13 9.12333446e-13 9.30870467e-13 8.58440833e-13
 1.07038451e-12 1.02827333e-12 1.11755339e-12 9.80382850e-13
 8.32625789e-13 1.04425252e-12 8.99739352e-13 1.03538303e-12
 9.80383041e-13 1.31419592e-12 9.57119438e-13 1.13081337e-12
 9.83551269e-13 9.00814797e-13 9.63951454e-13 8.69751024e-13
 8.85395547e-13 1.20385702e-12 1.08576742e-12 8.99997823e-13
 1.08863566e-12 9.67539008e-13 1.02299924e-12 9.30459283e-13
 9.30459296e-13 6.29414515e-13 1.04457320e-12 1.14489515e-12
 1.00984948e-12 1.04578310e-12 1.05734762e-12 9.90244553e-13
 1.24633993e-12 9.63951765e-13 1.11569014e-12 9.90244325e-13
 1.08576772e-12 1.20880779e-12 1.00984930e-12 9.57119419e-13
 8.63956145e-13 9.90244380e-13 9.00100430e-13 8.51037652e-13
 9.66307220e-13 9.24144741e-13 9.12333446e-13 8.63956088e-13
 8.00682600e-13 8.85395447e-13 1.11755301e-12 8.28552879e-13
 9.00100393e-13 1.00984937e-12 7.64907875e-13 8.68651901e-13
 1.11569059e-12 1.85819402e-12 8.50244916e-13 8.96102196e-13
 1.07038453e-12 9.83353998e-13 9.57119559e-13 1.11755351e-12
 7.97317718e-13 9.85354049e-13 9.12333697e-13 9.55284639e-13
 1.07038448e-12 1.33438476e-12 9.57119438e-13 1.08863583e-12
 1.05734782e-12 1.18682535e-12 1.57645237e-12 9.90244613e-13
 9.63951781e-13 1.20385664e-12 1.03140643e-12 1.09737244e-12
 1.00482831e-12 8.85710724e-13 1.94844883e-12 1.13081312e-12
 8.96102030e-13 8.28552716e-13 8.85395474e-13 1.00971057e-12
 1.31419656e-12 1.33411250e-12 1.00971051e-12 9.12333717e-13
 8.28552800e-13 1.12505834e-12 1.43202627e-12 1.03140633e-12
 1.16792869e-12 9.63951781e-13 8.26324886e-13 9.30459254e-13
 9.55284568e-13 8.99997460e-13 1.06703135e-12 9.57119430e-13
 1.20880741e-12 8.85395598e-13 1.18682497e-12 7.87933399e-13
 8.28552879e-13 9.83354067e-13 7.97317718e-13 9.96333702e-13
 1.00000000e+00 1.01301446e-12 1.31419686e-12 9.50593064e-13
 1.00482834e-12 9.90244440e-13 9.00814797e-13 8.28552890e-13
 9.83353733e-13 1.07038427e-12 9.80382891e-13 8.90343057e-13
 1.06081060e-12 1.39386067e-12 1.14489460e-12 9.02074612e-13
 1.07038412e-12 9.80382826e-13 9.52148085e-13 9.83551299e-13
 1.18536241e-12 1.19969485e-12 9.98214812e-13 1.44376829e-12
 1.43202659e-12 9.83551156e-13 1.07351041e-12 9.30459315e-13
 9.37260332e-13 9.57651038e-13 7.78166262e-13 2.33264126e-12
 1.08112606e-12 8.99997564e-13 9.30459296e-13 8.90343237e-13
 1.57645104e-12 1.04457319e-12 9.72670170e-13 1.44376903e-12
 9.90244668e-13 9.90244632e-13 9.83354067e-13 1.22799692e-12
 1.11755324e-12 8.58440826e-13 1.43855588e-12 8.69751036e-13
 9.85354132e-13 1.42792654e-12 9.12333552e-13 8.85395474e-13
 9.12333730e-13 9.83354215e-13 1.07038423e-12 8.50244738e-13
 1.19858857e-12 1.26728826e-12 2.33264048e-12 1.00482811e-12
 8.90343196e-13 9.83551383e-13 1.08863578e-12 1.11755356e-12
 1.02299918e-12 9.98214962e-13 1.31419685e-12 1.19858857e-12
 8.99997823e-13 1.02827300e-12 9.90244613e-13 1.28304567e-12
 1.59610128e-12 1.02278670e-12 1.11755331e-12 8.61992345e-13
 8.69751087e-13 8.96102005e-13 1.08863583e-12 9.85354133e-13
 9.83353733e-13 9.90244491e-13 8.99997727e-13 1.07351042e-12
 6.29413735e-13 8.69751088e-13 8.90343196e-13 1.04457326e-12
 9.02074719e-13 8.32625776e-13 1.09737220e-12 1.22799653e-12
 1.33411192e-12 9.57119584e-13 1.09156418e-12 1.08863578e-12
 1.16792864e-12 8.96102164e-13 8.85395447e-13 1.20880763e-12
 1.85819360e-12 9.12333684e-13 1.11569037e-12 9.85353988e-13
 8.37125709e-13 1.15040190e-12 8.37125619e-13 9.12019315e-13
 1.00984923e-12 9.85354079e-13 9.83551328e-13 7.58824498e-13
 1.28304573e-12 1.00482799e-12 7.64907875e-13 1.57645222e-12
 1.07328591e-12 1.01686592e-12 9.85353954e-13 8.50244738e-13
 8.37125630e-13 1.53051863e-12 1.04457309e-12 1.20385650e-12
 1.42274042e-12 9.27863931e-13 1.94844681e-12 8.61992381e-13
 9.00814705e-13 9.27863847e-13 1.31419608e-12 9.66307570e-13
 9.96333782e-13 1.02827300e-12 8.00682600e-13 1.00971051e-12
 1.04578335e-12 1.02829342e-12 9.50592953e-13 9.27863946e-13
 9.90244380e-13 1.07351048e-12 9.16754567e-13 1.19858857e-12
 1.02829324e-12 1.20385672e-12 1.59610096e-12 1.44376923e-12
 8.85710820e-13 1.24634015e-12 9.00100327e-13 1.24633996e-12
 1.05943886e-12 1.42792607e-12 9.86242126e-13 1.07038420e-12
 1.07038455e-12 9.96333643e-13 9.30870309e-13 8.99997708e-13
 8.26324847e-13 1.00482805e-12 1.59610099e-12 1.44376879e-12
 1.07038437e-12 9.52148258e-13 1.08863566e-12 1.26728939e-12
 8.93211110e-13 1.07038466e-12 8.28552716e-13 8.28552760e-13
 1.26728846e-12 8.90343185e-13 1.00984935e-12 9.68091609e-13
 1.11569011e-12 8.61992425e-13 9.00814781e-13 8.62764048e-13
 9.55284633e-13 9.12333684e-13 1.08112599e-12 1.02299924e-12
 8.00682600e-13 9.57119412e-13 9.02074711e-13 1.53051913e-12
 9.30459283e-13 9.55366344e-13 1.44376926e-12 1.05707387e-12
 1.11755324e-12 1.25409109e-12 8.69750973e-13 9.83551347e-13
 8.99997510e-13 9.30459329e-13 9.23541158e-13 9.12333497e-13
 9.52148422e-13 9.96333808e-13 9.57119576e-13 1.00984935e-12
 1.04457300e-12 9.12333552e-13 8.33686922e-13 8.99997772e-13
 1.04578328e-12 9.96333657e-13 9.12333697e-13 8.90343057e-13
 9.57119583e-13 1.09737213e-12 1.15965714e-12 1.00482831e-12
 1.12564905e-12 1.04457311e-12 8.37125747e-13 9.17440142e-13
 9.55366118e-13 8.85710681e-13 8.85710736e-13 8.26324904e-13
 1.08576778e-12 8.90343237e-13 1.08112607e-12 9.12333552e-13
 8.90343057e-13 8.37125709e-13 9.12019424e-13 9.52135944e-13
 1.19858819e-12 1.19858857e-12 8.68651955e-13 8.28552812e-13
 8.13669665e-13 9.92076870e-13 1.08863529e-12 8.96102155e-13
 8.28552812e-13 1.04578345e-12 9.47956352e-13 9.12333730e-13
 9.98214936e-13 1.07351074e-12 1.07351062e-12 9.24144803e-13
 1.09737244e-12 9.57119405e-13 1.05943824e-12 1.08863564e-12
 9.98214849e-13 8.96340440e-13 8.93211181e-13 8.99997695e-13
 8.62764047e-13 8.37125604e-13 1.03140551e-12 9.83354067e-13
 9.17440229e-13 9.50593088e-13 9.50592935e-13 9.92076870e-13
 1.25409125e-12 9.12333717e-13 9.30459040e-13 1.09737220e-12
 1.11569035e-12 1.09737190e-12 1.07038449e-12 8.69750996e-13
 9.57651046e-13 1.05734765e-12 1.09156387e-12 1.26728925e-12
 1.15189836e-12 9.12333552e-13 8.96340359e-13 8.90343010e-13
 1.00482805e-12 1.00470587e-12 9.12333717e-13 9.66307328e-13
 8.50244836e-13 1.20385657e-12 1.57645117e-12 8.85710860e-13
 1.19969566e-12 9.37260473e-13 9.12333730e-13 1.06703144e-12
 9.00100333e-13 9.63951781e-13 8.61992365e-13 7.97317718e-13
 7.97317718e-13 1.20385640e-12 9.30459254e-13 1.11755339e-12
 8.33686892e-13 1.09737226e-12 1.08863566e-12 8.96102008e-13
 7.78228201e-13 8.90343113e-13 1.39386036e-12 9.90244613e-13
 1.00984935e-12 9.66307304e-13 9.52148280e-13 7.78228201e-13
 9.27863945e-13 1.09737239e-12 1.09737227e-12 9.90244725e-13
 1.20880755e-12 1.02299916e-12 9.66307522e-13 1.04457335e-12
 8.99997772e-13 8.62764048e-13 1.31419743e-12 9.96333687e-13
 9.66307413e-13 1.11755301e-12 1.21955624e-12 8.99997739e-13
 9.30459296e-13 1.12179611e-12 8.99997668e-13 1.14489438e-12
 1.24633993e-12 1.31419648e-12 9.00100377e-13 8.37125604e-13
 1.20385687e-12 1.08576777e-12 1.00482840e-12 1.28304628e-12
 9.30459091e-13 1.02299929e-12 9.58336712e-13 9.67539263e-13
 9.12019290e-13 9.57119583e-13 8.50244955e-13 9.00814797e-13
 1.02827333e-12 9.12333697e-13 9.12333712e-13 1.33438544e-12
 9.50592943e-13 1.33438480e-12 9.50592985e-13 1.05838333e-12
 9.30459196e-13 1.00984937e-12 9.72670215e-13 1.02829348e-12
 9.12333599e-13 1.15965741e-12 7.97317718e-13 9.30459040e-13
 1.11569015e-12 1.19969505e-12 1.43855512e-12 9.83353934e-13
 9.24144726e-13 1.18536307e-12 1.08863578e-12 1.11569037e-12
 1.04425273e-12 1.09737239e-12 1.11755301e-12 9.90244597e-13
 8.85395474e-13 1.22799653e-12 8.93211137e-13 8.26324881e-13
 9.00814894e-13 9.00100331e-13 9.12019454e-13 1.05734770e-12
 9.63951454e-13 1.08576756e-12 1.53051844e-12 8.85710634e-13
 9.83354067e-13 1.57645170e-12 9.12019304e-13 9.12019429e-13
 8.93211213e-13 9.00814935e-13 9.12333815e-13 1.28304587e-12
 9.50592947e-13 9.12333599e-13 1.04457326e-12 1.29245330e-12
 2.33264041e-12 8.28552786e-13 1.26728869e-12 1.47986709e-12
 8.37125619e-13 9.57119480e-13 1.02299916e-12 1.53051914e-12
 9.84494053e-13 8.50244906e-13 9.12333657e-13 8.99997722e-13
 8.99997722e-13 1.06081047e-12 1.31419622e-12 1.33411262e-12
 2.33264133e-12 9.52148121e-13 1.19858857e-12 1.09737190e-12
 8.26324875e-13 9.66307486e-13 1.00482834e-12 8.62764034e-13
 8.24193414e-13 9.30870292e-13 8.99739445e-13 1.05734753e-12
 9.30459315e-13 1.08364740e-12 1.25409160e-12 8.32625728e-13
 8.07921493e-13 1.02299933e-12 8.50244836e-13 1.00971054e-12
 8.68652036e-13 9.84528474e-13 9.55284534e-13 1.18682497e-12
 1.53051882e-12 9.23540969e-13 1.00482826e-12 7.64907875e-13
 1.05943841e-12 9.00100430e-13 1.02299925e-12 1.20385670e-12
 9.86241895e-13 6.29414002e-13 1.07038438e-12 8.96340454e-13
 9.84494196e-13 8.51037603e-13 8.99997739e-13 1.15189906e-12
 1.18682535e-12 1.00482829e-12 8.37125604e-13 9.30870380e-13
 1.05734774e-12 1.00482831e-12 9.95254699e-13 9.98215178e-13
 1.15189837e-12 9.16754503e-13 8.99739291e-13 1.16792862e-12
 8.85395447e-13 1.15189839e-12 1.31419728e-12 1.33411177e-12
 1.04457334e-12 9.83354067e-13 9.00814753e-13 9.00814753e-13
 1.00000000e+00 8.99997722e-13 1.24634019e-12 1.05838342e-12
 9.83551347e-13 8.90343237e-13 1.39386058e-12 9.83551207e-13
 1.12179603e-12 8.99997668e-13 8.61992394e-13 9.57119465e-13
 1.31419712e-12 1.00482811e-12 7.74452426e-13 9.85354294e-13
 9.96333667e-13 8.99997739e-13 1.24717615e-12 1.20385681e-12
 8.37125578e-13 1.07351075e-12 8.26324882e-13 9.83354215e-13
 9.90244440e-13 9.72670389e-13 8.50244906e-13 8.99997727e-13
 9.58336647e-13 8.50244836e-13 9.90244632e-13 8.96102103e-13
 1.04425287e-12 1.12564869e-12 9.84358129e-13 1.85819322e-12
 9.57119544e-13 9.66307247e-13 8.85395547e-13 1.00984937e-12
 9.83354051e-13 1.34662637e-12 1.26728873e-12 9.90244613e-13
 1.34662597e-12 9.55284729e-13 1.07328591e-12 1.24717609e-12
 1.43202654e-12 7.87933399e-13 1.22799653e-12 9.00100293e-13
 9.83551156e-13 8.50244738e-13 1.20385656e-12 9.90244440e-13
 1.24633992e-12 1.24633995e-12 9.83353998e-13 9.52148369e-13
 8.00682600e-13 9.63951781e-13 1.02829353e-12 9.12333697e-13
 1.06703142e-12 1.12488953e-12 1.26728936e-12 9.83354174e-13
 8.61992298e-13 1.02829351e-12 8.68651855e-13 1.42274212e-12
 1.15965753e-12 1.09737226e-12 2.33264094e-12 7.64907875e-13
 9.30459416e-13 1.04578319e-12 7.97656218e-13 1.04457320e-12
 9.98214825e-13 1.20385681e-12 1.44376892e-12 1.09737239e-12
 1.28304625e-12 1.26728855e-12 9.83551299e-13 9.63951765e-13
 8.58440827e-13 1.00984952e-12 1.03538314e-12 9.84494230e-13
 1.00482829e-12 9.90244553e-13 1.07351076e-12 1.13081309e-12
 9.12019388e-13 1.01301470e-12 9.12019315e-13 1.03140643e-12
 8.68652026e-13 8.37125698e-13 9.95255878e-13 1.33411278e-12
 9.27863847e-13 9.83354067e-13 8.63956067e-13 9.57651083e-13
 1.02299909e-12 1.03538295e-12 9.12333712e-13 9.80382695e-13
 9.85354339e-13 1.04457337e-12 8.37125604e-13 9.12333684e-13
 1.00971061e-12 9.37260409e-13 9.84358422e-13 9.30459040e-13
 7.78166262e-13 8.90343237e-13 8.99997460e-13 1.11755324e-12
 1.11569053e-12 8.69751074e-13 9.00814797e-13 9.24144859e-13
 1.07038452e-12 9.23541002e-13 7.74452426e-13 1.08863529e-12
 1.44376827e-12 8.90343196e-13 8.93211264e-13 1.11755356e-12
 1.59610083e-12 9.63951886e-13 1.12488978e-12 9.52148357e-13
 8.24193400e-13 1.08364728e-12 8.99997739e-13 1.00482831e-12
 1.01301432e-12 1.20385658e-12 1.02827300e-12 1.53051864e-12
 9.83551269e-13 9.00100259e-13 9.50592983e-13 1.04578328e-12
 8.58440833e-13 9.84528583e-13 9.63951926e-13 8.90343113e-13
 9.37260348e-13 1.03140586e-12 6.29414379e-13 9.12019353e-13
 9.83353998e-13 9.12333446e-13 1.08576771e-12 8.96101881e-13
 8.37125747e-13 1.39386056e-12 1.15189851e-12 8.63956096e-13
 1.12488970e-12 8.33686799e-13 9.12333497e-13 1.47986601e-12
 8.96102009e-13 8.96340389e-13 1.00482827e-12 9.90244491e-13
 1.11755331e-12 1.02827300e-12 9.63951781e-13 9.90244380e-13
 1.02299929e-12 9.57119279e-13 1.11569026e-12 1.11569037e-12
 8.51037577e-13 8.32625739e-13 9.12333712e-13 9.37260408e-13
 8.90343085e-13 9.90244491e-13 9.55366451e-13 1.04578348e-12
 7.58824498e-13 1.15965726e-12 8.99997460e-13 9.80383034e-13
 9.83551096e-13 8.28552800e-13 1.05943818e-12 8.99997564e-13
 1.47986578e-12 1.08863566e-12 9.58336808e-13 8.50244825e-13
 1.07351111e-12 1.21955663e-12 9.12333657e-13 9.52148461e-13
 9.16754485e-13 9.98214870e-13 8.26324876e-13 1.04457317e-12
 1.03140636e-12]
DUAL OVER

ECOS 2.0.10 - (C) embotech GmbH, Zurich Switzerland, 2012-15. Web: www.embotech.com/ECOS

It     pcost       dcost      gap   pres   dres    k/t    mu     step   sigma     IR    |   BT
 0  -8.370e+00  -2.402e+03  +7e+03  7e-01  4e+01  1e+00  3e+00    ---    ---    1  1  - |  -  - 
 1  -3.582e+00  -3.746e+02  +3e+03  1e-01  1e+01  4e+00  1e+00  0.9890  4e-01   1  1  0 |  0  0
 2  -4.030e+00  -3.954e+01  +4e+02  1e-02  2e+00  7e-01  2e-01  0.8870  4e-02   1  0  0 |  0  0
 3  -4.195e+00  -2.943e+01  +3e+02  7e-03  1e+00  4e-01  1e-01  0.5076  4e-01   0  0  0 |  0  0
 4  -3.955e+00  -1.299e+01  +9e+01  3e-03  3e-01  6e-02  4e-02  0.8516  2e-01   0  0  0 |  0  0
 5  -3.999e+00  -4.160e+00  +2e+00  5e-05  5e-03  1e-03  7e-04  0.9824  5e-04   0  0  0 |  0  0
 6  -4.000e+00  -4.002e+00  +2e-02  5e-07  6e-05  1e-05  8e-06  0.9890  1e-04   1  0  0 |  0  0
 7  -4.000e+00  -4.000e+00  +2e-04  6e-09  7e-07  1e-07  9e-08  0.9890  1e-04   1  0  0 |  0  0
 8  -4.000e+00  -4.000e+00  +2e-06  6e-11  7e-09  2e-09  9e-10  0.9890  1e-04   1  0  0 |  0  0
 9  -4.000e+00  -4.000e+00  +3e-08  7e-13  8e-11  2e-11  1e-11  0.9890  1e-04   1  0  0 |  0  0

OPTIMAL (within feastol=8.0e-11, reltol=6.3e-09, abstol=2.5e-08).
Runtime: 0.016750 seconds.

