../../datafiles/Constraints/3DKDconstraints.npy
disc_cover
(49, 2373)
===============================================================================
                                     CVXPY                                     
                                    v1.1.20                                    
===============================================================================
(CVXPY) Aug 12 06:42:41 AM: Your problem has 2373 variables, 1 constraints, and 0 parameters.
(CVXPY) Aug 12 06:42:41 AM: It is compliant with the following grammars: DCP, DQCP
(CVXPY) Aug 12 06:42:41 AM: (If you need to solve this problem multiple times, but with different data, consider using parameters.)
(CVXPY) Aug 12 06:42:41 AM: CVXPY will first compile your problem; then, it will invoke a numerical solver to obtain a solution.
-------------------------------------------------------------------------------
                                  Compilation                                  
-------------------------------------------------------------------------------
(CVXPY) Aug 12 06:42:41 AM: Compiling problem (target solver=GLPK_MI).
(CVXPY) Aug 12 06:42:41 AM: Reduction chain: Dcp2Cone -> CvxAttr2Constr -> ConeMatrixStuffing -> GLPK_MI
(CVXPY) Aug 12 06:42:41 AM: Applying reduction Dcp2Cone
(CVXPY) Aug 12 06:42:41 AM: Applying reduction CvxAttr2Constr
(CVXPY) Aug 12 06:42:41 AM: Applying reduction ConeMatrixStuffing
(CVXPY) Aug 12 06:42:41 AM: Applying reduction GLPK_MI
(CVXPY) Aug 12 06:42:41 AM: Finished problem compilation (took 1.749e-02 seconds).
-------------------------------------------------------------------------------
                                Numerical solver                               
-------------------------------------------------------------------------------
(CVXPY) Aug 12 06:42:41 AM: Invoking solver GLPK_MI  to obtain a solution.
      0: obj =   0.000000000e+00 inf =   4.900e+01 (49)
      4: obj =   4.000000000e+00 inf =   0.000e+00 (0)
*     9: obj =   4.000000000e+00 inf =   0.000e+00 (0)
+     9: mip =     not found yet >=              -inf        (1; 0)
+     9: >>>>>   4.000000000e+00 >=   4.000000000e+00   0.0% (1; 0)
+     9: mip =   4.000000000e+00 >=     tree is empty   0.0% (0; 1)
-------------------------------------------------------------------------------
                                    Summary                                    
-------------------------------------------------------------------------------
(CVXPY) Aug 12 06:42:41 AM: Problem status: optimal
(CVXPY) Aug 12 06:42:41 AM: Optimal value: 4.000e+00
(CVXPY) Aug 12 06:42:41 AM: Compilation took 1.749e-02 seconds
(CVXPY) Aug 12 06:42:41 AM: Solver (including time spent in interface) took 1.784e-02 seconds

The optimal value is 4.0
A solution x is
[0. 0. 0. ... 0. 0. 0.]
917 1.0
1106 1.0
1684 1.0
2160 1.0
