../../datafiles/Constraints/3DKDconstraints.npy
frac_part
(49, 2373)
===============================================================================
                                     CVXPY                                     
                                    v1.1.20                                    
===============================================================================
(CVXPY) Aug 16 12:08:39 AM: Your problem has 2373 variables, 3 constraints, and 0 parameters.
(CVXPY) Aug 16 12:08:39 AM: It is compliant with the following grammars: DCP, DQCP
(CVXPY) Aug 16 12:08:39 AM: (If you need to solve this problem multiple times, but with different data, consider using parameters.)
(CVXPY) Aug 16 12:08:39 AM: CVXPY will first compile your problem; then, it will invoke a numerical solver to obtain a solution.
-------------------------------------------------------------------------------
                                  Compilation                                  
-------------------------------------------------------------------------------
(CVXPY) Aug 16 12:08:39 AM: Compiling problem (target solver=ECOS).
(CVXPY) Aug 16 12:08:39 AM: Reduction chain: Dcp2Cone -> CvxAttr2Constr -> ConeMatrixStuffing -> ECOS
(CVXPY) Aug 16 12:08:39 AM: Applying reduction Dcp2Cone
(CVXPY) Aug 16 12:08:39 AM: Applying reduction CvxAttr2Constr
(CVXPY) Aug 16 12:08:39 AM: Applying reduction ConeMatrixStuffing
(CVXPY) Aug 16 12:08:39 AM: Applying reduction ECOS
(CVXPY) Aug 16 12:08:39 AM: Finished problem compilation (took 1.732e-01 seconds).
-------------------------------------------------------------------------------
                                Numerical solver                               
-------------------------------------------------------------------------------
(CVXPY) Aug 16 12:08:39 AM: Invoking solver ECOS  to obtain a solution.
-------------------------------------------------------------------------------
                                    Summary                                    
-------------------------------------------------------------------------------
(CVXPY) Aug 16 12:08:39 AM: Problem status: optimal
(CVXPY) Aug 16 12:08:39 AM: Optimal value: 6.000e+00
(CVXPY) Aug 16 12:08:39 AM: Compilation took 1.732e-01 seconds
(CVXPY) Aug 16 12:08:39 AM: Solver (including time spent in interface) took 3.044e-02 seconds
DUAL
[-5.00000000e-01 -1.24797549e-11 -1.24797080e-11  5.00000000e-01
 -5.00000000e-01 -5.00000000e-01  5.00000000e-01 -8.17562550e-12
 -8.17564301e-12 -1.18394361e-11 -8.17570932e-12 -5.00000000e-01
 -5.00000000e-01 -8.17560560e-12 -1.18395493e-11  6.68995994e-12
  5.00000000e-01 -1.24797135e-11 -1.18394948e-11 -1.24797535e-11
 -8.17561030e-12 -1.24797290e-11 -5.00000000e-01  6.68991287e-12
 -1.18395320e-11 -5.00000000e-01 -1.24797342e-11 -8.17555079e-12
 -5.00000000e-01  6.68992644e-12  6.68990445e-12  6.68989923e-12
 -8.17558166e-12  6.68989579e-12 -8.17560588e-12 -1.24796661e-11
 -5.00000000e-01  6.68993488e-12 -1.24796555e-11 -5.00000000e-01
 -5.00000000e-01 -5.00000000e-01  5.00000000e-01 -5.00000000e-01
  6.68995214e-12 -5.00000000e-01 -5.00000000e-01 -5.00000000e-01
  4.85071721e-12]
DUAL OVER

The optimal value is 6.00000000001384
A solution x is
33 0.02977156235344321
63 0.035124483039732084
80 0.12249671450132288
98 0.029771566140893838
135 0.03043984039464893
136 0.12838276264982199
162 0.04096776058267373
169 0.02977156487666043
182 0.12838276386673558
222 0.02388207709026392
229 0.09778157882020957
238 0.09778157935057966
268 0.023882078385402523
280 0.12249671461380084
291 0.02977156401629157
312 0.030439841172571418
348 0.09778157933659586
350 0.030439840793100973
351 0.029771562051013754
429 0.12838276012488367
436 0.029771564478501603
461 0.03512448315411369
490 0.12838276251314765
505 0.02977156456642347
520 0.0409677585030247
525 0.030439841102048993
538 0.02977156590665166
603 0.09778157930555183
609 0.04096775811423936
645 0.09778158036816016
669 0.0351244832291634
687 0.035124483388665015
689 0.030439841393288123
716 0.03043984101347801
780 0.03512448352484104
852 0.030439840244642965
913 0.13863945118083978
935 0.023882077251101395
1024 0.13863945422386598
1039 0.029771565699314374
1046 0.030439841269674285
1112 0.04096775912944902
1115 0.029771564398289336
1132 0.02977156432764851
1176 0.030439841092710536
1196 0.040967757566551785
1205 0.12838276315209435
1213 0.029771564572093304
1250 0.12249671436034837
1316 0.12249671408888481
1459 0.12838276270988988
1477 0.04096775821622774
1501 0.03512448311845051
1502 0.029771565042859438
1526 0.0977815797766193
1545 0.030439841981153567
1558 0.023882077450597488
1560 0.035124482249383054
1581 0.040967758547057496
1597 0.12249671502669854
1650 0.030439841931615676
1660 0.04096776049186111
1667 0.030439841759134098
1686 0.0409677590917776
1704 0.1386394500922643
1730 0.09778157752259871
1750 0.040967758589110635
1768 0.1224967151683595
1814 0.04096775809801598
1836 0.02388207715310024
1934 0.02388207679907368
1942 0.030439841138768176
1965 0.03512448373481893
2006 0.040967759958686685
2017 0.040967758928755274
2050 0.0977815771312177
2053 0.13863944934960515
2098 0.040967758686577066
2128 0.02388207817510754
2133 0.12249671616586658
2146 0.12838276259189288
2154 0.04096775804550888
2172 0.04096775890779892
2225 0.029771564646106974
2259 0.0304398410544846
2262 0.12838276174398996
2298 0.02977156478581036
2317 0.030439840488646404
2318 0.12249671307692406
2328 0.029771565650465164
2358 0.023882079306125528
2372 0.030439840216304442

ECOS 2.0.10 - (C) embotech GmbH, Zurich Switzerland, 2012-15. Web: www.embotech.com/ECOS

It     pcost       dcost      gap   pres   dres    k/t    mu     step   sigma     IR    |   BT
 0  +2.051e+02  -3.984e+03  +2e+04  6e-01  4e-09  1e+00  4e+00    ---    ---    1  1  - |  -  - 
 1  -2.671e+01  -5.299e+02  +5e+03  8e-02  4e-09  2e+00  1e+00  0.9890  2e-01   1  1  1 |  0  0
 2  +5.319e+00  -1.928e+01  +3e+02  4e-03  4e-10  2e-01  6e-02  0.9460  6e-03   1  1  1 |  0  0
 3  +6.030e+00  -3.086e+00  +1e+02  1e-03  2e-10  5e-02  2e-02  0.6701  7e-02   0  0  0 |  0  0
 4  +6.134e+00  +5.142e-01  +6e+01  9e-04  2e-10  2e-02  1e-02  0.6890  4e-01   1  0  0 |  0  0
 5  +6.018e+00  +4.082e+00  +2e+01  3e-04  1e-10  5e-03  5e-03  0.7102  8e-02   1  0  0 |  0  0
 6  +5.970e+00  +5.631e+00  +4e+00  6e-05  5e-11  6e-04  8e-04  0.9067  9e-02   1  1  1 |  0  0
 7  +6.001e+00  +5.973e+00  +3e-01  5e-06  1e-11  3e-05  7e-05  0.9514  3e-02   1  1  1 |  0  0
 8  +6.000e+00  +6.000e+00  +3e-03  5e-08  4e-13  4e-07  7e-07  0.9890  1e-04   1  0  0 |  0  0
 9  +6.000e+00  +6.000e+00  +4e-05  6e-10  6e-15  4e-09  8e-09  0.9890  1e-04   1  0  0 |  0  0
10  +6.000e+00  +6.000e+00  +4e-07  6e-12  3e-15  4e-11  9e-11  0.9890  1e-04   1  0  0 |  0  0
11  +6.000e+00  +6.000e+00  +5e-09  7e-14  8e-16  5e-13  1e-12  0.9890  1e-04   1  0  0 |  0  0

OPTIMAL (within feastol=6.9e-14, reltol=7.9e-10, abstol=4.7e-09).
Runtime: 0.030221 seconds.

