../../datafiles/Constraints/4DKDconstraints.npy
frac_part
(100, 7089)
===============================================================================
                                     CVXPY                                     
                                    v1.1.20                                    
===============================================================================
(CVXPY) Aug 12 06:42:41 AM: Your problem has 7089 variables, 3 constraints, and 0 parameters.
(CVXPY) Aug 12 06:42:41 AM: It is compliant with the following grammars: DCP, DQCP
(CVXPY) Aug 12 06:42:41 AM: (If you need to solve this problem multiple times, but with different data, consider using parameters.)
(CVXPY) Aug 12 06:42:41 AM: CVXPY will first compile your problem; then, it will invoke a numerical solver to obtain a solution.
-------------------------------------------------------------------------------
                                  Compilation                                  
-------------------------------------------------------------------------------
(CVXPY) Aug 12 06:42:41 AM: Compiling problem (target solver=ECOS).
(CVXPY) Aug 12 06:42:41 AM: Reduction chain: Dcp2Cone -> CvxAttr2Constr -> ConeMatrixStuffing -> ECOS
(CVXPY) Aug 12 06:42:41 AM: Applying reduction Dcp2Cone
(CVXPY) Aug 12 06:42:41 AM: Applying reduction CvxAttr2Constr
(CVXPY) Aug 12 06:42:41 AM: Applying reduction ConeMatrixStuffing
(CVXPY) Aug 12 06:42:43 AM: Applying reduction ECOS
(CVXPY) Aug 12 06:42:43 AM: Finished problem compilation (took 1.324e+00 seconds).
-------------------------------------------------------------------------------
                                Numerical solver                               
-------------------------------------------------------------------------------
(CVXPY) Aug 12 06:42:43 AM: Invoking solver ECOS  to obtain a solution.
-------------------------------------------------------------------------------
                                    Summary                                    
-------------------------------------------------------------------------------
(CVXPY) Aug 12 06:42:43 AM: Problem status: optimal
(CVXPY) Aug 12 06:42:43 AM: Optimal value: 1.200e+01
(CVXPY) Aug 12 06:42:43 AM: Compilation took 1.324e+00 seconds
(CVXPY) Aug 12 06:42:43 AM: Solver (including time spent in interface) took 1.032e-01 seconds

The optimal value is 12.000000000016614
A solution x is
[ 2.40670000e-14  2.43528522e-14  9.85600838e-16 ... -2.93894145e-15
  4.36933188e-14  7.41835259e-15]
58 0.08665869207458579
69 0.18522681792300166
154 0.08665869054528746
195 0.18522681632319152
307 0.01999243807580592
323 0.0764018028020413
343 0.03033817632777042
346 0.04228053743042727
477 0.04228053910137905
499 0.1270663227247172
564 0.030338175668002634
628 0.01234359809218597
740 0.076401801239639
746 0.05791656880089325
823 0.12706632252594913
903 0.03033817560242994
931 0.12706632518139221
941 0.012343598164387603
1005 0.07640180109204263
1015 0.07640179961736004
1070 0.042280537080553376
1077 0.12706632269126872
1198 0.07640180167797422
1215 0.05791657045265254
1270 0.12706632303869503
1580 0.012343596210095951
1631 0.22116577510384547
1640 0.35609878460526634
1685 0.012343597745120375
1695 0.030338177473637193
1700 0.0764018015802964
1784 0.185226816706753
1854 0.030338176709359413
1861 0.04228053892467291
1907 0.11533689883637588
1914 0.012343597876190849
1965 0.042280537561910934
1970 0.04228053962378169
1971 0.12706632561927408
1986 0.04228053715534784
2004 0.057916569291442475
2034 0.12706632153768915
2105 0.01234359725587717
2234 0.07640180293995279
2259 0.012343596273505193
2263 0.030338177406027164
2335 0.08665869241574349
2359 0.030338177268308408
2360 0.07640180222152182
2513 0.04172732246788297
2547 0.22116577547204488
2556 0.22116577463136747
2557 0.12706632460194495
2619 0.08665869093721144
2769 0.3560987862108737
2771 0.12706632421591335
2870 0.04228053866226228
3016 0.012343599091116951
3046 0.3560987862284672
3095 0.05791656991259663
3121 0.01234359729551767
3259 0.03033817721119471
3309 0.041727322234353464
3348 0.12706632179644092
3374 0.08665869124683839
3376 0.1852268153618029
3433 0.012343598005092786
3556 0.04228053785638278
3707 0.12706632480378482
3722 0.11533689883637496
3736 0.08665869294325655
4050 0.18522681729566282
4062 0.05791656961538222
4135 0.07640180227121895
4245 0.18522681560664797
4246 0.1270663223673588
4306 0.012343597201237289
4425 0.042280537509655845
4426 0.0579165708324148
4470 0.012343596738426237
4500 0.0764018020759291
4569 0.07640180179027492
4595 0.18522681643209493
4712 0.07640180243778392
4782 0.12706632308078136
4822 0.042280538357557094
4846 0.22116577463136716
4862 0.012343594793491975
4875 0.07640180349462614
4925 0.05791656894997243
5077 0.08665869316699701
5159 0.04172732278590284
5263 0.04228053744160654
5399 0.22116577594452255
5452 0.012343595018692541
5513 0.1270663240324629
5552 0.22116577547204427
5568 0.04228053873497525
5725 0.07640180102513389
5726 0.35609878736784767
5727 0.019992439542268117
5752 0.05791656852902273
5809 0.22116577594452244
5813 0.12706632395824358
5928 0.01999243850251663
6047 0.0422805408796023
6054 0.08665869290112688
6095 0.22116577510384533
6145 0.04228053911373196
6146 0.012343598641767125
6257 0.12706632099235293
6260 0.04228053920186154
6272 0.0764018018694744
6342 0.0764018013684143
6640 0.04172732525111519
6908 0.18522681660353021
6941 0.012343596184839068
7026 0.019992439452985296

ECOS 2.0.10 - (C) embotech GmbH, Zurich Switzerland, 2012-15. Web: www.embotech.com/ECOS

It     pcost       dcost      gap   pres   dres    k/t    mu     step   sigma     IR    |   BT
 0  +5.301e+02  -1.190e+04  +6e+04  6e-01  4e-09  1e+00  4e+00    ---    ---    2  1  - |  -  - 
 1  -7.749e+01  -1.576e+03  +1e+04  8e-02  3e-09  2e+00  1e+00  0.9890  2e-01   1  1  1 |  0  0
 2  +1.085e+01  -6.321e+01  +8e+02  4e-03  5e-10  2e-01  6e-02  0.9455  6e-03   1  1  1 |  0  0
 3  +1.263e+01  -1.122e+01  +3e+02  1e-03  2e-10  5e-02  2e-02  0.6849  4e-02   1  0  0 |  0  0
 4  +1.256e+01  -2.932e+00  +2e+02  8e-04  2e-10  2e-02  1e-02  0.5344  3e-01   1  0  0 |  0  0
 5  +1.256e+01  +4.101e+00  +1e+02  5e-04  2e-10  7e-03  7e-03  0.6916  3e-01   1  0  0 |  0  0
 6  +1.249e+01  +6.136e+00  +8e+01  3e-04  2e-10  3e-03  5e-03  0.5869  6e-01   1  0  0 |  0  0
 7  +1.218e+01  +9.858e+00  +3e+01  1e-04  1e-10  1e-03  2e-03  0.7009  1e-01   1  0  0 |  0  0
 8  +1.206e+01  +1.160e+01  +6e+00  2e-05  4e-11  6e-05  4e-04  0.9890  2e-01   1  0  0 |  0  0
 9  +1.200e+01  +1.199e+01  +1e-01  5e-07  1e-11  1e-06  8e-06  0.9821  2e-03   1  0  1 |  0  0
10  +1.200e+01  +1.200e+01  +1e-03  5e-09  3e-13  1e-08  9e-08  0.9890  1e-04   1  0  0 |  0  0
11  +1.200e+01  +1.200e+01  +1e-05  6e-11  5e-15  2e-10  9e-10  0.9890  1e-04   2  0  0 |  0  0
12  +1.200e+01  +1.200e+01  +1e-07  7e-13  2e-15  2e-12  1e-11  0.9890  1e-04   4  0  0 |  0  0
13  +1.200e+01  +1.200e+01  +2e-09  7e-15  1e-16  2e-14  1e-13  0.9890  1e-04   8  0  0 |  0  0

OPTIMAL (within feastol=7.3e-15, reltol=1.4e-10, abstol=1.7e-09).
Runtime: 0.102496 seconds.

