../../datafiles/Constraints/4DKDconstraints.npy
disc_part
(100, 7089)
===============================================================================
                                     CVXPY                                     
                                    v1.1.20                                    
===============================================================================
(CVXPY) Aug 12 06:42:40 AM: Your problem has 7089 variables, 1 constraints, and 0 parameters.
(CVXPY) Aug 12 06:42:40 AM: It is compliant with the following grammars: DCP, DQCP
(CVXPY) Aug 12 06:42:40 AM: (If you need to solve this problem multiple times, but with different data, consider using parameters.)
(CVXPY) Aug 12 06:42:40 AM: CVXPY will first compile your problem; then, it will invoke a numerical solver to obtain a solution.
-------------------------------------------------------------------------------
                                  Compilation                                  
-------------------------------------------------------------------------------
(CVXPY) Aug 12 06:42:40 AM: Compiling problem (target solver=GLPK_MI).
(CVXPY) Aug 12 06:42:40 AM: Reduction chain: Dcp2Cone -> CvxAttr2Constr -> ConeMatrixStuffing -> GLPK_MI
(CVXPY) Aug 12 06:42:40 AM: Applying reduction Dcp2Cone
(CVXPY) Aug 12 06:42:40 AM: Applying reduction CvxAttr2Constr
(CVXPY) Aug 12 06:42:40 AM: Applying reduction ConeMatrixStuffing
(CVXPY) Aug 12 06:42:40 AM: Applying reduction GLPK_MI
(CVXPY) Aug 12 06:42:40 AM: Finished problem compilation (took 4.309e-02 seconds).
-------------------------------------------------------------------------------
                                Numerical solver                               
-------------------------------------------------------------------------------
(CVXPY) Aug 12 06:42:40 AM: Invoking solver GLPK_MI  to obtain a solution.
*     0: obj =   1.000000000e+02 inf =   0.000e+00 (6989)
*   317: obj =   1.200000000e+01 inf =   1.073e-13 (0) 2
+   317: mip =     not found yet >=              -inf        (1; 0)
+  2606: >>>>>   1.900000000e+01 >=   1.200000000e+01  36.8% (57; 0)
+  6372: mip =   1.900000000e+01 >=   1.200000000e+01  36.8% (106; 10)
+  8385: mip =   1.900000000e+01 >=   1.200000000e+01  36.8% (156; 11)
+ 11637: mip =   1.900000000e+01 >=   1.300000000e+01  31.6% (210; 13)
+ 13306: mip =   1.900000000e+01 >=   1.300000000e+01  31.6% (279; 14)
+ 14787: >>>>>   1.600000000e+01 >=   1.300000000e+01  18.8% (299; 15)
+ 15758: mip =   1.600000000e+01 >=   1.300000000e+01  18.8% (149; 399)
+ 17843: mip =   1.600000000e+01 >=   1.300000000e+01  18.8% (200; 402)
+ 20614: mip =   1.600000000e+01 >=   1.300000000e+01  18.8% (239; 404)
+ 23510: mip =   1.600000000e+01 >=   1.300000000e+01  18.8% (277; 406)
+ 26682: mip =   1.600000000e+01 >=   1.300000000e+01  18.8% (313; 410)
+ 31593: mip =   1.600000000e+01 >=   1.300000000e+01  18.8% (337; 415)
+ 34609: mip =   1.600000000e+01 >=   1.300000000e+01  18.8% (380; 417)
+ 36118: mip =   1.600000000e+01 >=   1.300000000e+01  18.8% (424; 421)
+ 36742: mip =   1.600000000e+01 >=   1.300000000e+01  18.8% (469; 421)
+ 41175: mip =   1.600000000e+01 >=   1.300000000e+01  18.8% (493; 424)
+ 44483: mip =   1.600000000e+01 >=   1.300000000e+01  18.8% (528; 426)
+ 47489: mip =   1.600000000e+01 >=   1.300000000e+01  18.8% (567; 428)
+ 51713: mip =   1.600000000e+01 >=   1.300000000e+01  18.8% (601; 432)
+ 54567: mip =   1.600000000e+01 >=   1.300000000e+01  18.8% (648; 434)
+ 56138: mip =   1.600000000e+01 >=   1.300000000e+01  18.8% (703; 436)
+ 58681: mip =   1.600000000e+01 >=   1.300000000e+01  18.8% (754; 438)
+ 60428: mip =   1.600000000e+01 >=   1.300000000e+01  18.8% (810; 439)
+ 64033: mip =   1.600000000e+01 >=   1.300000000e+01  18.8% (853; 443)
+ 66211: mip =   1.600000000e+01 >=   1.300000000e+01  18.8% (899; 446)
+ 69271: mip =   1.600000000e+01 >=   1.300000000e+01  18.8% (924; 451)
+ 70798: mip =   1.600000000e+01 >=   1.300000000e+01  18.8% (940; 453)
+ 72663: mip =   1.600000000e+01 >=   1.300000000e+01  18.8% (959; 456)
+ 73152: mip =   1.600000000e+01 >=   1.300000000e+01  18.8% (984; 457)
+ 76312: mip =   1.600000000e+01 >=   1.300000000e+01  18.8% (1007; 462)
+ 81576: mip =   1.600000000e+01 >=   1.300000000e+01  18.8% (1035; 467)
+ 84433: mip =   1.600000000e+01 >=   1.300000000e+01  18.8% (1077; 470)
+ 86234: mip =   1.600000000e+01 >=   1.300000000e+01  18.8% (1121; 472)
+ 89942: mip =   1.600000000e+01 >=   1.300000000e+01  18.8% (1155; 475)
+ 91194: mip =   1.600000000e+01 >=   1.300000000e+01  18.8% (1202; 476)
+ 93266: mip =   1.600000000e+01 >=   1.300000000e+01  18.8% (1247; 477)
+ 96983: mip =   1.600000000e+01 >=   1.300000000e+01  18.8% (1285; 480)
+ 98016: mip =   1.600000000e+01 >=   1.300000000e+01  18.8% (1334; 480)
+101103: mip =   1.600000000e+01 >=   1.300000000e+01  18.8% (1370; 482)
+106816: mip =   1.600000000e+01 >=   1.300000000e+01  18.8% (1399; 486)
+110441: mip =   1.600000000e+01 >=   1.300000000e+01  18.8% (1430; 492)
+114735: mip =   1.600000000e+01 >=   1.300000000e+01  18.8% (1450; 496)
+119854: mip =   1.600000000e+01 >=   1.300000000e+01  18.8% (1476; 501)
+121655: mip =   1.600000000e+01 >=   1.300000000e+01  18.8% (1518; 503)
+122992: mip =   1.600000000e+01 >=   1.300000000e+01  18.8% (1549; 504)
+125972: mip =   1.600000000e+01 >=   1.300000000e+01  18.8% (1588; 508)
+129815: mip =   1.600000000e+01 >=   1.300000000e+01  18.8% (1621; 514)
+132307: mip =   1.600000000e+01 >=   1.300000000e+01  18.8% (1654; 519)
+134583: mip =   1.600000000e+01 >=   1.300000000e+01  18.8% (1695; 524)
+136639: mip =   1.600000000e+01 >=   1.300000000e+01  18.8% (1741; 526)
+138101: mip =   1.600000000e+01 >=   1.300000000e+01  18.8% (1782; 527)
+141476: mip =   1.600000000e+01 >=   1.300000000e+01  18.8% (1814; 530)
+143906: mip =   1.600000000e+01 >=   1.300000000e+01  18.8% (1856; 531)
+146899: mip =   1.600000000e+01 >=   1.300000000e+01  18.8% (1896; 535)
+150461: mip =   1.600000000e+01 >=   1.300000000e+01  18.8% (1926; 541)
+154216: mip =   1.600000000e+01 >=   1.300000000e+01  18.8% (1958; 543)
+157972: mip =   1.600000000e+01 >=   1.300000000e+01  18.8% (1987; 545)
+159744: mip =   1.600000000e+01 >=   1.300000000e+01  18.8% (2035; 547)
+160711: mip =   1.600000000e+01 >=   1.300000000e+01  18.8% (2084; 548)
+161995: mip =   1.600000000e+01 >=   1.300000000e+01  18.8% (2132; 549)
+164939: mip =   1.600000000e+01 >=   1.300000000e+01  18.8% (2169; 552)
+168694: mip =   1.600000000e+01 >=   1.300000000e+01  18.8% (2199; 555)
+171501: mip =   1.600000000e+01 >=   1.300000000e+01  18.8% (2239; 557)
+173570: mip =   1.600000000e+01 >=   1.300000000e+01  18.8% (2283; 559)
+176312: mip =   1.600000000e+01 >=   1.300000000e+01  18.8% (2327; 561)
+179767: mip =   1.600000000e+01 >=   1.300000000e+01  18.8% (2367; 564)
+180870: mip =   1.600000000e+01 >=   1.300000000e+01  18.8% (2397; 565)
+184052: mip =   1.600000000e+01 >=   1.300000000e+01  18.8% (2444; 567)
+185366: mip =   1.600000000e+01 >=   1.300000000e+01  18.8% (2508; 568)
+189119: mip =   1.600000000e+01 >=   1.300000000e+01  18.8% (2549; 571)
+191575: mip =   1.600000000e+01 >=   1.300000000e+01  18.8% (2595; 574)
+193454: mip =   1.600000000e+01 >=   1.300000000e+01  18.8% (2640; 576)
+194323: mip =   1.600000000e+01 >=   1.300000000e+01  18.8% (2695; 576)
+196753: mip =   1.600000000e+01 >=   1.300000000e+01  18.8% (2734; 578)
+197959: mip =   1.600000000e+01 >=   1.300000000e+01  18.8% (2773; 579)
+200213: mip =   1.600000000e+01 >=   1.300000000e+01  18.8% (2808; 581)
+203248: mip =   1.600000000e+01 >=   1.300000000e+01  18.8% (2833; 583)
+207281: mip =   1.600000000e+01 >=   1.300000000e+01  18.8% (2863; 587)
+209806: mip =   1.600000000e+01 >=   1.300000000e+01  18.8% (2902; 589)
+212117: mip =   1.600000000e+01 >=   1.300000000e+01  18.8% (2946; 591)
+215448: mip =   1.600000000e+01 >=   1.300000000e+01  18.8% (2981; 593)
+217437: mip =   1.600000000e+01 >=   1.300000000e+01  18.8% (3023; 594)
+219364: mip =   1.600000000e+01 >=   1.300000000e+01  18.8% (3064; 596)
+221546: mip =   1.600000000e+01 >=   1.300000000e+01  18.8% (3103; 597)
+223947: mip =   1.600000000e+01 >=   1.300000000e+01  18.8% (3137; 598)
+225788: mip =   1.600000000e+01 >=   1.300000000e+01  18.8% (3178; 599)
+228950: mip =   1.600000000e+01 >=   1.300000000e+01  18.8% (3212; 601)
+230974: mip =   1.600000000e+01 >=   1.300000000e+01  18.8% (3252; 602)
+233205: mip =   1.600000000e+01 >=   1.300000000e+01  18.8% (3293; 603)
+234582: mip =   1.600000000e+01 >=   1.300000000e+01  18.8% (3335; 604)
+236957: mip =   1.600000000e+01 >=   1.300000000e+01  18.8% (3370; 607)
+238345: mip =   1.600000000e+01 >=   1.300000000e+01  18.8% (3412; 607)
+240180: mip =   1.600000000e+01 >=   1.300000000e+01  18.8% (3460; 608)
+242787: mip =   1.600000000e+01 >=   1.300000000e+01  18.8% (3498; 610)
+244819: mip =   1.600000000e+01 >=   1.300000000e+01  18.8% (3531; 611)
+247355: mip =   1.600000000e+01 >=   1.300000000e+01  18.8% (3573; 613)
+248057: mip =   1.600000000e+01 >=   1.300000000e+01  18.8% (3625; 613)
+250372: mip =   1.600000000e+01 >=   1.300000000e+01  18.8% (3668; 614)
+252213: mip =   1.600000000e+01 >=   1.300000000e+01  18.8% (3713; 615)
+254957: mip =   1.600000000e+01 >=   1.300000000e+01  18.8% (3754; 617)
+256250: mip =   1.600000000e+01 >=   1.300000000e+01  18.8% (3803; 617)
+257161: mip =   1.600000000e+01 >=   1.300000000e+01  18.8% (3850; 618)
+257228: mip =   1.600000000e+01 >=   1.300000000e+01  18.8% (3907; 618)
+258731: mip =   1.600000000e+01 >=   1.300000000e+01  18.8% (3959; 619)
+260581: mip =   1.600000000e+01 >=   1.300000000e+01  18.8% (4003; 620)
+261873: mip =   1.600000000e+01 >=   1.300000000e+01  18.8% (4048; 621)
+264999: mip =   1.600000000e+01 >=   1.300000000e+01  18.8% (4088; 623)
+269022: mip =   1.600000000e+01 >=   1.300000000e+01  18.8% (4106; 624)
+272613: mip =   1.600000000e+01 >=   1.300000000e+01  18.8% (4146; 627)
+272976: mip =   1.600000000e+01 >=   1.300000000e+01  18.8% (4198; 627)
+275237: mip =   1.600000000e+01 >=   1.300000000e+01  18.8% (4235; 629)
+278578: mip =   1.600000000e+01 >=   1.300000000e+01  18.8% (4260; 631)
+280897: mip =   1.600000000e+01 >=   1.300000000e+01  18.8% (4299; 633)
+283048: mip =   1.600000000e+01 >=   1.300000000e+01  18.8% (4344; 633)
+286024: mip =   1.600000000e+01 >=   1.300000000e+01  18.8% (4374; 635)
+289213: mip =   1.600000000e+01 >=   1.300000000e+01  18.8% (4420; 638)
+293156: mip =   1.600000000e+01 >=   1.300000000e+01  18.8% (4463; 641)
+294430: mip =   1.600000000e+01 >=   1.300000000e+01  18.8% (4515; 642)
+295955: mip =   1.600000000e+01 >=   1.300000000e+01  18.8% (4553; 642)
+298382: mip =   1.600000000e+01 >=   1.300000000e+01  18.8% (4593; 644)
+300972: mip =   1.600000000e+01 >=   1.300000000e+01  18.8% (4633; 646)
+302080: mip =   1.600000000e+01 >=   1.300000000e+01  18.8% (4682; 647)
+305049: mip =   1.600000000e+01 >=   1.300000000e+01  18.8% (4718; 650)
+307849: mip =   1.600000000e+01 >=   1.300000000e+01  18.8% (4757; 653)
+309398: mip =   1.600000000e+01 >=   1.300000000e+01  18.8% (4794; 654)
+311116: mip =   1.600000000e+01 >=   1.300000000e+01  18.8% (4799; 656)
+312944: mip =   1.600000000e+01 >=   1.300000000e+01  18.8% (4842; 657)
+315617: mip =   1.600000000e+01 >=   1.300000000e+01  18.8% (4867; 659)
+318587: mip =   1.600000000e+01 >=   1.300000000e+01  18.8% (4900; 662)
+319636: mip =   1.600000000e+01 >=   1.300000000e+01  18.8% (4951; 663)
+322153: mip =   1.600000000e+01 >=   1.300000000e+01  18.8% (4979; 664)
+324382: mip =   1.600000000e+01 >=   1.300000000e+01  18.8% (5024; 666)
+326157: mip =   1.600000000e+01 >=   1.300000000e+01  18.8% (5066; 667)
+328276: mip =   1.600000000e+01 >=   1.300000000e+01  18.8% (5104; 669)
+330783: mip =   1.600000000e+01 >=   1.300000000e+01  18.8% (5141; 671)
+334239: mip =   1.600000000e+01 >=   1.300000000e+01  18.8% (5174; 674)
+337133: mip =   1.600000000e+01 >=   1.300000000e+01  18.8% (5212; 675)
+339218: mip =   1.600000000e+01 >=   1.300000000e+01  18.8% (5261; 677)
+342521: mip =   1.600000000e+01 >=   1.300000000e+01  18.8% (5290; 679)
+346323: mip =   1.600000000e+01 >=   1.300000000e+01  18.8% (5324; 680)
+348246: mip =   1.600000000e+01 >=   1.300000000e+01  18.8% (5365; 682)
+349827: mip =   1.600000000e+01 >=   1.300000000e+01  18.8% (5412; 684)
+352899: mip =   1.600000000e+01 >=   1.300000000e+01  18.8% (5446; 686)
+354719: mip =   1.600000000e+01 >=   1.300000000e+01  18.8% (5484; 687)
+359244: mip =   1.600000000e+01 >=   1.300000000e+01  18.8% (5511; 693)
+362217: mip =   1.600000000e+01 >=   1.300000000e+01  18.8% (5538; 696)
+364629: mip =   1.600000000e+01 >=   1.300000000e+01  18.8% (5575; 698)
+366549: mip =   1.600000000e+01 >=   1.300000000e+01  18.8% (5616; 701)
+368398: mip =   1.600000000e+01 >=   1.300000000e+01  18.8% (5658; 703)
+369615: mip =   1.600000000e+01 >=   1.300000000e+01  18.8% (5704; 704)
+372073: mip =   1.600000000e+01 >=   1.300000000e+01  18.8% (5736; 707)
+374473: mip =   1.600000000e+01 >=   1.300000000e+01  18.8% (5773; 708)
+376333: mip =   1.600000000e+01 >=   1.300000000e+01  18.8% (5815; 710)
+379127: mip =   1.600000000e+01 >=   1.300000000e+01  18.8% (5838; 714)
+380977: mip =   1.600000000e+01 >=   1.300000000e+01  18.8% (5876; 717)
+382779: mip =   1.600000000e+01 >=   1.300000000e+01  18.8% (5912; 719)
+385179: mip =   1.600000000e+01 >=   1.300000000e+01  18.8% (5950; 722)
+387279: mip =   1.600000000e+01 >=   1.300000000e+01  18.8% (5993; 724)
+389837: mip =   1.600000000e+01 >=   1.300000000e+01  18.8% (6026; 727)
+393365: mip =   1.600000000e+01 >=   1.300000000e+01  18.8% (6056; 729)
+394331: mip =   1.600000000e+01 >=   1.300000000e+01  18.8% (6105; 729)
+396706: mip =   1.600000000e+01 >=   1.300000000e+01  18.8% (6150; 731)
+399102: mip =   1.600000000e+01 >=   1.300000000e+01  18.8% (6200; 734)
+402146: mip =   1.600000000e+01 >=   1.400000000e+01  12.5% (6243; 741)
+404203: mip =   1.600000000e+01 >=   1.400000000e+01  12.5% (6292; 745)
+406849: mip =   1.600000000e+01 >=   1.400000000e+01  12.5% (6303; 752)
+409864: mip =   1.600000000e+01 >=   1.400000000e+01  12.5% (6339; 759)
+412715: mip =   1.600000000e+01 >=   1.400000000e+01  12.5% (6366; 763)
+417174: mip =   1.600000000e+01 >=   1.400000000e+01  12.5% (6397; 768)
+419616: mip =   1.600000000e+01 >=   1.400000000e+01  12.5% (6438; 777)
+421565: mip =   1.600000000e+01 >=   1.400000000e+01  12.5% (6490; 782)
+422202: mip =   1.600000000e+01 >=   1.400000000e+01  12.5% (6548; 783)
+425367: mip =   1.600000000e+01 >=   1.400000000e+01  12.5% (6584; 792)
+426695: mip =   1.600000000e+01 >=   1.400000000e+01  12.5% (6629; 795)
+429550: mip =   1.600000000e+01 >=   1.400000000e+01  12.5% (6675; 800)
+433177: mip =   1.600000000e+01 >=   1.400000000e+01  12.5% (6698; 811)
+435751: mip =   1.600000000e+01 >=   1.400000000e+01  12.5% (6749; 813)
+440295: mip =   1.600000000e+01 >=   1.400000000e+01  12.5% (6780; 823)
+443981: mip =   1.600000000e+01 >=   1.400000000e+01  12.5% (6801; 835)
+446220: mip =   1.600000000e+01 >=   1.400000000e+01  12.5% (6855; 839)
+450784: mip =   1.600000000e+01 >=   1.400000000e+01  12.5% (6890; 846)
+454064: mip =   1.600000000e+01 >=   1.400000000e+01  12.5% (6931; 851)
+455847: mip =   1.600000000e+01 >=   1.400000000e+01  12.5% (6975; 855)
+457650: mip =   1.600000000e+01 >=   1.400000000e+01  12.5% (7014; 860)
+460809: mip =   1.600000000e+01 >=   1.400000000e+01  12.5% (7048; 867)
+464601: mip =   1.600000000e+01 >=   1.400000000e+01  12.5% (7087; 871)
+466857: mip =   1.600000000e+01 >=   1.400000000e+01  12.5% (7112; 883)
+468462: mip =   1.600000000e+01 >=   1.400000000e+01  12.5% (7159; 888)
+472787: mip =   1.600000000e+01 >=   1.400000000e+01  12.5% (7191; 898)
+476191: mip =   1.600000000e+01 >=   1.400000000e+01  12.5% (7227; 905)
+480823: mip =   1.600000000e+01 >=   1.400000000e+01  12.5% (7252; 919)
+482046: mip =   1.600000000e+01 >=   1.400000000e+01  12.5% (7299; 921)
+482718: mip =   1.600000000e+01 >=   1.400000000e+01  12.5% (7336; 921)
+483982: mip =   1.600000000e+01 >=   1.400000000e+01  12.5% (7388; 924)
+489397: mip =   1.600000000e+01 >=   1.400000000e+01  12.5% (7404; 935)
+489966: mip =   1.600000000e+01 >=   1.400000000e+01  12.5% (7427; 936)
+490879: mip =   1.600000000e+01 >=   1.400000000e+01  12.5% (7451; 939)
+493686: mip =   1.600000000e+01 >=   1.400000000e+01  12.5% (7463; 942)
+495388: mip =   1.600000000e+01 >=   1.400000000e+01  12.5% (7476; 947)
+498116: mip =   1.600000000e+01 >=   1.400000000e+01  12.5% (7480; 954)
+499892: mip =   1.600000000e+01 >=   1.400000000e+01  12.5% (7493; 959)
+500634: mip =   1.600000000e+01 >=   1.400000000e+01  12.5% (7506; 961)
+503306: mip =   1.600000000e+01 >=   1.400000000e+01  12.5% (7520; 965)
+505655: mip =   1.600000000e+01 >=   1.400000000e+01  12.5% (7532; 967)
+506850: mip =   1.600000000e+01 >=   1.400000000e+01  12.5% (7552; 969)
+509310: mip =   1.600000000e+01 >=   1.400000000e+01  12.5% (7584; 972)
+513348: mip =   1.600000000e+01 >=   1.400000000e+01  12.5% (7615; 976)
+516025: mip =   1.600000000e+01 >=   1.400000000e+01  12.5% (7656; 982)
+521381: mip =   1.600000000e+01 >=   1.400000000e+01  12.5% (7679; 994)
+525144: mip =   1.600000000e+01 >=   1.400000000e+01  12.5% (7715; 1000)
+527750: mip =   1.600000000e+01 >=   1.400000000e+01  12.5% (7758; 1005)
+530074: mip =   1.600000000e+01 >=   1.400000000e+01  12.5% (7802; 1011)
+532426: mip =   1.600000000e+01 >=   1.400000000e+01  12.5% (7849; 1016)
+534181: mip =   1.600000000e+01 >=   1.400000000e+01  12.5% (7883; 1019)
+536256: mip =   1.600000000e+01 >=   1.400000000e+01  12.5% (7938; 1020)
+538160: mip =   1.600000000e+01 >=   1.400000000e+01  12.5% (7992; 1022)
+542995: mip =   1.600000000e+01 >=   1.400000000e+01  12.5% (8019; 1027)
+544099: mip =   1.600000000e+01 >=   1.400000000e+01  12.5% (8070; 1029)
+545882: mip =   1.600000000e+01 >=   1.400000000e+01  12.5% (8113; 1033)
+548653: mip =   1.600000000e+01 >=   1.400000000e+01  12.5% (8151; 1038)
+550279: mip =   1.600000000e+01 >=   1.400000000e+01  12.5% (8201; 1041)
+552777: mip =   1.600000000e+01 >=   1.400000000e+01  12.5% (8240; 1047)
+554659: mip =   1.600000000e+01 >=   1.400000000e+01  12.5% (8298; 1053)
+557357: mip =   1.600000000e+01 >=   1.400000000e+01  12.5% (8351; 1062)
+559554: mip =   1.600000000e+01 >=   1.400000000e+01  12.5% (8407; 1067)
+560723: mip =   1.600000000e+01 >=   1.400000000e+01  12.5% (8460; 1072)
+562665: mip =   1.600000000e+01 >=   1.400000000e+01  12.5% (8509; 1074)
+566057: mip =   1.600000000e+01 >=   1.400000000e+01  12.5% (8552; 1083)
+568888: mip =   1.600000000e+01 >=   1.400000000e+01  12.5% (8581; 1091)
+570949: mip =   1.600000000e+01 >=   1.400000000e+01  12.5% (8616; 1099)
+573178: mip =   1.600000000e+01 >=   1.400000000e+01  12.5% (8657; 1109)
+576368: mip =   1.600000000e+01 >=   1.400000000e+01  12.5% (8682; 1126)
+579084: mip =   1.600000000e+01 >=   1.400000000e+01  12.5% (8707; 1133)
+581534: mip =   1.600000000e+01 >=   1.400000000e+01  12.5% (8757; 1141)
+583496: mip =   1.600000000e+01 >=   1.400000000e+01  12.5% (8803; 1144)
+586086: mip =   1.600000000e+01 >=   1.400000000e+01  12.5% (8827; 1150)
+590073: mip =   1.600000000e+01 >=   1.400000000e+01  12.5% (8856; 1159)
+593334: mip =   1.600000000e+01 >=   1.400000000e+01  12.5% (8894; 1168)
+595680: mip =   1.600000000e+01 >=   1.400000000e+01  12.5% (8951; 1172)
+597879: mip =   1.600000000e+01 >=   1.400000000e+01  12.5% (9003; 1180)
+602305: mip =   1.600000000e+01 >=   1.400000000e+01  12.5% (9036; 1191)
+604482: mip =   1.600000000e+01 >=   1.400000000e+01  12.5% (9055; 1197)
+606013: mip =   1.600000000e+01 >=   1.400000000e+01  12.5% (9104; 1200)
+609204: mip =   1.600000000e+01 >=   1.400000000e+01  12.5% (9128; 1206)
+611750: mip =   1.600000000e+01 >=   1.400000000e+01  12.5% (9171; 1210)
+615455: mip =   1.600000000e+01 >=   1.400000000e+01  12.5% (9210; 1217)
+619566: mip =   1.600000000e+01 >=   1.400000000e+01  12.5% (9243; 1226)
+620672: mip =   1.600000000e+01 >=   1.400000000e+01  12.5% (9302; 1228)
+623833: mip =   1.600000000e+01 >=   1.400000000e+01  12.5% (9329; 1233)
+626087: mip =   1.600000000e+01 >=   1.400000000e+01  12.5% (9376; 1236)
+628323: mip =   1.600000000e+01 >=   1.400000000e+01  12.5% (9433; 1239)
+632795: mip =   1.600000000e+01 >=   1.400000000e+01  12.5% (9469; 1249)
+634873: mip =   1.600000000e+01 >=   1.400000000e+01  12.5% (9514; 1251)
+637332: mip =   1.600000000e+01 >=   1.400000000e+01  12.5% (9569; 1257)
+640734: mip =   1.600000000e+01 >=   1.400000000e+01  12.5% (9619; 1259)
+643277: mip =   1.600000000e+01 >=   1.400000000e+01  12.5% (9665; 1263)
+645386: mip =   1.600000000e+01 >=   1.400000000e+01  12.5% (9719; 1266)
+649184: mip =   1.600000000e+01 >=   1.400000000e+01  12.5% (9756; 1275)
+650058: mip =   1.600000000e+01 >=   1.400000000e+01  12.5% (9815; 1277)
+654026: mip =   1.600000000e+01 >=   1.400000000e+01  12.5% (9853; 1283)
+655907: mip =   1.600000000e+01 >=   1.400000000e+01  12.5% (9901; 1285)
+658779: mip =   1.600000000e+01 >=   1.400000000e+01  12.5% (9944; 1291)
+665882: mip =   1.600000000e+01 >=   1.400000000e+01  12.5% (9952; 1308)
+668784: mip =   1.600000000e+01 >=   1.400000000e+01  12.5% (9979; 1313)
+671409: mip =   1.600000000e+01 >=   1.400000000e+01  12.5% (10023; 1318)
+673275: mip =   1.600000000e+01 >=   1.400000000e+01  12.5% (10067; 1321)
+674789: mip =   1.600000000e+01 >=   1.400000000e+01  12.5% (10106; 1325)
+676889: mip =   1.600000000e+01 >=   1.400000000e+01  12.5% (10139; 1329)
+679716: mip =   1.600000000e+01 >=   1.400000000e+01  12.5% (10176; 1334)
+682544: mip =   1.600000000e+01 >=   1.400000000e+01  12.5% (10224; 1340)
+683731: mip =   1.600000000e+01 >=   1.400000000e+01  12.5% (10284; 1342)
+686340: mip =   1.600000000e+01 >=   1.400000000e+01  12.5% (10328; 1348)
+690581: mip =   1.600000000e+01 >=   1.400000000e+01  12.5% (10357; 1357)
+693264: mip =   1.600000000e+01 >=   1.400000000e+01  12.5% (10393; 1362)
+696699: mip =   1.600000000e+01 >=   1.400000000e+01  12.5% (10417; 1367)
+699878: mip =   1.600000000e+01 >=   1.400000000e+01  12.5% (10458; 1370)
+703005: mip =   1.600000000e+01 >=   1.400000000e+01  12.5% (10489; 1376)
+705414: mip =   1.600000000e+01 >=   1.400000000e+01  12.5% (10513; 1377)
+709273: mip =   1.600000000e+01 >=   1.400000000e+01  12.5% (10549; 1390)
+712639: mip =   1.600000000e+01 >=   1.400000000e+01  12.5% (10580; 1397)
+715525: mip =   1.600000000e+01 >=   1.400000000e+01  12.5% (10608; 1407)
+717452: mip =   1.600000000e+01 >=   1.400000000e+01  12.5% (10631; 1412)
+721077: mip =   1.600000000e+01 >=   1.400000000e+01  12.5% (10671; 1417)
+723680: mip =   1.600000000e+01 >=   1.400000000e+01  12.5% (10712; 1422)
+726184: mip =   1.600000000e+01 >=   1.400000000e+01  12.5% (10750; 1426)
+728459: mip =   1.600000000e+01 >=   1.400000000e+01  12.5% (10794; 1430)
+730483: mip =   1.600000000e+01 >=   1.400000000e+01  12.5% (10846; 1434)
+734312: mip =   1.600000000e+01 >=   1.400000000e+01  12.5% (10867; 1439)
+740180: mip =   1.600000000e+01 >=   1.400000000e+01  12.5% (10887; 1451)
+745837: mip =   1.600000000e+01 >=   1.400000000e+01  12.5% (10907; 1462)
+749130: mip =   1.600000000e+01 >=   1.400000000e+01  12.5% (10935; 1469)
+753206: mip =   1.600000000e+01 >=   1.400000000e+01  12.5% (10972; 1476)
+756099: mip =   1.600000000e+01 >=   1.400000000e+01  12.5% (11016; 1481)
+758034: mip =   1.600000000e+01 >=   1.400000000e+01  12.5% (11072; 1484)
+760291: mip =   1.600000000e+01 >=   1.400000000e+01  12.5% (11090; 1488)
+762469: mip =   1.600000000e+01 >=   1.400000000e+01  12.5% (11135; 1491)
+765581: mip =   1.600000000e+01 >=   1.400000000e+01  12.5% (11185; 1498)
+769689: mip =   1.600000000e+01 >=   1.400000000e+01  12.5% (11218; 1510)
+773900: mip =   1.600000000e+01 >=   1.400000000e+01  12.5% (11248; 1518)
+776477: mip =   1.600000000e+01 >=   1.400000000e+01  12.5% (11295; 1524)
+780404: mip =   1.600000000e+01 >=   1.400000000e+01  12.5% (11326; 1535)
+784300: mip =   1.600000000e+01 >=   1.400000000e+01  12.5% (11360; 1543)
+787357: mip =   1.600000000e+01 >=   1.400000000e+01  12.5% (11392; 1547)
+792063: mip =   1.600000000e+01 >=   1.400000000e+01  12.5% (11410; 1559)
+795383: mip =   1.600000000e+01 >=   1.400000000e+01  12.5% (11449; 1565)
+797520: mip =   1.600000000e+01 >=   1.400000000e+01  12.5% (11497; 1572)
+798640: mip =   1.600000000e+01 >=   1.400000000e+01  12.5% (11545; 1573)
+803692: mip =   1.600000000e+01 >=   1.400000000e+01  12.5% (11567; 1586)
+805273: mip =   1.600000000e+01 >=   1.400000000e+01  12.5% (11599; 1590)
+810067: mip =   1.600000000e+01 >=   1.400000000e+01  12.5% (11623; 1603)
+812294: mip =   1.600000000e+01 >=   1.400000000e+01  12.5% (11657; 1608)
+815112: mip =   1.600000000e+01 >=   1.400000000e+01  12.5% (11701; 1613)
+817659: mip =   1.600000000e+01 >=   1.400000000e+01  12.5% (11745; 1620)
+820236: mip =   1.600000000e+01 >=   1.400000000e+01  12.5% (11786; 1622)
+822864: mip =   1.600000000e+01 >=   1.400000000e+01  12.5% (11829; 1629)
+825208: mip =   1.600000000e+01 >=   1.400000000e+01  12.5% (11854; 1634)
+826377: mip =   1.600000000e+01 >=   1.400000000e+01  12.5% (11905; 1637)
+830021: mip =   1.600000000e+01 >=   1.400000000e+01  12.5% (11926; 1644)
+830865: mip =   1.600000000e+01 >=   1.400000000e+01  12.5% (11932; 1647)
+835441: mip =   1.600000000e+01 >=   1.400000000e+01  12.5% (11961; 1653)
+839760: mip =   1.600000000e+01 >=   1.400000000e+01  12.5% (11979; 1664)
+842851: mip =   1.600000000e+01 >=   1.400000000e+01  12.5% (12022; 1671)
+846961: mip =   1.600000000e+01 >=   1.400000000e+01  12.5% (12051; 1681)
+848142: mip =   1.600000000e+01 >=   1.400000000e+01  12.5% (12100; 1682)
+851380: mip =   1.600000000e+01 >=   1.400000000e+01  12.5% (12135; 1688)
+854257: mip =   1.600000000e+01 >=   1.400000000e+01  12.5% (12156; 1696)
+857406: mip =   1.600000000e+01 >=   1.400000000e+01  12.5% (12202; 1703)
+860759: mip =   1.600000000e+01 >=   1.400000000e+01  12.5% (12238; 1710)
+862845: mip =   1.600000000e+01 >=   1.400000000e+01  12.5% (12287; 1714)
+864804: mip =   1.600000000e+01 >=   1.400000000e+01  12.5% (12334; 1718)
+866903: mip =   1.600000000e+01 >=   1.400000000e+01  12.5% (12377; 1722)
+869071: mip =   1.600000000e+01 >=   1.400000000e+01  12.5% (12410; 1727)
+870525: mip =   1.600000000e+01 >=   1.400000000e+01  12.5% (12449; 1731)
+872717: mip =   1.600000000e+01 >=   1.400000000e+01  12.5% (12485; 1734)
+878273: mip =   1.600000000e+01 >=   1.400000000e+01  12.5% (12488; 1744)
+881042: mip =   1.600000000e+01 >=   1.400000000e+01  12.5% (12526; 1748)
+883536: mip =   1.600000000e+01 >=   1.400000000e+01  12.5% (12557; 1757)
+886169: mip =   1.600000000e+01 >=   1.400000000e+01  12.5% (12592; 1763)
+888387: mip =   1.600000000e+01 >=   1.400000000e+01  12.5% (12633; 1769)
+889125: mip =   1.600000000e+01 >=   1.400000000e+01  12.5% (12691; 1769)
+893233: mip =   1.600000000e+01 >=   1.400000000e+01  12.5% (12722; 1780)
+897240: mip =   1.600000000e+01 >=   1.400000000e+01  12.5% (12750; 1788)
+899900: mip =   1.600000000e+01 >=   1.400000000e+01  12.5% (12792; 1794)
+903415: mip =   1.600000000e+01 >=   1.400000000e+01  12.5% (12831; 1798)
+907441: mip =   1.600000000e+01 >=   1.400000000e+01  12.5% (12879; 1805)
+912253: mip =   1.600000000e+01 >=   1.400000000e+01  12.5% (12923; 1811)
+915670: mip =   1.600000000e+01 >=   1.400000000e+01  12.5% (12973; 1817)
+920506: mip =   1.600000000e+01 >=   1.400000000e+01  12.5% (13002; 1829)
+924271: mip =   1.600000000e+01 >=   1.400000000e+01  12.5% (13040; 1838)
+926804: mip =   1.600000000e+01 >=   1.400000000e+01  12.5% (13084; 1843)
+929938: mip =   1.600000000e+01 >=   1.400000000e+01  12.5% (13114; 1853)
+932975: mip =   1.600000000e+01 >=   1.400000000e+01  12.5% (13154; 1859)
+936395: mip =   1.600000000e+01 >=   1.400000000e+01  12.5% (13190; 1866)
+938502: mip =   1.600000000e+01 >=   1.400000000e+01  12.5% (13236; 1870)
+942378: mip =   1.600000000e+01 >=   1.400000000e+01  12.5% (13265; 1878)
+944936: mip =   1.600000000e+01 >=   1.400000000e+01  12.5% (13309; 1880)
+948787: mip =   1.600000000e+01 >=   1.400000000e+01  12.5% (13341; 1887)
+949852: mip =   1.600000000e+01 >=   1.400000000e+01  12.5% (13372; 1889)
+954413: mip =   1.600000000e+01 >=   1.400000000e+01  12.5% (13396; 1900)
+958379: mip =   1.600000000e+01 >=   1.400000000e+01  12.5% (13415; 1909)
+961698: mip =   1.600000000e+01 >=   1.400000000e+01  12.5% (13441; 1921)
+964362: mip =   1.600000000e+01 >=   1.400000000e+01  12.5% (13470; 1929)
+968479: mip =   1.600000000e+01 >=   1.400000000e+01  12.5% (13496; 1937)
+971132: mip =   1.600000000e+01 >=   1.400000000e+01  12.5% (13537; 1942)
+973050: mip =   1.600000000e+01 >=   1.400000000e+01  12.5% (13576; 1944)
+975632: mip =   1.600000000e+01 >=   1.400000000e+01  12.5% (13612; 1951)
+979630: mip =   1.600000000e+01 >=   1.400000000e+01  12.5% (13626; 1964)
+982294: mip =   1.600000000e+01 >=   1.400000000e+01  12.5% (13657; 1974)
+984210: mip =   1.600000000e+01 >=   1.400000000e+01  12.5% (13698; 1979)
+987363: mip =   1.600000000e+01 >=   1.400000000e+01  12.5% (13739; 1986)
+990747: mip =   1.600000000e+01 >=   1.400000000e+01  12.5% (13773; 1995)
+994549: mip =   1.600000000e+01 >=   1.400000000e+01  12.5% (13812; 2000)
+999633: mip =   1.600000000e+01 >=   1.400000000e+01  12.5% (13834; 2017)
+1003998: mip =   1.600000000e+01 >=   1.400000000e+01  12.5% (13864; 2024)
+1008341: mip =   1.600000000e+01 >=   1.400000000e+01  12.5% (13890; 2031)
+1012697: mip =   1.600000000e+01 >=   1.400000000e+01  12.5% (13912; 2043)
+1015512: mip =   1.600000000e+01 >=   1.400000000e+01  12.5% (13948; 2049)
+1017541: mip =   1.600000000e+01 >=   1.400000000e+01  12.5% (13990; 2052)
+1018630: mip =   1.600000000e+01 >=   1.400000000e+01  12.5% (14041; 2053)
+1020000: mip =   1.600000000e+01 >=   1.400000000e+01  12.5% (14086; 2054)
+1021781: mip =   1.600000000e+01 >=   1.400000000e+01  12.5% (14136; 2056)
+1023971: mip =   1.600000000e+01 >=   1.400000000e+01  12.5% (14173; 2062)
+1026900: mip =   1.600000000e+01 >=   1.400000000e+01  12.5% (14211; 2070)
+1029564: mip =   1.600000000e+01 >=   1.400000000e+01  12.5% (14240; 2078)
+1033216: mip =   1.600000000e+01 >=   1.400000000e+01  12.5% (14276; 2084)
+1035911: mip =   1.600000000e+01 >=   1.400000000e+01  12.5% (14317; 2088)
+1038094: mip =   1.600000000e+01 >=   1.400000000e+01  12.5% (14341; 2093)
+1038997: mip =   1.600000000e+01 >=   1.400000000e+01  12.5% (14355; 2095)
+1043726: mip =   1.600000000e+01 >=   1.400000000e+01  12.5% (14381; 2101)
+1045410: mip =   1.600000000e+01 >=   1.400000000e+01  12.5% (14430; 2103)
+1046958: mip =   1.600000000e+01 >=   1.400000000e+01  12.5% (14481; 2106)
+1049969: mip =   1.600000000e+01 >=   1.400000000e+01  12.5% (14528; 2110)
+1052535: mip =   1.600000000e+01 >=   1.400000000e+01  12.5% (14585; 2115)
+1055296: mip =   1.600000000e+01 >=   1.400000000e+01  12.5% (14636; 2122)
+1057222: mip =   1.600000000e+01 >=   1.400000000e+01  12.5% (14694; 2126)
+1059288: mip =   1.600000000e+01 >=   1.400000000e+01  12.5% (14734; 2131)
+1063532: mip =   1.600000000e+01 >=   1.400000000e+01  12.5% (14761; 2138)
+1066568: mip =   1.600000000e+01 >=   1.400000000e+01  12.5% (14791; 2145)
+1070126: mip =   1.600000000e+01 >=   1.400000000e+01  12.5% (14816; 2156)
+1073378: mip =   1.600000000e+01 >=   1.400000000e+01  12.5% (14848; 2164)
+1076893: mip =   1.600000000e+01 >=   1.400000000e+01  12.5% (14888; 2171)
+1078949: mip =   1.600000000e+01 >=   1.400000000e+01  12.5% (14932; 2173)
+1083603: mip =   1.600000000e+01 >=   1.400000000e+01  12.5% (14957; 2181)
+1086681: mip =   1.600000000e+01 >=   1.400000000e+01  12.5% (14993; 2183)
+1090129: mip =   1.600000000e+01 >=   1.400000000e+01  12.5% (15017; 2192)
+1091780: mip =   1.600000000e+01 >=   1.400000000e+01  12.5% (15061; 2195)
+1097045: mip =   1.600000000e+01 >=   1.400000000e+01  12.5% (15079; 2206)
+1101041: mip =   1.600000000e+01 >=   1.400000000e+01  12.5% (15112; 2212)
+1103415: mip =   1.600000000e+01 >=   1.400000000e+01  12.5% (15145; 2217)
+1105512: mip =   1.600000000e+01 >=   1.400000000e+01  12.5% (15175; 2221)
+1108190: mip =   1.600000000e+01 >=   1.400000000e+01  12.5% (15210; 2226)
+1110231: mip =   1.600000000e+01 >=   1.400000000e+01  12.5% (15260; 2228)
+1114408: mip =   1.600000000e+01 >=   1.400000000e+01  12.5% (15283; 2238)
+1117463: mip =   1.600000000e+01 >=   1.400000000e+01  12.5% (15320; 2244)
+1119418: mip =   1.600000000e+01 >=   1.400000000e+01  12.5% (15370; 2247)
+1122755: mip =   1.600000000e+01 >=   1.400000000e+01  12.5% (15399; 2255)
+1126763: mip =   1.600000000e+01 >=   1.400000000e+01  12.5% (15430; 2263)
+1130895: mip =   1.600000000e+01 >=   1.400000000e+01  12.5% (15450; 2267)
+1133641: mip =   1.600000000e+01 >=   1.400000000e+01  12.5% (15485; 2274)
+1138133: mip =   1.600000000e+01 >=   1.400000000e+01  12.5% (15508; 2282)
+1141159: mip =   1.600000000e+01 >=   1.400000000e+01  12.5% (15541; 2289)
+1143516: mip =   1.600000000e+01 >=   1.400000000e+01  12.5% (15584; 2292)
+1147981: mip =   1.600000000e+01 >=   1.400000000e+01  12.5% (15608; 2304)
+1150491: mip =   1.600000000e+01 >=   1.400000000e+01  12.5% (15645; 2308)
+1154657: mip =   1.600000000e+01 >=   1.400000000e+01  12.5% (15678; 2320)
+1157053: mip =   1.600000000e+01 >=   1.400000000e+01  12.5% (15722; 2324)
+1160280: mip =   1.600000000e+01 >=   1.400000000e+01  12.5% (15746; 2335)
+1163938: mip =   1.600000000e+01 >=   1.400000000e+01  12.5% (15779; 2345)
+1166919: mip =   1.600000000e+01 >=   1.400000000e+01  12.5% (15813; 2351)
+1169510: mip =   1.600000000e+01 >=   1.400000000e+01  12.5% (15855; 2358)
+1171958: mip =   1.600000000e+01 >=   1.400000000e+01  12.5% (15885; 2363)
+1174916: mip =   1.600000000e+01 >=   1.400000000e+01  12.5% (15914; 2368)
+1178019: mip =   1.600000000e+01 >=   1.400000000e+01  12.5% (15956; 2373)
+1181497: mip =   1.600000000e+01 >=   1.400000000e+01  12.5% (15992; 2380)
+1185383: mip =   1.600000000e+01 >=   1.400000000e+01  12.5% (16023; 2386)
+1187979: mip =   1.600000000e+01 >=   1.400000000e+01  12.5% (16084; 2387)
+1191648: mip =   1.600000000e+01 >=   1.400000000e+01  12.5% (16127; 2392)
+1195979: mip =   1.600000000e+01 >=   1.400000000e+01  12.5% (16168; 2398)
+1200505: mip =   1.600000000e+01 >=   1.400000000e+01  12.5% (16201; 2403)
+1203410: mip =   1.600000000e+01 >=   1.400000000e+01  12.5% (16243; 2410)
+1205466: mip =   1.600000000e+01 >=   1.400000000e+01  12.5% (16293; 2413)
+1207149: mip =   1.600000000e+01 >=   1.400000000e+01  12.5% (16343; 2415)
+1211832: mip =   1.600000000e+01 >=   1.400000000e+01  12.5% (16366; 2429)
+1214930: mip =   1.600000000e+01 >=   1.400000000e+01  12.5% (16406; 2435)
+1217706: mip =   1.600000000e+01 >=   1.400000000e+01  12.5% (16446; 2444)
+1220687: mip =   1.600000000e+01 >=   1.400000000e+01  12.5% (16489; 2453)
+1224109: mip =   1.600000000e+01 >=   1.400000000e+01  12.5% (16515; 2461)
+1227117: mip =   1.600000000e+01 >=   1.400000000e+01  12.5% (16554; 2468)
+1230890: mip =   1.600000000e+01 >=   1.400000000e+01  12.5% (16587; 2474)
+1234399: mip =   1.600000000e+01 >=   1.400000000e+01  12.5% (16623; 2478)
+1238104: mip =   1.600000000e+01 >=   1.400000000e+01  12.5% (16659; 2483)
+1240384: mip =   1.600000000e+01 >=   1.400000000e+01  12.5% (16714; 2484)
+1244239: mip =   1.600000000e+01 >=   1.400000000e+01  12.5% (16744; 2496)
+1247689: mip =   1.600000000e+01 >=   1.400000000e+01  12.5% (16768; 2504)
slurmstepd: error: *** JOB 2102603 ON linux47 CANCELLED AT 2022-08-12T07:20:59 ***
//Stopped After 38 minutes
