../../datafiles/Constraints/4DKDconstraints.npy
half_part
(100, 7089)
===============================================================================
                                     CVXPY                                     
                                    v1.1.20                                    
===============================================================================
(CVXPY) Aug 12 06:42:41 AM: Your problem has 7089 variables, 3 constraints, and 0 parameters.
(CVXPY) Aug 12 06:42:41 AM: It is compliant with the following grammars: DCP, DQCP
(CVXPY) Aug 12 06:42:41 AM: (If you need to solve this problem multiple times, but with different data, consider using parameters.)
(CVXPY) Aug 12 06:42:41 AM: CVXPY will first compile your problem; then, it will invoke a numerical solver to obtain a solution.
-------------------------------------------------------------------------------
                                  Compilation                                  
-------------------------------------------------------------------------------
(CVXPY) Aug 12 06:42:41 AM: Compiling problem (target solver=GLPK_MI).
(CVXPY) Aug 12 06:42:41 AM: Reduction chain: Dcp2Cone -> CvxAttr2Constr -> ConeMatrixStuffing -> GLPK_MI
(CVXPY) Aug 12 06:42:41 AM: Applying reduction Dcp2Cone
(CVXPY) Aug 12 06:42:41 AM: Applying reduction CvxAttr2Constr
(CVXPY) Aug 12 06:42:41 AM: Applying reduction ConeMatrixStuffing
(CVXPY) Aug 12 06:42:43 AM: Applying reduction GLPK_MI
(CVXPY) Aug 12 06:42:43 AM: Finished problem compilation (took 1.343e+00 seconds).
-------------------------------------------------------------------------------
                                Numerical solver                               
-------------------------------------------------------------------------------
(CVXPY) Aug 12 06:42:43 AM: Invoking solver GLPK_MI  to obtain a solution.
*     0: obj =   2.000000000e+02 inf =   0.000e+00 (6989)
*   317: obj =   2.400000000e+01 inf =   2.146e-13 (0) 2
+   317: mip =     not found yet >=              -inf        (1; 0)
+   475: >>>>>   2.400000000e+01 >=   2.400000000e+01 < 0.1% (8; 0)
+   475: mip =   2.400000000e+01 >=     tree is empty   0.0% (0; 15)
-------------------------------------------------------------------------------
                                    Summary                                    
-------------------------------------------------------------------------------
(CVXPY) Aug 12 06:42:43 AM: Problem status: optimal
(CVXPY) Aug 12 06:42:43 AM: Optimal value: 2.400e+01
(CVXPY) Aug 12 06:42:43 AM: Compilation took 1.343e+00 seconds
(CVXPY) Aug 12 06:42:43 AM: Solver (including time spent in interface) took 5.980e-01 seconds

The optimal value is 12.0
A solution x is
[0. 0. 0. ... 0. 0. 0.]
69 1.0
154 1.0
397 1.0
931 1.0
1005 1.0
1198 1.0
1631 1.0
1640 1.0
1784 1.0
1970 1.0
1986 1.0
2034 1.0
2556 1.0
2769 1.0
3046 1.0
3374 1.0
3376 1.0
3912 1.0
4245 1.0
4461 1.0
4846 1.0
5177 1.0
5726 1.0
6095 1.0
