../../datafiles/Constraints/3DKDconstraints.npy
frac_cover
(49, 2373)
===============================================================================
                                     CVXPY                                     
                                    v1.1.20                                    
===============================================================================
(CVXPY) Aug 12 06:42:41 AM: Your problem has 2373 variables, 3 constraints, and 0 parameters.
(CVXPY) Aug 12 06:42:41 AM: It is compliant with the following grammars: DCP, DQCP
(CVXPY) Aug 12 06:42:41 AM: (If you need to solve this problem multiple times, but with different data, consider using parameters.)
(CVXPY) Aug 12 06:42:41 AM: CVXPY will first compile your problem; then, it will invoke a numerical solver to obtain a solution.
-------------------------------------------------------------------------------
                                  Compilation                                  
-------------------------------------------------------------------------------
(CVXPY) Aug 12 06:42:41 AM: Compiling problem (target solver=ECOS).
(CVXPY) Aug 12 06:42:41 AM: Reduction chain: Dcp2Cone -> CvxAttr2Constr -> ConeMatrixStuffing -> ECOS
(CVXPY) Aug 12 06:42:41 AM: Applying reduction Dcp2Cone
(CVXPY) Aug 12 06:42:41 AM: Applying reduction CvxAttr2Constr
(CVXPY) Aug 12 06:42:41 AM: Applying reduction ConeMatrixStuffing
(CVXPY) Aug 12 06:42:41 AM: Applying reduction ECOS
(CVXPY) Aug 12 06:42:41 AM: Finished problem compilation (took 1.508e-01 seconds).
-------------------------------------------------------------------------------
                                Numerical solver                               
-------------------------------------------------------------------------------
(CVXPY) Aug 12 06:42:41 AM: Invoking solver ECOS  to obtain a solution.
-------------------------------------------------------------------------------
                                    Summary                                    
-------------------------------------------------------------------------------
(CVXPY) Aug 12 06:42:41 AM: Problem status: optimal
(CVXPY) Aug 12 06:42:41 AM: Optimal value: 4.000e+00
(CVXPY) Aug 12 06:42:41 AM: Compilation took 1.508e-01 seconds
(CVXPY) Aug 12 06:42:41 AM: Solver (including time spent in interface) took 2.093e-02 seconds

The optimal value is 4.000000000096948
A solution x is
[ 2.67041319e-14  3.86891958e-14  2.94597882e-14 ... -1.01344830e-14
  8.04147670e-14  8.47343673e-14]
917 0.9999999999825847
1106 0.9999999999825847
1684 0.9999999999825846
2160 0.9999999999825846

ECOS 2.0.10 - (C) embotech GmbH, Zurich Switzerland, 2012-15. Web: www.embotech.com/ECOS

It     pcost       dcost      gap   pres   dres    k/t    mu     step   sigma     IR    |   BT
 0  +2.066e+02  -3.892e+03  +2e+04  6e-01  3e+00  1e+00  4e+00    ---    ---    1  1  - |  -  - 
 1  -2.329e+01  -5.170e+02  +5e+03  8e-02  4e-01  2e+00  1e+00  0.9890  2e-01   1  1  1 |  0  0
 2  +7.008e+00  -1.805e+01  +3e+02  4e-03  2e-02  2e-01  6e-02  0.9437  7e-03   1  1  1 |  0  0
 3  +5.961e+00  -7.570e+00  +2e+02  2e-03  1e-02  8e-02  3e-02  0.4982  1e-01   1  1  0 |  0  0
 4  +4.449e+00  +6.547e-01  +5e+01  6e-04  3e-03  3e-03  1e-02  0.9890  3e-01   0  0  0 |  0  0
 5  +4.006e+00  +3.952e+00  +7e-01  9e-06  4e-05  4e-05  1e-04  0.9858  3e-04   0  0  0 |  0  0
 6  +4.000e+00  +3.999e+00  +7e-03  1e-07  5e-07  5e-07  2e-06  0.9890  1e-04   1  0  0 |  0  0
 7  +4.000e+00  +4.000e+00  +8e-05  1e-09  5e-09  5e-09  2e-08  0.9890  1e-04   1  0  1 |  0  0
 8  +4.000e+00  +4.000e+00  +9e-07  1e-11  6e-11  6e-11  2e-10  0.9890  1e-04   1  1  1 |  0  0
 9  +4.000e+00  +4.000e+00  +1e-08  1e-13  7e-13  6e-13  2e-12  0.9890  1e-04   1  0  0 |  0  0

OPTIMAL (within feastol=6.5e-13, reltol=2.5e-09, abstol=1.0e-08).
Runtime: 0.020704 seconds.

