../../datafiles/Constraints/3DKDconstraints.npy
half_part
(49, 2373)
===============================================================================
                                     CVXPY                                     
                                    v1.1.20                                    
===============================================================================
(CVXPY) Aug 12 06:42:43 AM: Your problem has 2373 variables, 3 constraints, and 0 parameters.
(CVXPY) Aug 12 06:42:43 AM: It is compliant with the following grammars: DCP, DQCP
(CVXPY) Aug 12 06:42:43 AM: (If you need to solve this problem multiple times, but with different data, consider using parameters.)
(CVXPY) Aug 12 06:42:43 AM: CVXPY will first compile your problem; then, it will invoke a numerical solver to obtain a solution.
-------------------------------------------------------------------------------
                                  Compilation                                  
-------------------------------------------------------------------------------
(CVXPY) Aug 12 06:42:43 AM: Compiling problem (target solver=GLPK_MI).
(CVXPY) Aug 12 06:42:43 AM: Reduction chain: Dcp2Cone -> CvxAttr2Constr -> ConeMatrixStuffing -> GLPK_MI
(CVXPY) Aug 12 06:42:43 AM: Applying reduction Dcp2Cone
(CVXPY) Aug 12 06:42:43 AM: Applying reduction CvxAttr2Constr
(CVXPY) Aug 12 06:42:43 AM: Applying reduction ConeMatrixStuffing
(CVXPY) Aug 12 06:42:43 AM: Applying reduction GLPK_MI
(CVXPY) Aug 12 06:42:43 AM: Finished problem compilation (took 1.461e-01 seconds).
-------------------------------------------------------------------------------
                                Numerical solver                               
-------------------------------------------------------------------------------
(CVXPY) Aug 12 06:42:43 AM: Invoking solver GLPK_MI  to obtain a solution.
*     0: obj =   9.800000000e+01 inf =   0.000e+00 (2324)
*    94: obj =   1.200000000e+01 inf =   1.537e-14 (0)
+    94: mip =     not found yet >=              -inf        (1; 0)
+   205: >>>>>   1.200000000e+01 >=   1.200000000e+01 < 0.1% (10; 0)
+   205: mip =   1.200000000e+01 >=     tree is empty   0.0% (0; 19)
-------------------------------------------------------------------------------
                                    Summary                                    
-------------------------------------------------------------------------------
(CVXPY) Aug 12 06:42:43 AM: Problem status: optimal
(CVXPY) Aug 12 06:42:43 AM: Optimal value: 1.200e+01
(CVXPY) Aug 12 06:42:43 AM: Compilation took 1.461e-01 seconds
(CVXPY) Aug 12 06:42:43 AM: Solver (including time spent in interface) took 1.667e-01 seconds

The optimal value is 6.0
A solution x is
[0. 0. 0. ... 0. 0. 0.]
80 1.0
350 1.0
351 1.0
371 1.0
603 1.0
669 1.0
1024 1.0
1132 1.0
1459 1.0
1502 1.0
1597 1.0
2318 1.0
