../../datafiles/Constraints/DKDKDconstraints.npy
frac_cover
(343, 64)
===============================================================================
                                     CVXPY                                     
                                    v1.1.20                                    
===============================================================================
(CVXPY) Sep 20 08:58:58 AM: Your problem has 64 variables, 2 constraints, and 0 parameters.
(CVXPY) Sep 20 08:58:58 AM: It is compliant with the following grammars: DCP, DQCP
(CVXPY) Sep 20 08:58:58 AM: (If you need to solve this problem multiple times, but with different data, consider using parameters.)
(CVXPY) Sep 20 08:58:58 AM: CVXPY will first compile your problem; then, it will invoke a numerical solver to obtain a solution.
-------------------------------------------------------------------------------
                                  Compilation                                  
-------------------------------------------------------------------------------
(CVXPY) Sep 20 08:58:58 AM: Compiling problem (target solver=ECOS).
(CVXPY) Sep 20 08:58:58 AM: Reduction chain: Dcp2Cone -> CvxAttr2Constr -> ConeMatrixStuffing -> ECOS
(CVXPY) Sep 20 08:58:58 AM: Applying reduction Dcp2Cone
(CVXPY) Sep 20 08:58:58 AM: Applying reduction CvxAttr2Constr
(CVXPY) Sep 20 08:58:58 AM: Applying reduction ConeMatrixStuffing
(CVXPY) Sep 20 08:58:58 AM: Applying reduction ECOS
(CVXPY) Sep 20 08:58:58 AM: Finished problem compilation (took 8.939e-03 seconds).
-------------------------------------------------------------------------------
                                Numerical solver                               
-------------------------------------------------------------------------------
(CVXPY) Sep 20 08:58:58 AM: Invoking solver ECOS  to obtain a solution.
-------------------------------------------------------------------------------
                                    Summary                                    
-------------------------------------------------------------------------------
(CVXPY) Sep 20 08:58:58 AM: Problem status: optimal
(CVXPY) Sep 20 08:58:58 AM: Optimal value: 6.400e+01
(CVXPY) Sep 20 08:58:58 AM: Compilation took 8.939e-03 seconds
(CVXPY) Sep 20 08:58:58 AM: Solver (including time spent in interface) took 2.860e-03 seconds
DUAL
[1.37695220e-12 1.42595787e-12 1.37695220e-12 2.75344453e-11
 1.37695220e-12 1.37695220e-12 1.37693963e-12 1.37693963e-12
 1.37693963e-12 2.75344453e-11 1.42595787e-12 1.37693963e-12
 5.00496141e-12 5.00496141e-12 5.00496141e-12 5.00488581e-12
 1.37693963e-12 1.37693963e-12 1.37695220e-12 1.37693963e-12
 1.42595787e-12 5.00488581e-12 1.91678325e-12 1.42595787e-12
 1.42595787e-12 1.37695220e-12 1.37693963e-12 1.37695220e-12
 2.75344453e-11 5.00496141e-12 1.37695220e-12 5.00488581e-12
 1.42595787e-12 5.00496141e-12 1.42595787e-12 1.42595787e-12
 1.37695220e-12 1.37695220e-12 1.37693963e-12 5.00496141e-12
 1.37693963e-12 5.00496141e-12 1.37693963e-12 1.37695220e-12
 5.00496141e-12 1.37693963e-12 5.00496141e-12 1.42595787e-12
 1.37693963e-12 5.00496141e-12 5.00496141e-12 2.75344453e-11
 1.37695220e-12 5.00488581e-12 5.00496141e-12 1.37693963e-12
 1.91678325e-12 1.37695220e-12 5.00496141e-12 1.37695220e-12
 5.00496141e-12 1.37695220e-12 1.91678325e-12 1.42595787e-12
 1.37695220e-12 2.75344453e-11 1.37695220e-12 5.00496141e-12
 1.37693963e-12 8.92031378e-03 1.42595787e-12 2.75344453e-11
 1.37695220e-12 1.42595787e-12 1.37695220e-12 1.37693963e-12
 1.42595787e-12 1.91678325e-12 5.00496141e-12 1.42595787e-12
 1.37695220e-12 5.00496141e-12 5.00496141e-12 2.75344453e-11
 1.42598314e-12 1.37693963e-12 2.75344453e-11 5.00496141e-12
 5.00496141e-12 2.75344453e-11 1.37695220e-12 5.00496141e-12
 1.37695220e-12 1.42595787e-12 5.00496141e-12 5.00488581e-12
 1.37695220e-12 2.75344453e-11 1.37695220e-12 5.00496141e-12
 1.37695220e-12 1.37693963e-12 1.37693963e-12 1.37695220e-12
 5.00496141e-12 5.00496141e-12 5.00496141e-12 1.37693963e-12
 5.00496141e-12 1.42595787e-12 2.75344453e-11 1.37693963e-12
 5.00496141e-12 2.75344453e-11 5.00488581e-12 5.00496141e-12
 1.37693963e-12 5.00496141e-12 1.42595787e-12 1.37695220e-12
 5.00496141e-12 1.37693963e-12 2.75344453e-11 5.00488581e-12
 1.37693963e-12 5.00496141e-12 5.00496141e-12 1.91678325e-12
 1.42598314e-12 1.37693963e-12 5.00496141e-12 2.75344453e-11
 1.91678325e-12 5.00496141e-12 5.00496141e-12 2.75344453e-11
 1.37695220e-12 1.37693963e-12 1.37693963e-12 2.75344453e-11
 2.75344453e-11 5.00496141e-12 5.00496141e-12 1.37695220e-12
 1.37695220e-12 1.42595787e-12 2.75344453e-11 1.37695220e-12
 5.00496141e-12 1.42595787e-12 1.37695220e-12 5.00496141e-12
 1.42595787e-12 1.37693963e-12 5.00496141e-12 2.75344453e-11
 5.00496141e-12 1.91678325e-12 1.37693963e-12 1.37695220e-12
 1.42595787e-12 8.92031378e-03 1.37695220e-12 1.42595787e-12
 1.37695220e-12 5.00496141e-12 8.92031378e-03 1.42595787e-12
 2.75344453e-11 1.37693963e-12 5.00496141e-12 5.00496141e-12
 1.37693963e-12 5.00496141e-12 1.42595787e-12 1.37695220e-12
 5.00496141e-12 1.42595787e-12 1.37693963e-12 1.37693963e-12
 1.37695220e-12 5.00496141e-12 1.37695220e-12 1.37693963e-12
 2.75344453e-11 5.00496141e-12 1.42595787e-12 1.37695220e-12
 1.37695220e-12 1.37695220e-12 5.00496141e-12 2.75344453e-11
 1.37695220e-12 5.00488581e-12 5.00496141e-12 1.42595787e-12
 1.37695220e-12 1.37693963e-12 1.37693963e-12 1.37693963e-12
 2.75344453e-11 5.00496141e-12 1.42595787e-12 1.42595787e-12
 5.00496141e-12 5.00496141e-12 5.00496141e-12 1.42595787e-12
 5.00488581e-12 2.75344453e-11 1.42595787e-12 1.37695220e-12
 2.75344453e-11 8.92031378e-03 1.42595787e-12 2.75344453e-11
 5.00496141e-12 1.42598314e-12 1.42595787e-12 1.42598314e-12
 8.92031378e-03 2.75344453e-11 1.37695220e-12 5.00496141e-12
 5.00496141e-12 1.37695220e-12 1.37695220e-12 1.42595787e-12
 1.42595787e-12 5.00496141e-12 5.00496141e-12 1.42595787e-12
 5.00496141e-12 2.75344453e-11 2.75344453e-11 1.42595787e-12
 1.37693963e-12 1.42595787e-12 5.00496141e-12 1.37693963e-12
 5.00488581e-12 1.91678325e-12 5.00496141e-12 5.00488581e-12
 5.00496141e-12 2.75344453e-11 2.75344453e-11 2.75344453e-11
 5.00496141e-12 5.00496141e-12 5.00496141e-12 1.37693963e-12
 5.00496141e-12 1.37695220e-12 1.42595787e-12 1.37695220e-12
 1.37695220e-12 1.42595787e-12 1.37695220e-12 2.75344453e-11
 5.00496141e-12 1.37693963e-12 1.37693963e-12 5.00496141e-12
 1.91678325e-12 1.42595787e-12 5.00496141e-12 5.00496141e-12
 1.42595787e-12 1.37695220e-12 5.00496141e-12 1.37695220e-12
 5.00496141e-12 5.00496141e-12 1.42598314e-12 5.00496141e-12
 2.75344453e-11 1.37695220e-12 2.75344453e-11 1.37695220e-12
 8.92031378e-03 2.75344453e-11 5.00496141e-12 1.37693963e-12
 1.37695220e-12 5.00496141e-12 1.37693963e-12 2.75344453e-11
 1.42595787e-12 5.00496141e-12 1.42595787e-12 5.00488581e-12
 5.00496141e-12 5.00496141e-12 5.00496141e-12 5.00496141e-12
 2.27931861e-12 1.91678325e-12 2.75344453e-11 5.00496141e-12
 1.42595787e-12 1.37695220e-12 5.00496141e-12 5.00496141e-12
 1.37693963e-12 8.92031378e-03 1.42598314e-12 1.37693963e-12
 8.92031378e-03 1.37693963e-12 5.00496141e-12 2.75344453e-11
 5.00496141e-12 1.37695220e-12 2.75344453e-11 1.42595787e-12
 1.91678325e-12 5.00496141e-12 2.75344453e-11 1.42595787e-12
 2.75344453e-11 2.75344453e-11 2.75344453e-11 1.37695220e-12
 5.00496141e-12 5.00496141e-12 1.37695220e-12 5.00496141e-12
 1.37695220e-12 5.00496141e-12 1.91678325e-12 1.42595787e-12
 1.37695220e-12 1.37695220e-12 2.75344453e-11 5.00496141e-12
 1.37695220e-12 2.75344453e-11 5.00496141e-12 1.37693963e-12
 5.00496141e-12 2.75344453e-11 2.75344453e-11]
DUAL OVER

The optimal value is 64.00000000000165
A solution x is
[1. 1. 1. 1. 1. 1. 1. 1. 1. 1. 1. 1. 1. 1. 1. 1. 1. 1. 1. 1. 1. 1. 1. 1.
 1. 1. 1. 1. 1. 1. 1. 1. 1. 1. 1. 1. 1. 1. 1. 1. 1. 1. 1. 1. 1. 1. 1. 1.
 1. 1. 1. 1. 1. 1. 1. 1. 1. 1. 1. 1. 1. 1. 1. 1.]
0 1.0000000000003935
1 0.9999999999999718
2 0.9999999999999741
3 0.9999999999999754
4 0.9999999999999741
5 0.9999999999999718
6 0.9999999999999741
7 0.9999999999999718
8 0.9999999999999718
9 1.0000000000003935
10 0.9999999999999718
11 0.9999999999999741
12 0.9999999999999718
13 0.9999999999999741
14 0.9999999999999754
15 0.9999999999999741
16 0.9999999999999718
17 0.9999999999999741
18 0.9999999999999718
19 0.9999999999999741
20 0.9999999999999754
21 1.0000000000003935
22 0.9999999999999718
23 0.9999999999999741
24 0.9999999999999741
25 0.9999999999999718
26 1.0000000000003935
27 0.9999999999999718
28 0.9999999999999741
29 0.9999999999999718
30 0.9999999999999741
31 0.9999999999999754
32 0.9999999999999718
33 0.9999999999999741
34 0.9999999999999754
35 0.9999999999999741
36 0.9999999999999718
37 0.9999999999999741
38 0.9999999999999718
39 1.0000000000003935
40 0.9999999999999741
41 0.9999999999999718
42 0.9999999999999741
43 0.9999999999999718
44 1.0000000000003935
45 0.9999999999999754
46 0.9999999999999741
47 0.9999999999999718
48 0.9999999999999741
49 0.9999999999999754
50 0.9999999999999741
51 0.9999999999999718
52 0.9999999999999741
53 0.9999999999999718
54 1.0000000000003935
55 0.9999999999999718
56 0.9999999999999754
57 0.9999999999999741
58 0.9999999999999718
59 1.0000000000003935
60 0.9999999999999718
61 0.9999999999999741
62 0.9999999999999718
63 0.9999999999999741

ECOS 2.0.10 - (C) embotech GmbH, Zurich Switzerland, 2012-15. Web: www.embotech.com/ECOS

It     pcost       dcost      gap   pres   dres    k/t    mu     step   sigma     IR    |   BT
 0  +6.400e+01  +6.743e+01  +3e+01  8e-02  2e-01  1e+00  8e-02    ---    ---    2  1  - |  -  - 
 1  +6.400e+01  +6.406e+01  +5e-01  1e-03  3e-03  2e-02  2e-03  0.9823  1e-03   1  1  1 |  0  0
 2  +6.400e+01  +6.400e+01  +6e-03  1e-05  4e-05  2e-04  2e-05  0.9890  1e-04   2  0  0 |  0  0
 3  +6.400e+01  +6.400e+01  +6e-05  2e-07  4e-07  2e-06  2e-07  0.9890  1e-04   1  0  0 |  0  0
 4  +6.400e+01  +6.400e+01  +7e-07  2e-09  5e-09  2e-08  2e-09  0.9890  1e-04   2  0  0 |  0  0
 5  +6.400e+01  +6.400e+01  +8e-09  2e-11  5e-11  3e-10  2e-11  0.9890  1e-04   1  0  0 |  0  0

OPTIMAL (within feastol=5.2e-11, reltol=1.2e-10, abstol=7.8e-09).
Runtime: 0.002787 seconds.

