../../datafiles/Constraints/DKDconstraints.npy
frac_cover
(49, 16)
===============================================================================
                                     CVXPY                                     
                                    v1.1.20                                    
===============================================================================
(CVXPY) Sep 20 08:58:57 AM: Your problem has 16 variables, 2 constraints, and 0 parameters.
(CVXPY) Sep 20 08:58:57 AM: It is compliant with the following grammars: DCP, DQCP
(CVXPY) Sep 20 08:58:57 AM: (If you need to solve this problem multiple times, but with different data, consider using parameters.)
(CVXPY) Sep 20 08:58:57 AM: CVXPY will first compile your problem; then, it will invoke a numerical solver to obtain a solution.
-------------------------------------------------------------------------------
                                  Compilation                                  
-------------------------------------------------------------------------------
(CVXPY) Sep 20 08:58:57 AM: Compiling problem (target solver=ECOS).
(CVXPY) Sep 20 08:58:57 AM: Reduction chain: Dcp2Cone -> CvxAttr2Constr -> ConeMatrixStuffing -> ECOS
(CVXPY) Sep 20 08:58:57 AM: Applying reduction Dcp2Cone
(CVXPY) Sep 20 08:58:57 AM: Applying reduction CvxAttr2Constr
(CVXPY) Sep 20 08:58:57 AM: Applying reduction ConeMatrixStuffing
(CVXPY) Sep 20 08:58:57 AM: Applying reduction ECOS
(CVXPY) Sep 20 08:58:57 AM: Finished problem compilation (took 7.581e-03 seconds).
-------------------------------------------------------------------------------
                                Numerical solver                               
-------------------------------------------------------------------------------
(CVXPY) Sep 20 08:58:57 AM: Invoking solver ECOS  to obtain a solution.
-------------------------------------------------------------------------------
                                    Summary                                    
-------------------------------------------------------------------------------
(CVXPY) Sep 20 08:58:57 AM: Problem status: optimal
(CVXPY) Sep 20 08:58:57 AM: Optimal value: 1.600e+01
(CVXPY) Sep 20 08:58:57 AM: Compilation took 7.581e-03 seconds
(CVXPY) Sep 20 08:58:57 AM: Solver (including time spent in interface) took 9.165e-04 seconds
DUAL
[2.33433742e-09 1.19410101e-10 2.33433742e-09 2.33433742e-09
 3.98130508e-10 2.33433742e-09 3.98130508e-10 3.98130508e-10
 3.98130508e-10 2.33433742e-09 1.19410101e-10 3.98130019e-10
 3.98130508e-10 2.33433742e-09 8.55168004e-03 3.98130508e-10
 3.98130508e-10 1.45986412e-10 3.98130019e-10 2.33433742e-09
 1.19410101e-10 2.33433742e-09 2.33433742e-09 3.98130508e-10
 3.98130508e-10 3.98130019e-10 1.19410101e-10 3.98130019e-10
 1.19410101e-10 2.33433742e-09 3.98130508e-10 3.98130508e-10
 2.33433742e-09 1.19410101e-10 3.98130508e-10 2.33433742e-09
 8.55168004e-03 8.55168004e-03 2.33433742e-09 2.33433742e-09
 2.33433742e-09 3.98130508e-10 3.98130508e-10 3.98130508e-10
 8.55168004e-03 3.98130508e-10 2.33433742e-09 1.19410101e-10
 1.19410101e-10]
DUAL OVER

The optimal value is 15.999999999998604
A solution x is
[1. 1. 1. 1. 1. 1. 1. 1. 1. 1. 1. 1. 1. 1. 1. 1.]
0 1.000000000000051
1 0.999999999999838
2 0.999999999999924
3 0.999999999999838
4 0.999999999999838
5 1.000000000000051
6 0.999999999999838
7 0.999999999999924
8 0.999999999999838
9 0.999999999999924
10 0.999999999999838
11 1.000000000000051
12 0.999999999999924
13 0.999999999999838
14 1.000000000000051
15 0.999999999999838

ECOS 2.0.10 - (C) embotech GmbH, Zurich Switzerland, 2012-15. Web: www.embotech.com/ECOS

It     pcost       dcost      gap   pres   dres    k/t    mu     step   sigma     IR    |   BT
 0  +1.600e+01  +1.649e+01  +2e+00  2e-01  6e-02  1e+00  6e-02    ---    ---    2  1  - |  -  - 
 1  +1.600e+01  +1.601e+01  +7e-02  5e-03  2e-03  2e-02  2e-03  0.9672  2e-03   1  0  0 |  0  0
 2  +1.600e+01  +1.600e+01  +8e-04  5e-05  2e-05  2e-04  2e-05  0.9890  1e-04   1  0  0 |  0  0
 3  +1.600e+01  +1.600e+01  +9e-06  6e-07  2e-07  3e-06  3e-07  0.9890  1e-04   1  0  0 |  0  0
 4  +1.600e+01  +1.600e+01  +1e-07  6e-09  2e-09  3e-08  3e-09  0.9890  1e-04   1  0  0 |  0  0

OPTIMAL (within feastol=6.2e-09, reltol=6.2e-09, abstol=1.0e-07).
Runtime: 0.000825 seconds.

