../../datafiles/Constraints/4DKDconstraints.npy
frac_cover
(100, 7089)
===============================================================================
                                     CVXPY                                     
                                    v1.1.20                                    
===============================================================================
(CVXPY) Aug 12 06:42:42 AM: Your problem has 7089 variables, 3 constraints, and 0 parameters.
(CVXPY) Aug 12 06:42:42 AM: It is compliant with the following grammars: DCP, DQCP
(CVXPY) Aug 12 06:42:42 AM: (If you need to solve this problem multiple times, but with different data, consider using parameters.)
(CVXPY) Aug 12 06:42:42 AM: CVXPY will first compile your problem; then, it will invoke a numerical solver to obtain a solution.
-------------------------------------------------------------------------------
                                  Compilation                                  
-------------------------------------------------------------------------------
(CVXPY) Aug 12 06:42:42 AM: Compiling problem (target solver=ECOS).
(CVXPY) Aug 12 06:42:42 AM: Reduction chain: Dcp2Cone -> CvxAttr2Constr -> ConeMatrixStuffing -> ECOS
(CVXPY) Aug 12 06:42:42 AM: Applying reduction Dcp2Cone
(CVXPY) Aug 12 06:42:42 AM: Applying reduction CvxAttr2Constr
(CVXPY) Aug 12 06:42:42 AM: Applying reduction ConeMatrixStuffing
(CVXPY) Aug 12 06:42:44 AM: Applying reduction ECOS
(CVXPY) Aug 12 06:42:44 AM: Finished problem compilation (took 1.844e+00 seconds).
-------------------------------------------------------------------------------
                                Numerical solver                               
-------------------------------------------------------------------------------
(CVXPY) Aug 12 06:42:44 AM: Invoking solver ECOS  to obtain a solution.
-------------------------------------------------------------------------------
                                    Summary                                    
-------------------------------------------------------------------------------
(CVXPY) Aug 12 06:42:44 AM: Problem status: optimal
(CVXPY) Aug 12 06:42:44 AM: Optimal value: 9.000e+00
(CVXPY) Aug 12 06:42:44 AM: Compilation took 1.844e+00 seconds
(CVXPY) Aug 12 06:42:44 AM: Solver (including time spent in interface) took 1.215e-01 seconds

The optimal value is 9.000000000028168
A solution x is
[ 7.54948855e-15  6.14199630e-15  3.82774124e-15 ... -1.33975936e-15
  1.20683607e-14  2.24459385e-15]
307 0.9999999999966894
2513 0.9999999999963043
3309 0.9999999999963043
5159 0.9999999999963041
5696 0.9999999999951075
5727 0.9999999999966894
5928 0.9999999999966894
6640 0.9999999999963041
7026 0.9999999999966893

ECOS 2.0.10 - (C) embotech GmbH, Zurich Switzerland, 2012-15. Web: www.embotech.com/ECOS

It     pcost       dcost      gap   pres   dres    k/t    mu     step   sigma     IR    |   BT
 0  +5.333e+02  -1.171e+04  +6e+04  6e-01  3e+00  1e+00  4e+00    ---    ---    1  1  - |  -  - 
 1  -7.034e+01  -1.549e+03  +1e+04  8e-02  4e-01  2e+00  1e+00  0.9890  2e-01   1  1  1 |  0  0
 2  +1.489e+01  -6.058e+01  +9e+02  4e-03  2e-02  2e-01  6e-02  0.9435  7e-03   1  1  1 |  0  0
 3  +1.332e+01  -2.498e+01  +5e+02  2e-03  1e-02  7e-02  3e-02  0.5226  1e-01   1  0  0 |  0  0
 4  +1.238e+01  -1.636e+01  +4e+02  2e-03  8e-03  3e-02  2e-02  0.5806  6e-01   1  0  0 |  0  0
 5  +1.056e+01  -4.304e+00  +2e+02  8e-04  4e-03  3e-03  1e-02  0.9890  5e-01   1  1  0 |  0  0
 6  +9.166e+00  +7.628e+00  +2e+01  8e-05  4e-04  3e-04  1e-03  0.9015  7e-03   1  0  0 |  0  0
 7  +9.002e+00  +8.985e+00  +2e-01  9e-07  5e-06  3e-06  1e-05  0.9890  1e-04   1  0  0 |  0  0
 8  +9.000e+00  +9.000e+00  +2e-03  1e-08  5e-08  4e-08  2e-07  0.9890  1e-04   1  0  0 |  0  0
 9  +9.000e+00  +9.000e+00  +3e-05  1e-10  6e-10  4e-10  2e-09  0.9890  1e-04   1  1  0 |  0  0
10  +9.000e+00  +9.000e+00  +3e-07  1e-12  6e-12  4e-12  2e-11  0.9890  1e-04   1  0  0 |  0  0
11  +9.000e+00  +9.000e+00  +3e-09  1e-14  7e-14  5e-14  2e-13  0.9890  1e-04   1  0  0 |  0  0

OPTIMAL (within feastol=6.9e-14, reltol=3.5e-10, abstol=3.2e-09).
Runtime: 0.120339 seconds.

