../../datafiles/Constraints/DKDconstraints.npy
cont_cover
(49, 16)
===============================================================================
                                     CVXPY                                     
                                    v1.1.20                                    
===============================================================================
(CVXPY) Sep 21 10:27:07 AM: Your problem has 49 variables, 3 constraints, and 0 parameters.
(CVXPY) Sep 21 10:27:07 AM: It is compliant with the following grammars: DCP, DQCP
(CVXPY) Sep 21 10:27:07 AM: (If you need to solve this problem multiple times, but with different data, consider using parameters.)
(CVXPY) Sep 21 10:27:07 AM: CVXPY will first compile your problem; then, it will invoke a numerical solver to obtain a solution.
-------------------------------------------------------------------------------
                                  Compilation                                  
-------------------------------------------------------------------------------
(CVXPY) Sep 21 10:27:07 AM: Compiling problem (target solver=ECOS).
(CVXPY) Sep 21 10:27:07 AM: Reduction chain: FlipObjective -> Dcp2Cone -> CvxAttr2Constr -> ConeMatrixStuffing -> ECOS
(CVXPY) Sep 21 10:27:07 AM: Applying reduction FlipObjective
(CVXPY) Sep 21 10:27:07 AM: Applying reduction Dcp2Cone
(CVXPY) Sep 21 10:27:07 AM: Applying reduction CvxAttr2Constr
(CVXPY) Sep 21 10:27:07 AM: Applying reduction ConeMatrixStuffing
(CVXPY) Sep 21 10:27:07 AM: Applying reduction ECOS
(CVXPY) Sep 21 10:27:07 AM: Finished problem compilation (took 7.993e-03 seconds).
-------------------------------------------------------------------------------
                                Numerical solver                               
-------------------------------------------------------------------------------
(CVXPY) Sep 21 10:27:07 AM: Invoking solver ECOS  to obtain a solution.
-------------------------------------------------------------------------------
                                    Summary                                    
-------------------------------------------------------------------------------
(CVXPY) Sep 21 10:27:07 AM: Problem status: optimal
(CVXPY) Sep 21 10:27:07 AM: Optimal value: 1.000e+00
(CVXPY) Sep 21 10:27:07 AM: Compilation took 7.993e-03 seconds
(CVXPY) Sep 21 10:27:07 AM: Solver (including time spent in interface) took 9.615e-04 seconds

The optimal value is 0.9999999999998958
A solution y is
[0.01339529 0.03016245 0.01339529 0.01339529 0.01631306 0.01339529
 0.01631306 0.01631306 0.01631306 0.01339529 0.03016245 0.02045196
 0.01631306 0.01339529 0.0123015  0.01631306 0.01631306 0.15235293
 0.02045196 0.01339529 0.03016245 0.01339529 0.01339529 0.01631306
 0.01631306 0.02045196 0.03016245 0.02045196 0.03016245 0.01339529
 0.01631306 0.01631306 0.01339529 0.03016245 0.01631306 0.01339529
 0.0123015  0.0123015  0.01339529 0.01339529 0.01339529 0.01631306
 0.01631306 0.01631306 0.0123015  0.01631306 0.01339529 0.03016245
 0.03016245]
0 0.013395294281150527
1 0.030162451851569003
2 0.013395294639938047
3 0.013395294341268314
4 0.01631305720372682
5 0.013395294480092164
6 0.016313057504353835
7 0.016313056871976966
8 0.016313056713137295
9 0.01339529466527237
10 0.030162452472772855
11 0.02045195715220536
12 0.016313057022142034
13 0.013395294143018386
14 0.01230150059921415
15 0.01631305679130797
16 0.016313056998961416
17 0.15235292810023243
18 0.020451957183995572
19 0.013395294555544116
20 0.03016245223139186
21 0.013395294160749053
22 0.01339529468097386
23 0.016313056729211028
24 0.016313056805948016
25 0.020451957265557697
26 0.030162452348471553
27 0.020451957736097547
28 0.03016245223660302
29 0.01339529407730036
30 0.016313056521050133
31 0.016313056852352213
32 0.013395294483020698
33 0.030162452297920493
34 0.016313056713584878
35 0.013395294640318318
36 0.01230150064305076
37 0.012301500891892532
38 0.013395294344266713
39 0.013395294653867403
40 0.01339529467064598
41 0.01631305682494495
42 0.016313057219335937
43 0.01631305733044486
44 0.012301500491338397
45 0.016313056863961662
46 0.013395294497907585
47 0.030162452655879513
48 0.030162451559929086
DUAL
[2.65371534e-11 1.89267091e-11 1.29256652e-11 1.89267090e-11
 1.89267095e-11 2.65371535e-11 1.89267078e-11 1.29256660e-11
 1.89267090e-11 1.29256653e-11 1.89267075e-11 2.65371529e-11
 1.29256667e-11 1.89267084e-11 2.65371516e-11 1.89267096e-11]
DUAL OVER

ECOS 2.0.10 - (C) embotech GmbH, Zurich Switzerland, 2012-15. Web: www.embotech.com/ECOS

It     pcost       dcost      gap   pres   dres    k/t    mu     step   sigma     IR    |   BT
 0  -1.000e+00  -1.700e+01  +7e+01  6e-01  2e+00  1e+00  1e+00    ---    ---    1  1  - |  -  - 
 1  -1.000e+00  -2.509e+00  +2e+01  8e-02  1e-01  4e-03  3e-01  0.8525  1e-01   1  0  0 |  0  0
 2  -1.000e+00  -1.266e+00  +4e+00  1e-02  3e-02  1e-03  6e-02  0.7840  2e-02   0  0  0 |  0  0
 3  -1.000e+00  -1.022e+00  +5e-01  6e-04  3e-03  6e-04  8e-03  0.9804  1e-01   0  0  0 |  0  0
 4  -1.000e+00  -1.000e+00  +6e-03  6e-06  3e-05  6e-06  9e-05  0.9890  1e-04   1  0  0 |  0  0
 5  -1.000e+00  -1.000e+00  +7e-05  7e-08  3e-07  7e-08  1e-06  0.9890  1e-04   1  0  0 |  0  0
 6  -1.000e+00  -1.000e+00  +7e-07  7e-10  4e-09  8e-10  1e-08  0.9890  1e-04   1  0  0 |  0  0
 7  -1.000e+00  -1.000e+00  +8e-09  8e-12  4e-11  8e-12  1e-10  0.9890  1e-04   1  0  0 |  0  0

OPTIMAL (within feastol=4.3e-11, reltol=8.1e-09, abstol=8.1e-09).
Runtime: 0.000903 seconds.

