../../datafiles/Constraints/DKDKDconstraints.npy
cont_part
(343, 64)
===============================================================================
                                     CVXPY                                     
                                    v1.1.20                                    
===============================================================================
(CVXPY) Sep 21 10:27:08 AM: Your problem has 343 variables, 2 constraints, and 0 parameters.
(CVXPY) Sep 21 10:27:08 AM: It is compliant with the following grammars: DCP, DQCP
(CVXPY) Sep 21 10:27:08 AM: (If you need to solve this problem multiple times, but with different data, consider using parameters.)
(CVXPY) Sep 21 10:27:08 AM: CVXPY will first compile your problem; then, it will invoke a numerical solver to obtain a solution.
-------------------------------------------------------------------------------
                                  Compilation                                  
-------------------------------------------------------------------------------
(CVXPY) Sep 21 10:27:08 AM: Compiling problem (target solver=ECOS).
(CVXPY) Sep 21 10:27:08 AM: Reduction chain: FlipObjective -> Dcp2Cone -> CvxAttr2Constr -> ConeMatrixStuffing -> ECOS
(CVXPY) Sep 21 10:27:08 AM: Applying reduction FlipObjective
(CVXPY) Sep 21 10:27:08 AM: Applying reduction Dcp2Cone
(CVXPY) Sep 21 10:27:08 AM: Applying reduction CvxAttr2Constr
(CVXPY) Sep 21 10:27:08 AM: Applying reduction ConeMatrixStuffing
(CVXPY) Sep 21 10:27:08 AM: Applying reduction ECOS
(CVXPY) Sep 21 10:27:08 AM: Finished problem compilation (took 8.462e-03 seconds).
-------------------------------------------------------------------------------
                                Numerical solver                               
-------------------------------------------------------------------------------
(CVXPY) Sep 21 10:27:08 AM: Invoking solver ECOS  to obtain a solution.
-------------------------------------------------------------------------------
                                    Summary                                    
-------------------------------------------------------------------------------
(CVXPY) Sep 21 10:27:08 AM: Problem status: optimal
(CVXPY) Sep 21 10:27:08 AM: Optimal value: 1.000e+00
(CVXPY) Sep 21 10:27:08 AM: Compilation took 8.462e-03 seconds
(CVXPY) Sep 21 10:27:08 AM: Solver (including time spent in interface) took 3.920e-03 seconds

The optimal value is 1.000000000000001
A solution y is
[ 8.45519732e-03  2.28521693e-03  8.45521720e-03  3.65629516e-03
  8.45519453e-03  8.45520411e-03 -1.82814717e-03 -1.82814456e-03
 -1.82813341e-03  3.65629460e-03  2.28523946e-03 -1.82815110e-03
  6.39852396e-03  6.39852693e-03  6.39852310e-03 -7.31259693e-03
 -1.82815311e-03 -1.82816615e-03  8.45520120e-03 -1.82814917e-03
  2.28524607e-03 -7.31259954e-03 -1.00548245e-02  2.28523983e-03
  2.28523080e-03  8.45521737e-03 -1.82814132e-03  8.45518260e-03
  3.65629176e-03  6.39851903e-03  8.45520765e-03 -7.31259498e-03
  2.28522902e-03  6.39852668e-03  2.28520254e-03  2.28520006e-03
  8.45519127e-03  8.45519326e-03 -1.82814192e-03  6.39852653e-03
 -1.82814831e-03  6.39852148e-03 -1.82815285e-03  8.45520999e-03
  6.39852381e-03 -1.82814816e-03  6.39851838e-03  2.28522415e-03
 -1.82815189e-03  6.39851859e-03  6.39852087e-03  3.65629606e-03
  8.45520309e-03 -7.31260215e-03  6.39852338e-03 -1.82815469e-03
 -1.00547775e-02  8.45520095e-03  6.39852432e-03  8.45522461e-03
  6.39852412e-03  8.45522223e-03 -1.00547570e-02  2.28519305e-03
  8.45521216e-03  3.65629534e-03  8.45521138e-03  6.39851653e-03
 -1.82814423e-03  3.40472915e-08  2.28518788e-03  3.65629135e-03
  8.45520827e-03  2.28521490e-03  8.45520207e-03 -1.82814771e-03
  2.28520203e-03 -1.00547824e-02  6.39852167e-03  2.28524167e-03
  8.45517538e-03  6.39852195e-03  6.39851821e-03  3.65629748e-03
 -1.82815042e-02 -1.82814964e-03  3.65629506e-03  6.39853447e-03
  6.39852037e-03  3.65629874e-03  8.45519171e-03  6.39852492e-03
  8.45521364e-03  2.28520021e-03  6.39852321e-03 -7.31260158e-03
  8.45520384e-03  3.65629865e-03  8.45520504e-03  6.39852876e-03
  8.45521712e-03 -1.82815214e-03 -1.82815184e-03  8.45521276e-03
  6.39851416e-03  6.39851497e-03  6.39852229e-03 -1.82815233e-03
  6.39852010e-03  2.28524252e-03  3.65629835e-03 -1.82815193e-03
  6.39852177e-03  3.65629449e-03 -7.31259559e-03  6.39852694e-03
 -1.82816273e-03  6.39852427e-03  2.28520621e-03  8.45522424e-03
  6.39851129e-03 -1.82814090e-03  3.65629785e-03 -7.31259323e-03
 -1.82814220e-03  6.39853023e-03  6.39852980e-03 -1.00548651e-02
 -1.82814824e-02 -1.82814677e-03  6.39852460e-03  3.65629169e-03
 -1.00548112e-02  6.39852159e-03  6.39852294e-03  3.65629253e-03
  8.45520324e-03 -1.82813822e-03 -1.82814679e-03  3.65629945e-03
  3.65629408e-03  6.39852488e-03  6.39852902e-03  8.45520935e-03
  8.45520591e-03  2.28521928e-03  3.65629451e-03  8.45519006e-03
  6.39851654e-03  2.28521866e-03  8.45520075e-03  6.39852972e-03
  2.28520868e-03 -1.82816117e-03  6.39852269e-03  3.65629160e-03
  6.39852130e-03 -1.00547284e-02 -1.82814145e-03  8.45519677e-03
  2.28522104e-03  3.30941908e-08  8.45520273e-03  2.28523404e-03
  8.45519888e-03  6.39852861e-03  3.46296613e-08  2.28521415e-03
  3.65629261e-03 -1.82814025e-03  6.39852526e-03  6.39852303e-03
 -1.82815382e-03  6.39852651e-03  2.28522824e-03  8.45519286e-03
  6.39852465e-03  2.28521502e-03 -1.82815255e-03 -1.82814833e-03
  8.45523259e-03  6.39852113e-03  8.45520298e-03 -1.82813643e-03
  3.65629815e-03  6.39852101e-03  2.28519138e-03  8.45521419e-03
  8.45520273e-03  8.45518798e-03  6.39852007e-03  3.65629308e-03
  8.45519888e-03 -7.31259166e-03  6.39852405e-03  2.28520807e-03
  8.45522215e-03 -1.82813047e-03 -1.82815272e-03 -1.82814222e-03
  3.65629673e-03  6.39851919e-03  2.28523168e-03  2.28525472e-03
  6.39851426e-03  6.39852092e-03  6.39852741e-03  2.28522180e-03
 -7.31259837e-03  3.65629762e-03  2.28522178e-03  8.45519108e-03
  3.65629773e-03  3.11661719e-08  2.28522791e-03  3.65629516e-03
  6.39852874e-03 -1.82815214e-02  2.28518506e-03 -1.82815039e-02
  3.45905955e-08  3.65629569e-03  8.45518529e-03  6.39852208e-03
  6.39851678e-03  8.45521832e-03  8.45520702e-03  2.28521404e-03
  2.28519701e-03  6.39852890e-03  6.39852494e-03  2.28520398e-03
  6.39852125e-03  3.65629602e-03  3.65629585e-03  2.28522478e-03
 -1.82814804e-03  2.28519999e-03  6.39852903e-03 -1.82814749e-03
 -7.31259827e-03 -1.00547923e-02  6.39852430e-03 -7.31260326e-03
  6.39851542e-03  3.65629465e-03  3.65629846e-03  3.65629612e-03
  6.39853011e-03  6.39852905e-03  6.39852522e-03 -1.82815386e-03
  6.39852674e-03  8.45518873e-03  2.28520695e-03  8.45519535e-03
  8.45521369e-03  2.28520506e-03  8.45521513e-03  3.65629453e-03
  6.39852380e-03 -1.82814525e-03 -1.82815036e-03  6.39852350e-03
 -1.00547498e-02  2.28518557e-03  6.39853016e-03  6.39852175e-03
  2.28520635e-03  8.45521298e-03  6.39851758e-03  8.45520490e-03
  6.39852398e-03  6.39852619e-03 -1.82815310e-02  6.39852292e-03
  3.65629592e-03  8.45519872e-03  3.65629516e-03  8.45521378e-03
  3.40092349e-08  3.65629729e-03  6.39852551e-03 -1.82813305e-03
  8.45520466e-03  6.39852522e-03 -1.82815253e-03  3.65629609e-03
  2.28520020e-03  6.39851309e-03  2.28522013e-03 -7.31259869e-03
  6.39851743e-03  6.39851796e-03  6.39852519e-03  6.39853007e-03
 -3.47350690e-02 -1.00548849e-02  3.65629304e-03  6.39851545e-03
  2.28523290e-03  8.45521330e-03  6.39851854e-03  6.39852271e-03
 -1.82814879e-03  3.55565512e-08 -1.82815048e-02 -1.82813825e-03
  3.38817361e-08 -1.82815628e-03  6.39853209e-03  3.65629532e-03
  6.39852480e-03  8.45519866e-03  3.65629732e-03  2.28522831e-03
 -1.00548959e-02  6.39852571e-03  3.65629452e-03  2.28519064e-03
  3.65629186e-03  3.65629512e-03  3.65629722e-03  8.45519723e-03
  6.39852247e-03  6.39852132e-03  8.45520768e-03  6.39852644e-03
  8.45520719e-03  6.39851342e-03 -1.00548386e-02  2.28521907e-03
  8.45518200e-03  8.45522366e-03  3.65629520e-03  6.39852929e-03
  8.45518303e-03  3.65629393e-03  6.39851947e-03 -1.82815408e-03
  6.39852790e-03  3.65629544e-03  3.65629541e-03]
22 -0.010054824451152087
56 -0.01005477753761793
62 -0.010054757044317185
77 -0.010054782387273286
84 -0.018281504224312482
127 -0.01005486513172262
128 -0.01828148241470447
132 -0.010054811171549499
157 -0.010054728389982715
217 -0.018281521403141675
219 -0.01828150390033006
241 -0.010054792254619981
264 -0.010054749793127433
274 -0.018281531002007557
296 -0.03473506900360695
297 -0.010054884943624385
306 -0.01828150482217965
316 -0.01005489590775047
330 -0.010054838609415818
DUAL
[1.85922071e-12 1.85921795e-12 1.85921953e-12 1.85921976e-12
 1.85922097e-12 1.85921952e-12 1.85922014e-12 1.85922060e-12
 1.85921892e-12 1.85921959e-12 1.85921734e-12 1.85921824e-12
 1.85921964e-12 1.85921900e-12 1.85921915e-12 1.85922058e-12
 1.85921943e-12 1.85921928e-12 1.85921843e-12 1.85921760e-12
 1.85922023e-12 1.85922116e-12 1.85921786e-12 1.85922017e-12
 1.85921906e-12 1.85921718e-12 1.85921720e-12 1.85921463e-12
 1.85921884e-12 1.85921727e-12 1.85921728e-12 1.85921966e-12
 1.85921811e-12 1.85921863e-12 1.85922003e-12 1.85921964e-12
 1.85921956e-12 1.85921977e-12 1.85921862e-12 1.85922071e-12
 1.85921837e-12 1.85921729e-12 1.85921826e-12 1.85921715e-12
 1.85921993e-12 1.85921902e-12 1.85921817e-12 1.85921788e-12
 1.85921986e-12 1.85921942e-12 1.85921925e-12 1.85921643e-12
 1.85921917e-12 1.85921955e-12 1.85921936e-12 1.85921858e-12
 1.85921919e-12 1.85921789e-12 1.85921601e-12 1.85921529e-12
 1.85921656e-12 1.85921893e-12 1.85921655e-12 1.85921833e-12]
DUAL OVER

ECOS 2.0.10 - (C) embotech GmbH, Zurich Switzerland, 2012-15. Web: www.embotech.com/ECOS

It     pcost       dcost      gap   pres   dres    k/t    mu     step   sigma     IR    |   BT
 0  -1.000e+00  -6.500e+01  +6e+01  5e-01  7e+00  1e+00  1e+00    ---    ---    1  1  - |  -  - 
 1  -1.000e+00  -1.710e+00  +7e-01  6e-03  1e-01  1e-02  1e-02  0.9890  1e-04   1  1  1 |  0  0
 2  -1.000e+00  -1.008e+00  +8e-03  6e-05  1e-03  1e-04  1e-04  0.9890  1e-04   1  1  1 |  0  0
 3  -1.000e+00  -1.000e+00  +9e-05  7e-07  1e-05  1e-06  1e-06  0.9890  1e-04   1  1  1 |  0  0
 4  -1.000e+00  -1.000e+00  +1e-06  8e-09  2e-07  2e-08  2e-08  0.9890  1e-04   1  1  1 |  0  0
 5  -1.000e+00  -1.000e+00  +1e-08  8e-11  2e-09  2e-10  2e-10  0.9890  1e-04   1  1  1 |  0  0
 6  -1.000e+00  -1.000e+00  +1e-10  9e-13  2e-11  2e-12  2e-12  0.9890  1e-04   1  0  0 |  0  0

OPTIMAL (within feastol=1.9e-11, reltol=1.2e-10, abstol=1.2e-10).
Runtime: 0.003859 seconds.

