../../datafiles/Constraints/DKDNEWconstraints.npy
cont_cover
(49, 65)
===============================================================================
                                     CVXPY                                     
                                    v1.1.20                                    
===============================================================================
(CVXPY) Sep 21 11:11:25 AM: Your problem has 49 variables, 2 constraints, and 0 parameters.
(CVXPY) Sep 21 11:11:25 AM: It is compliant with the following grammars: DCP, DQCP
(CVXPY) Sep 21 11:11:25 AM: (If you need to solve this problem multiple times, but with different data, consider using parameters.)
(CVXPY) Sep 21 11:11:25 AM: CVXPY will first compile your problem; then, it will invoke a numerical solver to obtain a solution.
-------------------------------------------------------------------------------
                                  Compilation                                  
-------------------------------------------------------------------------------
(CVXPY) Sep 21 11:11:25 AM: Compiling problem (target solver=ECOS).
(CVXPY) Sep 21 11:11:25 AM: Reduction chain: FlipObjective -> Dcp2Cone -> CvxAttr2Constr -> ConeMatrixStuffing -> ECOS
(CVXPY) Sep 21 11:11:25 AM: Applying reduction FlipObjective
(CVXPY) Sep 21 11:11:25 AM: Applying reduction Dcp2Cone
(CVXPY) Sep 21 11:11:25 AM: Applying reduction CvxAttr2Constr
(CVXPY) Sep 21 11:11:25 AM: Applying reduction ConeMatrixStuffing
(CVXPY) Sep 21 11:11:25 AM: Applying reduction ECOS
(CVXPY) Sep 21 11:11:25 AM: Finished problem compilation (took 9.179e-03 seconds).
-------------------------------------------------------------------------------
                                Numerical solver                               
-------------------------------------------------------------------------------
(CVXPY) Sep 21 11:11:25 AM: Invoking solver ECOS  to obtain a solution.
-------------------------------------------------------------------------------
                                    Summary                                    
-------------------------------------------------------------------------------
(CVXPY) Sep 21 11:11:25 AM: Problem status: optimal
(CVXPY) Sep 21 11:11:25 AM: Optimal value: 4.000e+00
(CVXPY) Sep 21 11:11:25 AM: Compilation took 9.179e-03 seconds
(CVXPY) Sep 21 11:11:25 AM: Solver (including time spent in interface) took 1.032e-03 seconds

The optimal value is 3.9999999999914895
A solution y is
[ 1.09270909e-01  1.37201631e-12  1.09270908e-01  1.09270908e-01
  1.10798782e-01  1.09270908e-01  1.10798784e-01  1.10798783e-01
  1.10798782e-01  1.09270909e-01  1.37201631e-12  3.32059026e-12
  1.10798784e-01  1.09270908e-01  1.19721233e-01  1.10798784e-01
  1.10798782e-01 -3.39980164e-12  3.32059026e-12  1.09270908e-01
  1.37201631e-12  1.09270908e-01  1.09270910e-01  1.10798782e-01
  1.10798782e-01  3.32059026e-12  1.37201631e-12  3.32059026e-12
  1.37201631e-12  1.09270910e-01  1.10798784e-01  1.10798784e-01
  1.09270908e-01  1.37201631e-12  1.10798783e-01  1.09270909e-01
  1.19721233e-01  1.19721233e-01  1.09270909e-01  1.09270909e-01
  1.09270909e-01  1.10798783e-01  1.10798783e-01  1.10798784e-01
  1.19721232e-01  1.10798782e-01  1.09270908e-01  1.37201631e-12
  1.37201631e-12]
0 0.10927090909290839
2 0.10927090811369602
3 0.10927090789882134
4 0.11079878237083061
5 0.10927090839364098
6 0.11079878362432655
7 0.11079878347748522
8 0.11079878174446221
9 0.10927090925799152
12 0.11079878372101017
13 0.10927090841562644
14 0.11972123321228761
15 0.11079878367152358
16 0.11079878235956742
19 0.10927090835426519
21 0.10927090791081082
22 0.10927090987146391
23 0.11079878206985223
24 0.11079878223454678
29 0.10927090956888827
30 0.11079878387510075
31 0.11079878365115008
32 0.10927090818017338
34 0.11079878305153947
35 0.10927090938359309
36 0.11972123322916531
37 0.11972123291085605
38 0.10927090912857468
39 0.10927090927201412
40 0.10927090914731959
41 0.1107987825873227
42 0.11079878338028719
43 0.11079878383353438
44 0.11972123248630662
45 0.11079878204229897
46 0.10927090844738915
DUAL
[1.00000000e+00 4.45445560e-12 3.63608162e-12 4.45445587e-12
 4.45445615e-12 1.00000000e+00 4.45445545e-12 3.63608207e-12
 4.45445574e-12 3.63608175e-12 4.45445508e-12 1.00000000e+00
 3.63608209e-12 4.45445582e-12 1.00000000e+00 4.45445653e-12
 1.45629371e-12 1.84830730e-12 1.45629368e-12 1.45629368e-12
 3.27192430e-12 1.45629369e-12 3.27192438e-12 3.27192436e-12
 3.27192426e-12 1.45629370e-12 1.84830730e-12 2.52503882e-12
 3.27192439e-12 1.45629369e-12 7.10772805e-13 3.27192438e-12
 3.27192430e-12 1.19802781e-11 2.52503882e-12 1.45629369e-12
 1.84830730e-12 1.45629367e-12 1.45629372e-12 3.27192428e-12
 3.27192429e-12 2.52503882e-12 1.84830730e-12 2.52503882e-12
 1.84830730e-12 1.45629371e-12 3.27192439e-12 3.27192438e-12
 1.45629368e-12 1.84830730e-12 3.27192434e-12 1.45629371e-12
 7.10772802e-13 7.10772801e-13 1.45629370e-12 1.45629371e-12
 1.45629370e-12 3.27192433e-12 3.27192435e-12 3.27192439e-12
 7.10772796e-13 3.27192429e-12 1.45629369e-12 1.84830730e-12
 1.84830730e-12]
DUAL OVER

ECOS 2.0.10 - (C) embotech GmbH, Zurich Switzerland, 2012-15. Web: www.embotech.com/ECOS

It     pcost       dcost      gap   pres   dres    k/t    mu     step   sigma     IR    |   BT
 0  -7.669e+00  -1.156e+02  +4e+02  5e-01  2e+00  1e+00  3e+00    ---    ---    1  1  - |  -  - 
 1  -5.254e+00  -3.376e+01  +2e+02  2e-01  6e-01  2e+00  2e+00  0.7465  3e-01   0  0  0 |  0  0
 2  -5.786e+00  -1.731e+01  +9e+01  7e-02  3e-01  8e-01  8e-01  0.6903  3e-01   0  0  0 |  0  0
 3  -4.104e+00  -5.151e+00  +1e+01  6e-03  2e-02  5e-02  9e-02  0.8903  9e-03   0  0  0 |  0  0
 4  -3.999e+00  -4.017e+00  +2e-01  9e-05  4e-04  1e-03  2e-03  0.9821  1e-03   0  0  1 |  0  0
 5  -4.000e+00  -4.000e+00  +2e-03  1e-06  5e-06  1e-05  2e-05  0.9890  1e-04   1  0  0 |  0  0
 6  -4.000e+00  -4.000e+00  +2e-05  1e-08  5e-08  1e-07  2e-07  0.9890  1e-04   1  0  0 |  0  0
 7  -4.000e+00  -4.000e+00  +3e-07  1e-10  6e-10  2e-09  2e-09  0.9890  1e-04   1  0  0 |  0  0
 8  -4.000e+00  -4.000e+00  +3e-09  1e-12  6e-12  2e-11  3e-11  0.9890  1e-04   1  0  0 |  0  0

OPTIMAL (within feastol=6.4e-12, reltol=7.2e-10, abstol=2.9e-09).
Runtime: 0.000973 seconds.

