../../datafiles/Constraints/DKDKDconstraints.npy
cont_cover
(343, 64)
===============================================================================
                                     CVXPY                                     
                                    v1.1.20                                    
===============================================================================
(CVXPY) Sep 21 10:27:09 AM: Your problem has 343 variables, 3 constraints, and 0 parameters.
(CVXPY) Sep 21 10:27:09 AM: It is compliant with the following grammars: DCP, DQCP
(CVXPY) Sep 21 10:27:09 AM: (If you need to solve this problem multiple times, but with different data, consider using parameters.)
(CVXPY) Sep 21 10:27:09 AM: CVXPY will first compile your problem; then, it will invoke a numerical solver to obtain a solution.
-------------------------------------------------------------------------------
                                  Compilation                                  
-------------------------------------------------------------------------------
(CVXPY) Sep 21 10:27:09 AM: Compiling problem (target solver=ECOS).
(CVXPY) Sep 21 10:27:09 AM: Reduction chain: FlipObjective -> Dcp2Cone -> CvxAttr2Constr -> ConeMatrixStuffing -> ECOS
(CVXPY) Sep 21 10:27:09 AM: Applying reduction FlipObjective
(CVXPY) Sep 21 10:27:09 AM: Applying reduction Dcp2Cone
(CVXPY) Sep 21 10:27:09 AM: Applying reduction CvxAttr2Constr
(CVXPY) Sep 21 10:27:09 AM: Applying reduction ConeMatrixStuffing
(CVXPY) Sep 21 10:27:09 AM: Applying reduction ECOS
(CVXPY) Sep 21 10:27:09 AM: Finished problem compilation (took 1.828e-02 seconds).
-------------------------------------------------------------------------------
                                Numerical solver                               
-------------------------------------------------------------------------------
(CVXPY) Sep 21 10:27:09 AM: Invoking solver ECOS  to obtain a solution.
-------------------------------------------------------------------------------
                                    Summary                                    
-------------------------------------------------------------------------------
(CVXPY) Sep 21 10:27:09 AM: Problem status: optimal
(CVXPY) Sep 21 10:27:09 AM: Optimal value: 1.000e+00
(CVXPY) Sep 21 10:27:09 AM: Compilation took 1.828e-02 seconds
(CVXPY) Sep 21 10:27:09 AM: Solver (including time spent in interface) took 8.165e-03 seconds

The optimal value is 0.9999999999999968
A solution y is
[0.00275433 0.00338819 0.00275433 0.0021881  0.00275433 0.00275433
 0.00226369 0.00226369 0.00226369 0.0021881  0.00338819 0.00226369
 0.00239329 0.00239329 0.00239329 0.00171617 0.00226369 0.00226369
 0.00275433 0.00226369 0.00338819 0.00171617 0.00761042 0.00338819
 0.00338819 0.00275433 0.00226369 0.00275433 0.0021881  0.00239329
 0.00275433 0.00171617 0.00338819 0.00239329 0.00338819 0.00338819
 0.00275433 0.00275433 0.00226369 0.00239329 0.00226369 0.00239329
 0.00226369 0.00275433 0.00239329 0.00226369 0.00239329 0.00338819
 0.00226369 0.00239329 0.00239329 0.0021881  0.00275433 0.00171617
 0.00239329 0.00226369 0.00761042 0.00275433 0.00239329 0.00275433
 0.00239329 0.00275433 0.00761042 0.00338819 0.00275433 0.0021881
 0.00275433 0.00239329 0.00226369 0.00215388 0.00338819 0.0021881
 0.00275433 0.00338819 0.00275433 0.00226369 0.00338819 0.00761042
 0.00239329 0.00338819 0.00275433 0.00239329 0.00239329 0.0021881
 0.00228377 0.00226369 0.0021881  0.00239329 0.00239329 0.0021881
 0.00275433 0.00239329 0.00275433 0.00338819 0.00239329 0.00171617
 0.00275433 0.0021881  0.00275433 0.00239329 0.00275433 0.00226369
 0.00226369 0.00275433 0.00239329 0.00239329 0.00239329 0.00226369
 0.00239329 0.00338819 0.0021881  0.00226369 0.00239329 0.0021881
 0.00171617 0.00239329 0.00226369 0.00239329 0.00338819 0.00275433
 0.00239329 0.00226369 0.0021881  0.00171617 0.00226369 0.00239329
 0.00239329 0.00761042 0.00228377 0.00226369 0.00239329 0.0021881
 0.00761042 0.00239329 0.00239329 0.0021881  0.00275433 0.00226369
 0.00226369 0.0021881  0.0021881  0.00239329 0.00239329 0.00275433
 0.00275433 0.00338819 0.0021881  0.00275433 0.00239329 0.00338819
 0.00275433 0.00239329 0.00338819 0.00226369 0.00239329 0.0021881
 0.00239329 0.00761042 0.00226369 0.00275433 0.00338819 0.00215388
 0.00275433 0.00338819 0.00275433 0.00239329 0.00215388 0.00338819
 0.0021881  0.00226369 0.00239329 0.00239329 0.00226369 0.00239329
 0.00338819 0.00275433 0.00239329 0.00338819 0.00226369 0.00226369
 0.00275433 0.00239329 0.00275433 0.00226369 0.0021881  0.00239329
 0.00338819 0.00275433 0.00275433 0.00275433 0.00239329 0.0021881
 0.00275433 0.00171617 0.00239329 0.00338819 0.00275433 0.00226369
 0.00226369 0.00226369 0.0021881  0.00239329 0.00338819 0.00338819
 0.00239329 0.00239329 0.00239329 0.00338819 0.00171617 0.0021881
 0.00338819 0.00275433 0.0021881  0.00215388 0.00338819 0.0021881
 0.00239329 0.00228377 0.00338819 0.00228377 0.00215388 0.0021881
 0.00275433 0.00239329 0.00239329 0.00275433 0.00275433 0.00338819
 0.00338819 0.00239329 0.00239329 0.00338819 0.00239329 0.0021881
 0.0021881  0.00338819 0.00226369 0.00338819 0.00239329 0.00226369
 0.00171617 0.00761042 0.00239329 0.00171617 0.00239329 0.0021881
 0.0021881  0.0021881  0.00239329 0.00239329 0.00239329 0.00226369
 0.00239329 0.00275433 0.00338819 0.00275433 0.00275433 0.00338819
 0.00275433 0.0021881  0.00239329 0.00226369 0.00226369 0.00239329
 0.00761042 0.00338819 0.00239329 0.00239329 0.00338819 0.00275433
 0.00239329 0.00275433 0.00239329 0.00239329 0.00228377 0.00239329
 0.0021881  0.00275433 0.0021881  0.00275433 0.00215388 0.0021881
 0.00239329 0.00226369 0.00275433 0.00239329 0.00226369 0.0021881
 0.00338819 0.00239329 0.00338819 0.00171617 0.00239329 0.00239329
 0.00239329 0.00239329 0.07479489 0.00761042 0.0021881  0.00239329
 0.00338819 0.00275433 0.00239329 0.00239329 0.00226369 0.00215388
 0.00228377 0.00226369 0.00215388 0.00226369 0.00239329 0.0021881
 0.00239329 0.00275433 0.0021881  0.00338819 0.00761042 0.00239329
 0.0021881  0.00338819 0.0021881  0.0021881  0.0021881  0.00275433
 0.00239329 0.00239329 0.00275433 0.00239329 0.00275433 0.00239329
 0.00761042 0.00338819 0.00275433 0.00275433 0.0021881  0.00239329
 0.00275433 0.0021881  0.00239329 0.00226369 0.00239329 0.0021881
 0.0021881 ]
296 0.07479488964811351
DUAL
[7.72875844e-14 1.09616674e-13 1.34779864e-13 2.40862606e-13
 1.34779862e-13 1.09616677e-13 1.34779869e-13 1.09616678e-13
 1.09616675e-13 7.72875855e-14 1.09616680e-13 1.34779868e-13
 1.09616679e-13 1.34779867e-13 2.40862612e-13 1.34779862e-13
 1.09616675e-13 1.34779859e-13 1.09616678e-13 1.34779864e-13
 2.40862593e-13 7.72875864e-14 1.09616680e-13 1.34779861e-13
 1.34779861e-13 1.09616676e-13 7.72875876e-14 1.09616680e-13
 1.34779863e-13 1.09616681e-13 1.34779870e-13 2.40862598e-13
 1.09616677e-13 1.34779858e-13 2.40862596e-13 1.34779865e-13
 1.09616676e-13 1.34779863e-13 1.09616682e-13 7.72875861e-14
 1.34779863e-13 1.09616673e-13 1.34779862e-13 1.09616680e-13
 7.72875854e-14 2.40862602e-13 1.34779868e-13 1.09616677e-13
 1.34779860e-13 2.40862588e-13 1.34779859e-13 1.09616674e-13
 1.34779858e-13 1.09616676e-13 7.72875856e-14 1.09616674e-13
 2.40862597e-13 1.34779858e-13 1.09616677e-13 7.72875864e-14
 1.09616677e-13 1.34779865e-13 1.09616681e-13 1.34779863e-13]
DUAL OVER

ECOS 2.0.10 - (C) embotech GmbH, Zurich Switzerland, 2012-15. Web: www.embotech.com/ECOS

It     pcost       dcost      gap   pres   dres    k/t    mu     step   sigma     IR    |   BT
 0  -1.000e+00  -6.500e+01  +4e+02  7e-01  5e+00  1e+00  1e+00    ---    ---    1  1  - |  -  - 
 1  -1.000e+00  -9.301e+00  +1e+02  1e-01  6e-01  4e-03  3e-01  0.7504  1e-01   1  1  1 |  0  0
 2  -1.000e+00  -1.647e+00  +1e+01  1e-02  5e-02  3e-03  2e-02  0.9369  1e-02   0  1  1 |  0  0
 3  -1.000e+00  -1.128e+00  +5e+00  9e-04  1e-02  1e-05  1e-02  0.6888  3e-01   0  0  0 |  0  0
 4  -1.000e+00  -1.003e+00  +1e-01  1e-05  3e-04  3e-06  3e-04  0.9864  1e-02   0  0  0 |  0  0
 5  -1.000e+00  -1.000e+00  +1e-03  2e-07  3e-06  4e-08  4e-06  0.9890  1e-04   1  0  0 |  0  0
 6  -1.000e+00  -1.000e+00  +2e-05  2e-09  3e-08  4e-10  4e-08  0.9890  1e-04   1  0  0 |  0  0
 7  -1.000e+00  -1.000e+00  +2e-07  2e-11  4e-10  5e-12  4e-10  0.9890  1e-04   1  0  0 |  0  0
 8  -1.000e+00  -1.000e+00  +2e-09  2e-13  4e-12  5e-14  5e-12  0.9890  1e-04   1  0  0 |  0  0

OPTIMAL (within feastol=4.2e-12, reltol=2.0e-09, abstol=2.0e-09).
Runtime: 0.008050 seconds.

