../../datafiles/Constraints/DKDNEWconstraints.npy
cont_part
(49, 65)
===============================================================================
                                     CVXPY                                     
                                    v1.1.20                                    
===============================================================================
(CVXPY) Sep 21 11:11:25 AM: Your problem has 49 variables, 1 constraints, and 0 parameters.
(CVXPY) Sep 21 11:11:25 AM: It is compliant with the following grammars: DCP, DQCP
(CVXPY) Sep 21 11:11:25 AM: (If you need to solve this problem multiple times, but with different data, consider using parameters.)
(CVXPY) Sep 21 11:11:25 AM: CVXPY will first compile your problem; then, it will invoke a numerical solver to obtain a solution.
-------------------------------------------------------------------------------
                                  Compilation                                  
-------------------------------------------------------------------------------
(CVXPY) Sep 21 11:11:25 AM: Compiling problem (target solver=ECOS).
(CVXPY) Sep 21 11:11:25 AM: Reduction chain: FlipObjective -> Dcp2Cone -> CvxAttr2Constr -> ConeMatrixStuffing -> ECOS
(CVXPY) Sep 21 11:11:25 AM: Applying reduction FlipObjective
(CVXPY) Sep 21 11:11:25 AM: Applying reduction Dcp2Cone
(CVXPY) Sep 21 11:11:25 AM: Applying reduction CvxAttr2Constr
(CVXPY) Sep 21 11:11:25 AM: Applying reduction ConeMatrixStuffing
(CVXPY) Sep 21 11:11:25 AM: Applying reduction ECOS
(CVXPY) Sep 21 11:11:25 AM: Finished problem compilation (took 8.158e-03 seconds).
-------------------------------------------------------------------------------
                                Numerical solver                               
-------------------------------------------------------------------------------
(CVXPY) Sep 21 11:11:25 AM: Invoking solver ECOS  to obtain a solution.
-------------------------------------------------------------------------------
                                    Summary                                    
-------------------------------------------------------------------------------
(CVXPY) Sep 21 11:11:25 AM: Problem status: optimal
(CVXPY) Sep 21 11:11:25 AM: Optimal value: 3.400e+01
(CVXPY) Sep 21 11:11:25 AM: Compilation took 8.158e-03 seconds
(CVXPY) Sep 21 11:11:25 AM: Solver (including time spent in interface) took 1.110e-03 seconds

The optimal value is 33.99999998098683
A solution y is
[  1.   1.   1.   1.   1.   1.   1.   1.   1.   1.   1.   1.   1.   1.
   1.   1.   1. -14.   1.   1.   1.   1.   1.   1.   1.   1.   1.   1.
   1.   1.   1.   1.   1.   1.   1.   1.   1.   1.   1.   1.   1.   1.
   1.   1.   1.   1.   1.   1.   1.]
0 0.9999999999878095
1 0.9999999993772056
2 0.9999999999878095
3 0.9999999999878095
4 0.9999999998017064
5 0.9999999999878095
6 0.9999999998017064
7 0.9999999998017064
8 0.9999999998017064
9 0.9999999999878095
10 0.9999999993772056
11 0.9999999979681312
12 0.9999999998017064
13 0.9999999999878095
14 0.9999999999839804
15 0.9999999998017064
16 0.9999999998017064
17 -14.000000002471518
18 0.9999999979681312
19 0.9999999999878095
20 0.9999999993772056
21 0.9999999999878095
22 0.9999999999878095
23 0.9999999998017064
24 0.9999999998017064
25 0.9999999979681312
26 0.9999999993772057
27 0.9999999979681312
28 0.9999999993772056
29 0.9999999999878095
30 0.9999999998017064
31 0.9999999998017064
32 0.9999999999878095
33 0.9999999993772057
34 0.9999999998017064
35 0.9999999999878095
36 0.9999999999839804
37 0.9999999999839804
38 0.9999999999878095
39 0.9999999999878095
40 0.9999999999878095
41 0.9999999998017064
42 0.9999999998017064
43 0.9999999998017064
44 0.9999999999839804
45 0.9999999998017064
46 0.9999999999878095
47 0.9999999993772057
48 0.9999999993772057
DUAL
[2.50000001e-01 4.23023103e-10 2.29729774e-10 4.23023103e-10
 4.23023103e-10 2.50000001e-01 4.23023103e-10 2.29729774e-10
 4.23023103e-10 2.29729774e-10 4.23023103e-10 2.50000001e-01
 2.29729774e-10 4.23023103e-10 2.50000001e-01 4.23023103e-10
 7.50000000e-01 5.00000000e-01 7.50000000e-01 7.50000000e-01
 7.50000001e-01 7.50000000e-01 7.50000000e-01 7.50000000e-01
 7.50000000e-01 7.50000000e-01 5.00000000e-01 5.00000000e-01
 7.50000001e-01 7.50000000e-01 7.50000000e-01 7.50000000e-01
 7.50000000e-01 1.37398068e-10 4.99999999e-01 7.50000000e-01
 5.00000000e-01 7.50000000e-01 7.50000000e-01 7.50000000e-01
 7.50000001e-01 4.99999999e-01 5.00000000e-01 5.00000000e-01
 5.00000000e-01 7.50000000e-01 7.50000000e-01 7.50000000e-01
 7.50000000e-01 5.00000000e-01 7.50000001e-01 7.50000000e-01
 7.50000000e-01 7.50000000e-01 7.50000000e-01 7.50000000e-01
 7.50000000e-01 7.50000001e-01 7.50000001e-01 7.50000001e-01
 7.50000000e-01 7.50000001e-01 7.50000000e-01 5.00000000e-01
 5.00000000e-01]
DUAL OVER

ECOS 2.0.10 - (C) embotech GmbH, Zurich Switzerland, 2012-15. Web: www.embotech.com/ECOS

It     pcost       dcost      gap   pres   dres    k/t    mu     step   sigma     IR    |   BT
 0  -1.145e+01  -1.605e+02  +3e+02  5e-01  3e+00  1e+00  5e+00    ---    ---    1  1  - |  -  - 
 1  -2.820e+01  -4.685e+01  +1e+02  3e-02  6e-01  2e+00  2e+00  0.9890  3e-01   0  0  0 |  0  0
 2  -3.041e+01  -4.200e+01  +4e+01  2e-02  5e-01  2e+00  7e-01  0.6870  2e-01   0  0  0 |  0  0
 3  -3.304e+01  -3.465e+01  +6e+00  2e-03  7e-02  2e-02  9e-02  0.9763  1e-01   0  0  0 |  0  0
 4  -3.399e+01  -3.401e+01  +9e-02  3e-05  1e-03  2e-04  1e-03  0.9840  3e-04   0  0  0 |  0  0
 5  -3.400e+01  -3.400e+01  +1e-03  4e-07  1e-05  3e-06  2e-05  0.9890  1e-04   1  0  0 |  0  0
 6  -3.400e+01  -3.400e+01  +1e-05  4e-09  1e-07  3e-08  2e-07  0.9890  1e-04   1  0  0 |  0  0
 7  -3.400e+01  -3.400e+01  +1e-07  5e-11  2e-09  3e-10  2e-09  0.9890  1e-04   1  0  0 |  0  0

OPTIMAL (within feastol=1.5e-09, reltol=3.7e-09, abstol=1.2e-07).
Runtime: 0.001040 seconds.

