../../datafiles/Constraints/DKDconstraints.npy
cont_cover
(49, 16)
===============================================================================
                                     CVXPY                                     
                                    v1.1.20                                    
===============================================================================
(CVXPY) Sep 07 03:45:25 AM: Your problem has 49 variables, 2 constraints, and 0 parameters.
(CVXPY) Sep 07 03:45:25 AM: It is compliant with the following grammars: DCP, DQCP
(CVXPY) Sep 07 03:45:25 AM: (If you need to solve this problem multiple times, but with different data, consider using parameters.)
(CVXPY) Sep 07 03:45:25 AM: CVXPY will first compile your problem; then, it will invoke a numerical solver to obtain a solution.
-------------------------------------------------------------------------------
                                  Compilation                                  
-------------------------------------------------------------------------------
(CVXPY) Sep 07 03:45:25 AM: Compiling problem (target solver=ECOS).
(CVXPY) Sep 07 03:45:25 AM: Reduction chain: FlipObjective -> Dcp2Cone -> CvxAttr2Constr -> ConeMatrixStuffing -> ECOS
(CVXPY) Sep 07 03:45:25 AM: Applying reduction FlipObjective
(CVXPY) Sep 07 03:45:25 AM: Applying reduction Dcp2Cone
(CVXPY) Sep 07 03:45:25 AM: Applying reduction CvxAttr2Constr
(CVXPY) Sep 07 03:45:25 AM: Applying reduction ConeMatrixStuffing
(CVXPY) Sep 07 03:45:25 AM: Applying reduction ECOS
(CVXPY) Sep 07 03:45:25 AM: Finished problem compilation (took 7.120e-03 seconds).
-------------------------------------------------------------------------------
                                Numerical solver                               
-------------------------------------------------------------------------------
(CVXPY) Sep 07 03:45:25 AM: Invoking solver ECOS  to obtain a solution.
-------------------------------------------------------------------------------
                                    Summary                                    
-------------------------------------------------------------------------------
(CVXPY) Sep 07 03:45:25 AM: Problem status: optimal
(CVXPY) Sep 07 03:45:25 AM: Optimal value: 4.000e+00
(CVXPY) Sep 07 03:45:25 AM: Compilation took 7.120e-03 seconds
(CVXPY) Sep 07 03:45:25 AM: Solver (including time spent in interface) took 8.507e-04 seconds

The optimal value is 4.000000000011742
A solution y is
[ 1.13243941e-01 -6.12576990e-13  1.13243942e-01  1.13243942e-01
  1.07954844e-01  1.13243941e-01  1.07954846e-01  1.07954846e-01
  1.07954845e-01  1.13243940e-01 -6.12576990e-13 -1.11469282e-12
  1.07954846e-01  1.13243942e-01  1.15204852e-01  1.07954847e-01
  1.07954845e-01  3.35375700e-13 -1.11469282e-12  1.13243942e-01
 -6.12576990e-13  1.13243941e-01  1.13243941e-01  1.07954845e-01
  1.07954844e-01 -1.11469282e-12 -6.12576990e-13 -1.11469282e-12
 -6.12576990e-13  1.13243941e-01  1.07954847e-01  1.07954848e-01
  1.13243943e-01 -6.12576990e-13  1.07954847e-01  1.13243942e-01
  1.15204851e-01  1.15204850e-01  1.13243942e-01  1.13243942e-01
  1.13243940e-01  1.07954847e-01  1.07954846e-01  1.07954846e-01
  1.15204850e-01  1.07954847e-01  1.13243942e-01 -6.12576990e-13
 -6.12576990e-13]
0 0.11324394065140779
2 0.11324394180474555
3 0.11324394161368377
4 0.10795484435123892
5 0.11324394058784247
6 0.10795484615305988
7 0.10795484607371476
8 0.10795484463156656
9 0.11324394026305164
12 0.10795484569029834
13 0.11324394202801108
14 0.11520485195872324
15 0.10795484679680246
16 0.10795484480843222
19 0.11324394225341286
21 0.1132439406917589
22 0.11324394125289461
23 0.1079548448144528
24 0.10795484367861526
29 0.11324394082906948
30 0.107954847294245
31 0.10795484773659071
32 0.11324394262359906
34 0.10795484692821239
35 0.11324394158706047
36 0.11520485058602328
37 0.11520485024442997
38 0.11324394162066748
39 0.11324394225996137
40 0.11324394013600886
41 0.10795484722294543
42 0.10795484592304694
43 0.10795484635268168
44 0.11520484988165859
45 0.10795484691940783
46 0.11324394177144397
DUAL
[1.00000000e+00 1.27680826e-12 1.93003585e-12 1.27680832e-12
 1.27680843e-12 1.00000000e+00 1.27680845e-12 1.93003620e-12
 1.27680829e-12 1.93003595e-12 1.27680812e-12 1.00000000e+00
 1.93003604e-12 1.27680831e-12 1.00000000e+00 1.27680844e-12]
DUAL OVER

ECOS 2.0.10 - (C) embotech GmbH, Zurich Switzerland, 2012-15. Web: www.embotech.com/ECOS

It     pcost       dcost      gap   pres   dres    k/t    mu     step   sigma     IR    |   BT
 0  -2.293e+00  -2.512e+01  +9e+01  6e-01  2e+00  1e+00  1e+00    ---    ---    1  1  - |  -  - 
 1  -5.403e+00  -1.058e+01  +2e+01  2e-01  5e-01  1e-02  3e-01  0.8192  5e-02   0  0  0 |  0  0
 2  -4.048e+00  -4.366e+00  +3e+00  1e-02  3e-02  2e-02  5e-02  0.9890  2e-01   0  0  0 |  0  0
 3  -4.001e+00  -4.004e+00  +4e-02  1e-04  3e-04  2e-04  6e-04  0.9876  4e-04   0  0  0 |  0  0
 4  -4.000e+00  -4.000e+00  +4e-04  1e-06  4e-06  3e-06  7e-06  0.9890  1e-04   1  0  0 |  0  0
 5  -4.000e+00  -4.000e+00  +5e-06  2e-08  4e-08  3e-08  8e-08  0.9890  1e-04   1  0  0 |  0  0
 6  -4.000e+00  -4.000e+00  +6e-08  2e-10  4e-10  3e-10  9e-10  0.9890  1e-04   1  0  0 |  0  0
 7  -4.000e+00  -4.000e+00  +6e-10  2e-12  5e-12  4e-12  1e-11  0.9890  1e-04   1  0  0 |  0  0

OPTIMAL (within feastol=5.0e-12, reltol=1.5e-10, abstol=6.1e-10).
Runtime: 0.000806 seconds.

