../../datafiles/Constraints/DKDconstraints.npy
cont_part
(49, 16)
===============================================================================
                                     CVXPY                                     
                                    v1.1.20                                    
===============================================================================
(CVXPY) Sep 07 03:45:25 AM: Your problem has 49 variables, 1 constraints, and 0 parameters.
(CVXPY) Sep 07 03:45:25 AM: It is compliant with the following grammars: DCP, DQCP
(CVXPY) Sep 07 03:45:25 AM: (If you need to solve this problem multiple times, but with different data, consider using parameters.)
(CVXPY) Sep 07 03:45:25 AM: CVXPY will first compile your problem; then, it will invoke a numerical solver to obtain a solution.
-------------------------------------------------------------------------------
                                  Compilation                                  
-------------------------------------------------------------------------------
(CVXPY) Sep 07 03:45:25 AM: Compiling problem (target solver=ECOS).
(CVXPY) Sep 07 03:45:25 AM: Reduction chain: FlipObjective -> Dcp2Cone -> CvxAttr2Constr -> ConeMatrixStuffing -> ECOS
(CVXPY) Sep 07 03:45:25 AM: Applying reduction FlipObjective
(CVXPY) Sep 07 03:45:25 AM: Applying reduction Dcp2Cone
(CVXPY) Sep 07 03:45:25 AM: Applying reduction CvxAttr2Constr
(CVXPY) Sep 07 03:45:25 AM: Applying reduction ConeMatrixStuffing
(CVXPY) Sep 07 03:45:25 AM: Applying reduction ECOS
(CVXPY) Sep 07 03:45:25 AM: Finished problem compilation (took 6.383e-03 seconds).
-------------------------------------------------------------------------------
                                Numerical solver                               
-------------------------------------------------------------------------------
(CVXPY) Sep 07 03:45:25 AM: Invoking solver ECOS  to obtain a solution.
-------------------------------------------------------------------------------
                                    Summary                                    
-------------------------------------------------------------------------------
(CVXPY) Sep 07 03:45:25 AM: Problem status: unbounded
(CVXPY) Sep 07 03:45:25 AM: Optimal value: inf
(CVXPY) Sep 07 03:45:25 AM: Compilation took 6.383e-03 seconds
(CVXPY) Sep 07 03:45:25 AM: Solver (including time spent in interface) took 8.783e-04 seconds

ECOS 2.0.10 - (C) embotech GmbH, Zurich Switzerland, 2012-15. Web: www.embotech.com/ECOS

It     pcost       dcost      gap   pres   dres    k/t    mu     step   sigma     IR    |   BT
 0  -2.250e+00  -2.225e+01  +2e+01  5e-01  3e+00  1e+00  1e+00    ---    ---    0  2  - |  -  - 
 1  -9.143e+01  -2.225e+01  +2e-01  4e-01  6e+00  9e+01  2e-02  0.9890  1e-04   2  1  1 |  0  0
 2  -8.134e+03  -2.225e+01  +3e-03  4e-01  6e+00  8e+03  2e-04  0.9890  1e-04   1  1  1 |  0  0
 3  -7.335e+05  -2.225e+01  +3e-05  4e-01  6e+00  7e+05  2e-06  0.9890  1e-04   1  1  1 |  0  0
 4  -6.615e+07  -2.225e+01  +3e-07  4e-01  6e+00  7e+07  2e-08  0.9890  1e-04   1  1  1 |  0  0
 5  -5.972e+09  -2.227e+01  +4e-09  4e-01  6e+00  6e+09  2e-10  0.9890  1e-04   2  0  0 |  0  0

UNBOUNDED (within feastol=2.5e-10).
Runtime: 0.000834 seconds.

Traceback (most recent call last):
  File "new_dual_program.py", line 64, in <module>
    print_to_dual(f,ans,y,prob,program)
  File "/home/users/ag520/bicliques-partition-research/biclique_experiments/experiments/dual_lin_prog/pickle_func.py", line 20, in print_to_dual
    for i in range(len(y.value)):
TypeError: object of type 'NoneType' has no len()
