../../datafiles/Constraints/DKDconstraints.npy
integer_part
(49, 16)
===============================================================================
                                     CVXPY                                     
                                    v1.1.20                                    
===============================================================================
(CVXPY) Sep 07 03:45:25 AM: Your problem has 49 variables, 1 constraints, and 0 parameters.
(CVXPY) Sep 07 03:45:25 AM: It is compliant with the following grammars: DCP, DQCP
(CVXPY) Sep 07 03:45:25 AM: (If you need to solve this problem multiple times, but with different data, consider using parameters.)
(CVXPY) Sep 07 03:45:25 AM: CVXPY will first compile your problem; then, it will invoke a numerical solver to obtain a solution.
-------------------------------------------------------------------------------
                                  Compilation                                  
-------------------------------------------------------------------------------
(CVXPY) Sep 07 03:45:25 AM: Compiling problem (target solver=GLPK_MI).
(CVXPY) Sep 07 03:45:25 AM: Reduction chain: FlipObjective -> Dcp2Cone -> CvxAttr2Constr -> ConeMatrixStuffing -> GLPK_MI
(CVXPY) Sep 07 03:45:25 AM: Applying reduction FlipObjective
(CVXPY) Sep 07 03:45:25 AM: Applying reduction Dcp2Cone
(CVXPY) Sep 07 03:45:25 AM: Applying reduction CvxAttr2Constr
(CVXPY) Sep 07 03:45:25 AM: Applying reduction ConeMatrixStuffing
(CVXPY) Sep 07 03:45:25 AM: Applying reduction GLPK_MI
(CVXPY) Sep 07 03:45:25 AM: Finished problem compilation (took 6.389e-03 seconds).
-------------------------------------------------------------------------------
                                Numerical solver                               
-------------------------------------------------------------------------------
(CVXPY) Sep 07 03:45:25 AM: Invoking solver GLPK_MI  to obtain a solution.
*     0: obj =   0.000000000e+00 inf =   0.000e+00 (49)
*     6: obj =  -3.000000000e+00 inf =   0.000e+00 (22)
-------------------------------------------------------------------------------
                                    Summary                                    
-------------------------------------------------------------------------------
(CVXPY) Sep 07 03:45:25 AM: Problem status: unbounded
(CVXPY) Sep 07 03:45:25 AM: Optimal value: inf
(CVXPY) Sep 07 03:45:25 AM: Compilation took 6.389e-03 seconds
(CVXPY) Sep 07 03:45:25 AM: Solver (including time spent in interface) took 1.002e-03 seconds
Traceback (most recent call last):
  File "new_dual_program.py", line 86, in <module>
    print_to_dual(f,ans,y,prob,program)
  File "/home/users/ag520/bicliques-partition-research/biclique_experiments/experiments/dual_lin_prog/pickle_func.py", line 20, in print_to_dual
    for i in range(len(y.value)):
TypeError: object of type 'NoneType' has no len()
