../../datafiles/Constraints/DKDKDconstraints.npy
frac_cover
(343, 64)
===============================================================================
                                     CVXPY                                     
                                    v1.1.20                                    
===============================================================================
(CVXPY) Sep 07 03:38:30 AM: Your problem has 64 variables, 3 constraints, and 0 parameters.
(CVXPY) Sep 07 03:38:30 AM: It is compliant with the following grammars: DCP, DQCP
(CVXPY) Sep 07 03:38:30 AM: (If you need to solve this problem multiple times, but with different data, consider using parameters.)
(CVXPY) Sep 07 03:38:30 AM: CVXPY will first compile your problem; then, it will invoke a numerical solver to obtain a solution.
-------------------------------------------------------------------------------
                                  Compilation                                  
-------------------------------------------------------------------------------
(CVXPY) Sep 07 03:38:30 AM: Compiling problem (target solver=ECOS).
(CVXPY) Sep 07 03:38:30 AM: Reduction chain: Dcp2Cone -> CvxAttr2Constr -> ConeMatrixStuffing -> ECOS
(CVXPY) Sep 07 03:38:30 AM: Applying reduction Dcp2Cone
(CVXPY) Sep 07 03:38:30 AM: Applying reduction CvxAttr2Constr
(CVXPY) Sep 07 03:38:30 AM: Applying reduction ConeMatrixStuffing
(CVXPY) Sep 07 03:38:30 AM: Applying reduction ECOS
(CVXPY) Sep 07 03:38:30 AM: Finished problem compilation (took 2.039e-02 seconds).
-------------------------------------------------------------------------------
                                Numerical solver                               
-------------------------------------------------------------------------------
(CVXPY) Sep 07 03:38:30 AM: Invoking solver ECOS  to obtain a solution.
-------------------------------------------------------------------------------
                                    Summary                                    
-------------------------------------------------------------------------------
(CVXPY) Sep 07 03:38:30 AM: Problem status: optimal
(CVXPY) Sep 07 03:38:30 AM: Optimal value: 8.000e+00
(CVXPY) Sep 07 03:38:30 AM: Compilation took 2.039e-02 seconds
(CVXPY) Sep 07 03:38:30 AM: Solver (including time spent in interface) took 7.392e-03 seconds
DUAL
[1.89928229e-02 2.60090407e-11 1.89928229e-02 1.03598101e-01
 1.89928229e-02 1.89928231e-02 1.77420127e-11 1.77420127e-11
 1.77420127e-11 1.03598101e-01 2.60090407e-11 1.77420127e-11
 6.07456818e-02 6.07456823e-02 6.07456821e-02 1.48346056e-11
 1.77420127e-11 1.77420127e-11 1.89928230e-02 1.77420127e-11
 2.60090407e-11 1.48346056e-11 1.59134075e-11 2.60090407e-11
 2.60090407e-11 1.89928230e-02 1.77420127e-11 1.89928230e-02
 1.03598102e-01 6.07456820e-02 1.89928228e-02 1.48346056e-11
 2.60090407e-11 6.07456818e-02 2.60090407e-11 2.60090407e-11
 1.89928229e-02 1.89928230e-02 1.77420127e-11 6.07456819e-02
 1.77420127e-11 6.07456817e-02 1.77420127e-11 1.89928230e-02
 6.07456821e-02 1.77420127e-11 6.07456820e-02 2.60090407e-11
 1.77420127e-11 6.07456821e-02 6.07456822e-02 1.03598100e-01
 1.89928230e-02 1.48346056e-11 6.07456819e-02 1.77420127e-11
 1.59134075e-11 1.89928229e-02 6.07456820e-02 1.89928230e-02
 6.07456823e-02 1.89928230e-02 1.59134075e-11 2.60090407e-11
 1.89928227e-02 1.03598101e-01 1.89928229e-02 6.07456820e-02
 1.77420127e-11 2.48210095e-01 2.60090407e-11 1.03598101e-01
 1.89928230e-02 2.60090407e-11 1.89928230e-02 1.77420127e-11
 2.60090407e-11 1.59134075e-11 6.07456816e-02 2.60090407e-11
 1.89928230e-02 6.07456820e-02 6.07456822e-02 1.03598101e-01
 1.76423876e-11 1.77420127e-11 1.03598102e-01 6.07456820e-02
 6.07456825e-02 1.03598102e-01 1.89928230e-02 6.07456823e-02
 1.89928229e-02 2.60090407e-11 6.07456819e-02 1.48346056e-11
 1.89928230e-02 1.03598101e-01 1.89928229e-02 6.07456823e-02
 1.89928230e-02 1.77420127e-11 1.77420127e-11 1.89928229e-02
 6.07456820e-02 6.07456821e-02 6.07456818e-02 1.77420127e-11
 6.07456824e-02 2.60090407e-11 1.03598101e-01 1.77420127e-11
 6.07456815e-02 1.03598101e-01 1.48346056e-11 6.07456820e-02
 1.77420127e-11 6.07456824e-02 2.60090407e-11 1.89928230e-02
 6.07456814e-02 1.77420127e-11 1.03598101e-01 1.48346056e-11
 1.77420127e-11 6.07456820e-02 6.07456818e-02 1.59134075e-11
 1.76423876e-11 1.77420127e-11 6.07456815e-02 1.03598102e-01
 1.59134075e-11 6.07456815e-02 6.07456824e-02 1.03598101e-01
 1.89928230e-02 1.77420127e-11 1.77420127e-11 1.03598101e-01
 1.03598100e-01 6.07456823e-02 6.07456818e-02 1.89928228e-02
 1.89928229e-02 2.60090407e-11 1.03598101e-01 1.89928229e-02
 6.07456823e-02 2.60090407e-11 1.89928229e-02 6.07456818e-02
 2.60090407e-11 1.77420127e-11 6.07456818e-02 1.03598101e-01
 6.07456820e-02 1.59134075e-11 1.77420127e-11 1.89928230e-02
 2.60090407e-11 2.48210094e-01 1.89928230e-02 2.60090407e-11
 1.89928229e-02 6.07456821e-02 2.48210095e-01 2.60090407e-11
 1.03598101e-01 1.77420127e-11 6.07456817e-02 6.07456819e-02
 1.77420127e-11 6.07456820e-02 2.60090407e-11 1.89928231e-02
 6.07456820e-02 2.60090407e-11 1.77420127e-11 1.77420127e-11
 1.89928228e-02 6.07456819e-02 1.89928230e-02 1.77420127e-11
 1.03598101e-01 6.07456822e-02 2.60090407e-11 1.89928230e-02
 1.89928228e-02 1.89928231e-02 6.07456819e-02 1.03598102e-01
 1.89928229e-02 1.48346056e-11 6.07456820e-02 2.60090407e-11
 1.89928228e-02 1.77420127e-11 1.77420127e-11 1.77420127e-11
 1.03598102e-01 6.07456821e-02 2.60090407e-11 2.60090407e-11
 6.07456824e-02 6.07456817e-02 6.07456820e-02 2.60090407e-11
 1.48346056e-11 1.03598101e-01 2.60090407e-11 1.89928231e-02
 1.03598101e-01 2.48210095e-01 2.60090407e-11 1.03598101e-01
 6.07456822e-02 1.76423876e-11 2.60090407e-11 1.76423876e-11
 2.48210094e-01 1.03598100e-01 1.89928230e-02 6.07456823e-02
 6.07456818e-02 1.89928229e-02 1.89928230e-02 2.60090407e-11
 2.60090407e-11 6.07456816e-02 6.07456819e-02 2.60090407e-11
 6.07456823e-02 1.03598100e-01 1.03598101e-01 2.60090407e-11
 1.77420127e-11 2.60090407e-11 6.07456824e-02 1.77420127e-11
 1.48346056e-11 1.59134075e-11 6.07456824e-02 1.48346056e-11
 6.07456822e-02 1.03598101e-01 1.03598101e-01 1.03598101e-01
 6.07456826e-02 6.07456826e-02 6.07456820e-02 1.77420127e-11
 6.07456818e-02 1.89928231e-02 2.60090407e-11 1.89928230e-02
 1.89928228e-02 2.60090407e-11 1.89928230e-02 1.03598102e-01
 6.07456821e-02 1.77420127e-11 1.77420127e-11 6.07456823e-02
 1.59134075e-11 2.60090407e-11 6.07456817e-02 6.07456819e-02
 2.60090407e-11 1.89928227e-02 6.07456819e-02 1.89928230e-02
 6.07456822e-02 6.07456818e-02 1.76423876e-11 6.07456820e-02
 1.03598101e-01 1.89928229e-02 1.03598101e-01 1.89928230e-02
 2.48210096e-01 1.03598101e-01 6.07456817e-02 1.77420127e-11
 1.89928230e-02 6.07456821e-02 1.77420127e-11 1.03598101e-01
 2.60090407e-11 6.07456823e-02 2.60090407e-11 1.48346056e-11
 6.07456820e-02 6.07456821e-02 6.07456817e-02 6.07456822e-02
 5.18665418e-11 1.59134075e-11 1.03598101e-01 6.07456818e-02
 2.60090407e-11 1.89928230e-02 6.07456822e-02 6.07456824e-02
 1.77420127e-11 2.48210096e-01 1.76423876e-11 1.77420127e-11
 2.48210095e-01 1.77420127e-11 6.07456820e-02 1.03598101e-01
 6.07456821e-02 1.89928229e-02 1.03598101e-01 2.60090407e-11
 1.59134075e-11 6.07456816e-02 1.03598101e-01 2.60090407e-11
 1.03598101e-01 1.03598101e-01 1.03598102e-01 1.89928229e-02
 6.07456822e-02 6.07456822e-02 1.89928229e-02 6.07456815e-02
 1.89928230e-02 6.07456818e-02 1.59134075e-11 2.60090407e-11
 1.89928229e-02 1.89928230e-02 1.03598101e-01 6.07456816e-02
 1.89928229e-02 1.03598100e-01 6.07456823e-02 1.77420127e-11
 6.07456815e-02 1.03598101e-01 1.03598101e-01]
DUAL OVER

The optimal value is 8.0000000024895
A solution x is
[ 1.00000000e+00  1.35308773e-10 -2.77202567e-11 -4.19138637e-11
 -2.77201904e-11  1.35308778e-10 -2.77201665e-11  1.35308758e-10
  1.35308798e-10  1.00000000e+00  1.35308773e-10 -2.77201688e-11
  1.35308764e-10 -2.77201570e-11 -4.19138751e-11 -2.77201782e-11
  1.35308760e-10 -2.77201765e-11  1.35308775e-10 -2.77201960e-11
 -4.19138781e-11  1.00000000e+00  1.35308742e-10 -2.77201703e-11
 -2.77201808e-11  1.35308680e-10  1.00000000e+00  1.35308765e-10
 -2.77201761e-11  1.35308764e-10 -2.77201838e-11 -4.19138715e-11
  1.35308797e-10 -2.77201864e-11 -4.19138836e-11 -2.77202181e-11
  1.35308811e-10 -2.77202005e-11  1.35308750e-10  1.00000000e+00
 -2.77201996e-11  1.35308761e-10 -2.77201821e-11  1.35308715e-10
  1.00000000e+00 -4.19138737e-11 -2.77201820e-11  1.35308762e-10
 -2.77201970e-11 -4.19138787e-11 -2.77201836e-11  1.35308766e-10
 -2.77201956e-11  1.35308781e-10  1.00000000e+00  1.35308804e-10
 -4.19138961e-11 -2.77201566e-11  1.35308774e-10  1.00000000e+00
  1.35308810e-10 -2.77201881e-11  1.35308673e-10 -2.77201451e-11]
0 1.0000000000303357
9 1.0000000000303355
21 1.0000000000303355
26 1.0000000000303357
39 1.0000000000303355
44 1.0000000000303355
54 1.0000000000303355
59 1.0000000000303355

ECOS 2.0.10 - (C) embotech GmbH, Zurich Switzerland, 2012-15. Web: www.embotech.com/ECOS

It     pcost       dcost      gap   pres   dres    k/t    mu     step   sigma     IR    |   BT
 0  +3.497e+00  +2.851e+02  +7e+02  6e-01  1e+01  1e+00  2e+00    ---    ---    1  1  - |  -  - 
 1  +9.124e+00  +6.829e+01  +2e+02  1e-01  4e+00  1e-02  3e-01  0.8626  1e-01   1  0  0 |  0  0
 2  +1.063e+01  +2.111e+01  +4e+01  2e-02  7e-01  2e-02  9e-02  0.8275  9e-02   1  0  0 |  0  0
 3  +8.179e+00  +8.788e+00  +4e+00  1e-03  4e-02  2e-03  8e-03  0.9412  3e-02   1  0  0 |  0  0
 4  +8.002e+00  +8.008e+00  +4e-02  1e-05  4e-04  2e-05  9e-05  0.9890  1e-04   1  0  0 |  0  0
 5  +8.000e+00  +8.000e+00  +5e-04  1e-07  5e-06  2e-07  1e-06  0.9890  1e-04   1  0  0 |  0  0
 6  +8.000e+00  +8.000e+00  +5e-06  1e-09  5e-08  3e-09  1e-08  0.9890  1e-04   1  0  0 |  0  0
 7  +8.000e+00  +8.000e+00  +6e-08  1e-11  6e-10  3e-11  1e-10  0.9890  1e-04   1  0  0 |  0  0

OPTIMAL (within feastol=5.9e-10, reltol=7.0e-09, abstol=5.6e-08).
Runtime: 0.007281 seconds.

