../../datafiles/Constraints/DKDconstraints.npy
frac_cover
(49, 16)
===============================================================================
                                     CVXPY                                     
                                    v1.1.20                                    
===============================================================================
(CVXPY) Sep 07 03:38:30 AM: Your problem has 16 variables, 3 constraints, and 0 parameters.
(CVXPY) Sep 07 03:38:30 AM: It is compliant with the following grammars: DCP, DQCP
(CVXPY) Sep 07 03:38:30 AM: (If you need to solve this problem multiple times, but with different data, consider using parameters.)
(CVXPY) Sep 07 03:38:30 AM: CVXPY will first compile your problem; then, it will invoke a numerical solver to obtain a solution.
-------------------------------------------------------------------------------
                                  Compilation                                  
-------------------------------------------------------------------------------
(CVXPY) Sep 07 03:38:30 AM: Compiling problem (target solver=ECOS).
(CVXPY) Sep 07 03:38:30 AM: Reduction chain: Dcp2Cone -> CvxAttr2Constr -> ConeMatrixStuffing -> ECOS
(CVXPY) Sep 07 03:38:30 AM: Applying reduction Dcp2Cone
(CVXPY) Sep 07 03:38:30 AM: Applying reduction CvxAttr2Constr
(CVXPY) Sep 07 03:38:30 AM: Applying reduction ConeMatrixStuffing
(CVXPY) Sep 07 03:38:30 AM: Applying reduction ECOS
(CVXPY) Sep 07 03:38:30 AM: Finished problem compilation (took 7.974e-03 seconds).
-------------------------------------------------------------------------------
                                Numerical solver                               
-------------------------------------------------------------------------------
(CVXPY) Sep 07 03:38:30 AM: Invoking solver ECOS  to obtain a solution.
-------------------------------------------------------------------------------
                                    Summary                                    
-------------------------------------------------------------------------------
(CVXPY) Sep 07 03:38:30 AM: Problem status: optimal
(CVXPY) Sep 07 03:38:30 AM: Optimal value: 4.000e+00
(CVXPY) Sep 07 03:38:30 AM: Compilation took 7.974e-03 seconds
(CVXPY) Sep 07 03:38:30 AM: Solver (including time spent in interface) took 8.047e-04 seconds
DUAL
[1.60633608e-01 6.71781819e-13 1.60633610e-01 1.60633609e-01
 1.17339347e-01 1.60633608e-01 1.17339346e-01 1.17339346e-01
 1.17339346e-01 1.60633608e-01 6.71781819e-13 3.58565089e-12
 1.17339346e-01 1.60633608e-01 3.31036678e-01 1.17339345e-01
 1.17339347e-01 8.17119034e-12 3.58565089e-12 1.60633608e-01
 6.71781819e-13 1.60633609e-01 1.60633609e-01 1.17339346e-01
 1.17339345e-01 3.58565089e-12 6.71781819e-13 3.58565089e-12
 6.71781819e-13 1.60633609e-01 1.17339346e-01 1.17339346e-01
 1.60633608e-01 6.71781819e-13 1.17339346e-01 1.60633609e-01
 3.31036678e-01 3.31036678e-01 1.60633609e-01 1.60633609e-01
 1.60633609e-01 1.17339346e-01 1.17339345e-01 1.17339346e-01
 3.31036679e-01 1.17339346e-01 1.60633608e-01 6.71781819e-13
 6.71781819e-13]
DUAL OVER

The optimal value is 4.00000000003735
A solution x is
[ 1.00000000e+00  5.46020268e-12 -1.58915854e-12  5.46019246e-12
  5.46018763e-12  1.00000000e+00  5.46021015e-12 -1.58914120e-12
  5.46022744e-12 -1.58916192e-12  5.46019135e-12  1.00000000e+00
 -1.58922807e-12  5.46020040e-12  1.00000000e+00  5.46024236e-12]
0 1.0000000000000062
5 1.0000000000000062
11 1.0000000000000062
14 1.0000000000000062

ECOS 2.0.10 - (C) embotech GmbH, Zurich Switzerland, 2012-15. Web: www.embotech.com/ECOS

It     pcost       dcost      gap   pres   dres    k/t    mu     step   sigma     IR    |   BT
 0  +2.554e+00  +3.668e+01  +1e+02  5e-01  4e+00  1e+00  2e+00    ---    ---    1  1  - |  -  - 
 1  +4.724e+00  +9.970e+00  +3e+01  8e-02  8e-01  5e-02  4e-01  0.8315  1e-01   0  0  0 |  0  0
 2  +4.275e+00  +4.874e+00  +6e+00  8e-03  1e-01  7e-03  7e-02  0.8507  2e-02   0  0  0 |  0  0
 3  +4.002e+00  +4.009e+00  +7e-02  9e-05  1e-03  1e-04  9e-04  0.9890  1e-03   0  0  0 |  0  0
 4  +4.000e+00  +4.000e+00  +8e-04  1e-06  1e-05  2e-06  1e-05  0.9890  1e-04   1  0  0 |  0  0
 5  +4.000e+00  +4.000e+00  +9e-06  1e-08  1e-07  2e-08  1e-07  0.9890  1e-04   1  0  0 |  0  0
 6  +4.000e+00  +4.000e+00  +1e-07  1e-10  2e-09  2e-10  1e-09  0.9890  1e-04   1  0  0 |  0  0
 7  +4.000e+00  +4.000e+00  +1e-09  1e-12  2e-11  2e-12  1e-11  0.9890  1e-04   1  0  0 |  0  0

OPTIMAL (within feastol=1.7e-11, reltol=2.7e-10, abstol=1.1e-09).
Runtime: 0.000755 seconds.

