3DKD
NEW BICLIQUE
1 4 5 <-> 10 13 14
OLD BICLIQUE
1 2 4 5 <-> 10 11 13 14
GOOD_EDGE
4 <-> 10
BAD_EDGE
2 <-> 11



NEW BICLIQUE
1 4 5 <-> 10 13 14
OLD BICLIQUE
1 2 4 5 <-> 10 11 13 14
GOOD_EDGE
1 <-> 13
BAD_EDGE
2 <-> 11



NEW BICLIQUE
1 4 5 <-> 10 13 14
OLD BICLIQUE
1 2 4 5 <-> 10 11 13 14
GOOD_EDGE
1 <-> 11
BAD_EDGE
2 <-> 11



NEW BICLIQUE
1 2 5 <-> 10 11 14
OLD BICLIQUE
1 2 4 5 <-> 10 11 13 14
GOOD_EDGE
2 <-> 10
BAD_EDGE
4 <-> 13



NEW BICLIQUE
1 2 5 <-> 10 11 14
OLD BICLIQUE
1 2 4 5 <-> 10 11 13 14
GOOD_EDGE
1 <-> 13
BAD_EDGE
4 <-> 13



NEW BICLIQUE
1 2 5 <-> 10 11 14
OLD BICLIQUE
1 2 4 5 <-> 10 11 13 14
GOOD_EDGE
1 <-> 11
BAD_EDGE
4 <-> 13



NEW BICLIQUE
1 3 4 5 6 <-> 14
OLD BICLIQUE
1 2 3 4 5 6 <-> 11 14
GOOD_EDGE
1 <-> 11
BAD_EDGE
2 <-> 11



NEW BICLIQUE
1 3 4 5 6 <-> 14
OLD BICLIQUE
1 2 3 4 5 6 <-> 11 14
GOOD_EDGE
3 <-> 11
BAD_EDGE
2 <-> 11



NEW BICLIQUE
2 3 5 <-> 11 14 12
OLD BICLIQUE
2 3 5 6 <-> 11 14 12 15
GOOD_EDGE
2 <-> 12
BAD_EDGE
6 <-> 15



NEW BICLIQUE
2 3 5 <-> 11 14 12
OLD BICLIQUE
2 3 5 6 <-> 11 14 12 15
GOOD_EDGE
3 <-> 15
BAD_EDGE
6 <-> 15



NEW BICLIQUE
2 3 5 <-> 11 14 12
OLD BICLIQUE
2 3 5 6 <-> 11 14 12 15
GOOD_EDGE
3 <-> 11
BAD_EDGE
6 <-> 15



NEW BICLIQUE
3 5 6 <-> 14 12 15
OLD BICLIQUE
2 3 5 6 <-> 11 14 12 15
GOOD_EDGE
3 <-> 15
BAD_EDGE
2 <-> 11



NEW BICLIQUE
3 5 6 <-> 14 12 15
OLD BICLIQUE
2 3 5 6 <-> 11 14 12 15
GOOD_EDGE
6 <-> 12
BAD_EDGE
2 <-> 11



NEW BICLIQUE
3 5 6 <-> 14 12 15
OLD BICLIQUE
2 3 5 6 <-> 11 14 12 15
GOOD_EDGE
3 <-> 11
BAD_EDGE
2 <-> 11



NEW BICLIQUE
1 2 5 7 8 <-> 14
OLD BICLIQUE
1 2 4 5 7 8 <-> 13 14
GOOD_EDGE
1 <-> 13
BAD_EDGE
4 <-> 13



NEW BICLIQUE
1 2 5 7 8 <-> 14
OLD BICLIQUE
1 2 4 5 7 8 <-> 13 14
GOOD_EDGE
7 <-> 13
BAD_EDGE
4 <-> 13



NEW BICLIQUE
5 7 8 <-> 14 16 17
OLD BICLIQUE
4 5 7 8 <-> 13 14 16 17
GOOD_EDGE
8 <-> 16
BAD_EDGE
4 <-> 13



NEW BICLIQUE
5 7 8 <-> 14 16 17
OLD BICLIQUE
4 5 7 8 <-> 13 14 16 17
GOOD_EDGE
7 <-> 13
BAD_EDGE
4 <-> 13



NEW BICLIQUE
5 7 8 <-> 14 16 17
OLD BICLIQUE
4 5 7 8 <-> 13 14 16 17
GOOD_EDGE
7 <-> 17
BAD_EDGE
4 <-> 13



NEW BICLIQUE
4 5 7 <-> 13 14 16
OLD BICLIQUE
4 5 7 8 <-> 13 14 16 17
GOOD_EDGE
7 <-> 13
BAD_EDGE
8 <-> 17



NEW BICLIQUE
4 5 7 <-> 13 14 16
OLD BICLIQUE
4 5 7 8 <-> 13 14 16 17
GOOD_EDGE
7 <-> 17
BAD_EDGE
8 <-> 17



NEW BICLIQUE
4 5 7 <-> 13 14 16
OLD BICLIQUE
4 5 7 8 <-> 13 14 16 17
GOOD_EDGE
4 <-> 16
BAD_EDGE
8 <-> 17



NEW BICLIQUE
2 3 5 8 9 <-> 14
OLD BICLIQUE
2 3 5 6 8 9 <-> 14 15
GOOD_EDGE
9 <-> 15
BAD_EDGE
6 <-> 15



NEW BICLIQUE
2 3 5 8 9 <-> 14
OLD BICLIQUE
2 3 5 6 8 9 <-> 14 15
GOOD_EDGE
3 <-> 15
BAD_EDGE
6 <-> 15



NEW BICLIQUE
5 8 9 <-> 14 17 18
OLD BICLIQUE
5 6 8 9 <-> 14 15 17 18
GOOD_EDGE
9 <-> 15
BAD_EDGE
6 <-> 15



NEW BICLIQUE
5 8 9 <-> 14 17 18
OLD BICLIQUE
5 6 8 9 <-> 14 15 17 18
GOOD_EDGE
9 <-> 17
BAD_EDGE
6 <-> 15



NEW BICLIQUE
5 8 9 <-> 14 17 18
OLD BICLIQUE
5 6 8 9 <-> 14 15 17 18
GOOD_EDGE
8 <-> 18
BAD_EDGE
6 <-> 15



NEW BICLIQUE
5 6 9 <-> 14 15 18
OLD BICLIQUE
5 6 8 9 <-> 14 15 17 18
GOOD_EDGE
9 <-> 15
BAD_EDGE
8 <-> 17



NEW BICLIQUE
5 6 9 <-> 14 15 18
OLD BICLIQUE
5 6 8 9 <-> 14 15 17 18
GOOD_EDGE
6 <-> 18
BAD_EDGE
8 <-> 17



NEW BICLIQUE
5 6 9 <-> 14 15 18
OLD BICLIQUE
5 6 8 9 <-> 14 15 17 18
GOOD_EDGE
9 <-> 17
BAD_EDGE
8 <-> 17



NEW BICLIQUE
4 5 6 7 9 <-> 14
OLD BICLIQUE
4 5 6 7 8 9 <-> 14 17
GOOD_EDGE
9 <-> 17
BAD_EDGE
8 <-> 17



NEW BICLIQUE
4 5 6 7 9 <-> 14
OLD BICLIQUE
4 5 6 7 8 9 <-> 14 17
GOOD_EDGE
7 <-> 17
BAD_EDGE
8 <-> 17



