3DKD
NEW BICLIQUE
1 2 4 5 11 13 14 <-> 28 29 31 32 37 38 41
OLD BICLIQUE
1 2 4 5 10 11 13 14 <-> 28 29 31 32 37 38 40 41
GOOD_EDGE
4 <-> 38
BAD_EDGE
10 <-> 40



NEW BICLIQUE
1 2 4 5 11 13 14 <-> 28 29 31 32 37 38 41
OLD BICLIQUE
1 2 4 5 10 11 13 14 <-> 28 29 31 32 37 38 40 41
GOOD_EDGE
11 <-> 29
BAD_EDGE
10 <-> 40



NEW BICLIQUE
1 2 4 5 11 13 14 <-> 28 29 31 32 37 38 41
OLD BICLIQUE
1 2 4 5 10 11 13 14 <-> 28 29 31 32 37 38 40 41
GOOD_EDGE
2 <-> 41
BAD_EDGE
10 <-> 40



NEW BICLIQUE
1 2 4 5 10 11 14 <-> 28 29 32 37 38 40 41
OLD BICLIQUE
1 2 4 5 10 11 13 14 <-> 28 29 31 32 37 38 40 41
GOOD_EDGE
4 <-> 38
BAD_EDGE
13 <-> 31



NEW BICLIQUE
1 2 4 5 10 11 14 <-> 28 29 32 37 38 40 41
OLD BICLIQUE
1 2 4 5 10 11 13 14 <-> 28 29 31 32 37 38 40 41
GOOD_EDGE
11 <-> 29
BAD_EDGE
13 <-> 31



NEW BICLIQUE
1 2 4 5 10 11 14 <-> 28 29 32 37 38 40 41
OLD BICLIQUE
1 2 4 5 10 11 13 14 <-> 28 29 31 32 37 38 40 41
GOOD_EDGE
2 <-> 41
BAD_EDGE
13 <-> 31



NEW BICLIQUE
4 5 14 <-> 28 29 32 37 38 40 41 34 35 43 44
OLD BICLIQUE
4 5 13 14 <-> 28 29 31 32 37 38 40 41 34 35 43 44
GOOD_EDGE
4 <-> 38
BAD_EDGE
13 <-> 31



NEW BICLIQUE
4 5 14 <-> 28 29 32 37 38 40 41 34 35 43 44
OLD BICLIQUE
4 5 13 14 <-> 28 29 31 32 37 38 40 41 34 35 43 44
GOOD_EDGE
5 <-> 43
BAD_EDGE
13 <-> 31



NEW BICLIQUE
11 13 14 <-> 28 29 31 32 37 38 41 46 47 49 50
OLD BICLIQUE
10 11 13 14 <-> 28 29 31 32 37 38 40 41 46 47 49 50
GOOD_EDGE
11 <-> 29
BAD_EDGE
10 <-> 40



NEW BICLIQUE
11 13 14 <-> 28 29 31 32 37 38 41 46 47 49 50
OLD BICLIQUE
10 11 13 14 <-> 28 29 31 32 37 38 40 41 46 47 49 50
GOOD_EDGE
13 <-> 46
BAD_EDGE
10 <-> 40



NEW BICLIQUE
10 11 14 <-> 28 29 32 37 38 40 41 46 47 49 50
OLD BICLIQUE
10 11 13 14 <-> 28 29 31 32 37 38 40 41 46 47 49 50
GOOD_EDGE
10 <-> 50
BAD_EDGE
13 <-> 31



NEW BICLIQUE
10 11 14 <-> 28 29 32 37 38 40 41 46 47 49 50
OLD BICLIQUE
10 11 13 14 <-> 28 29 31 32 37 38 40 41 46 47 49 50
GOOD_EDGE
11 <-> 29
BAD_EDGE
13 <-> 31



NEW BICLIQUE
2 3 5 6 11 12 14 <-> 29 32 38 41 30 33 42
OLD BICLIQUE
2 3 5 6 11 12 14 15 <-> 29 32 38 41 30 33 39 42
GOOD_EDGE
5 <-> 30
BAD_EDGE
15 <-> 39



NEW BICLIQUE
2 3 5 6 11 12 14 <-> 29 32 38 41 30 33 42
OLD BICLIQUE
2 3 5 6 11 12 14 15 <-> 29 32 38 41 30 33 39 42
GOOD_EDGE
14 <-> 42
BAD_EDGE
15 <-> 39



NEW BICLIQUE
2 3 5 6 11 12 14 <-> 29 32 38 41 30 33 42
OLD BICLIQUE
2 3 5 6 11 12 14 15 <-> 29 32 38 41 30 33 39 42
GOOD_EDGE
11 <-> 29
BAD_EDGE
15 <-> 39



NEW BICLIQUE
2 3 5 6 11 12 14 <-> 29 32 38 41 30 33 42
OLD BICLIQUE
2 3 5 6 11 12 14 15 <-> 29 32 38 41 30 33 39 42
GOOD_EDGE
2 <-> 41
BAD_EDGE
15 <-> 39



NEW BICLIQUE
5 6 14 <-> 29 32 38 41 30 33 42 35 36 44 45
OLD BICLIQUE
5 6 14 15 <-> 29 32 38 41 30 33 39 42 35 36 44 45
GOOD_EDGE
5 <-> 30
BAD_EDGE
15 <-> 39



NEW BICLIQUE
5 6 14 <-> 29 32 38 41 30 33 42 35 36 44 45
OLD BICLIQUE
5 6 14 15 <-> 29 32 38 41 30 33 39 42 35 36 44 45
GOOD_EDGE
14 <-> 42
BAD_EDGE
15 <-> 39



NEW BICLIQUE
14 <-> 29 32 38 41 30 33 42 35 36 44 45 47 48 50 51 53 54
OLD BICLIQUE
14 15 <-> 29 32 38 41 30 33 39 42 35 36 44 45 47 48 50 51 53 54
GOOD_EDGE
14 <-> 42
BAD_EDGE
15 <-> 39



NEW BICLIQUE
11 12 14 <-> 29 32 38 41 30 33 42 47 48 50 51
OLD BICLIQUE
11 12 14 15 <-> 29 32 38 41 30 33 39 42 47 48 50 51
GOOD_EDGE
14 <-> 42
BAD_EDGE
15 <-> 39



NEW BICLIQUE
11 12 14 <-> 29 32 38 41 30 33 42 47 48 50 51
OLD BICLIQUE
11 12 14 15 <-> 29 32 38 41 30 33 39 42 47 48 50 51
GOOD_EDGE
11 <-> 29
BAD_EDGE
15 <-> 39



NEW BICLIQUE
1 2 4 5 7 8 11 13 14 16 17 <-> 31 32 41
OLD BICLIQUE
1 2 4 5 7 8 10 11 13 14 16 17 <-> 31 32 40 41
GOOD_EDGE
2 <-> 41
BAD_EDGE
10 <-> 40



NEW BICLIQUE
1 2 4 5 7 8 10 11 14 16 17 <-> 32 40 41
OLD BICLIQUE
1 2 4 5 7 8 10 11 13 14 16 17 <-> 31 32 40 41
GOOD_EDGE
2 <-> 41
BAD_EDGE
13 <-> 31



NEW BICLIQUE
4 5 7 8 14 16 17 <-> 32 40 41 34 35 43 44
OLD BICLIQUE
4 5 7 8 13 14 16 17 <-> 31 32 40 41 34 35 43 44
GOOD_EDGE
5 <-> 43
BAD_EDGE
13 <-> 31



NEW BICLIQUE
10 11 14 16 17 <-> 32 40 41 49 50
OLD BICLIQUE
10 11 13 14 16 17 <-> 31 32 40 41 49 50
GOOD_EDGE
10 <-> 50
BAD_EDGE
13 <-> 31



NEW BICLIQUE
1 2 4 5 11 13 14 19 20 22 23 <-> 37 38 41
OLD BICLIQUE
1 2 4 5 10 11 13 14 19 20 22 23 <-> 37 38 40 41
GOOD_EDGE
4 <-> 38
BAD_EDGE
10 <-> 40



NEW BICLIQUE
1 2 4 5 11 13 14 19 20 22 23 <-> 37 38 41
OLD BICLIQUE
1 2 4 5 10 11 13 14 19 20 22 23 <-> 37 38 40 41
GOOD_EDGE
19 <-> 38
BAD_EDGE
10 <-> 40



NEW BICLIQUE
1 2 4 5 11 13 14 19 20 22 23 <-> 37 38 41
OLD BICLIQUE
1 2 4 5 10 11 13 14 19 20 22 23 <-> 37 38 40 41
GOOD_EDGE
2 <-> 41
BAD_EDGE
10 <-> 40



NEW BICLIQUE
11 13 14 19 20 22 23 <-> 37 38 41 46 47 49 50
OLD BICLIQUE
10 11 13 14 19 20 22 23 <-> 37 38 40 41 46 47 49 50
GOOD_EDGE
23 <-> 47
BAD_EDGE
10 <-> 40



NEW BICLIQUE
11 13 14 19 20 22 23 <-> 37 38 41 46 47 49 50
OLD BICLIQUE
10 11 13 14 19 20 22 23 <-> 37 38 40 41 46 47 49 50
GOOD_EDGE
13 <-> 46
BAD_EDGE
10 <-> 40



NEW BICLIQUE
11 13 14 19 20 22 23 <-> 37 38 41 46 47 49 50
OLD BICLIQUE
10 11 13 14 19 20 22 23 <-> 37 38 40 41 46 47 49 50
GOOD_EDGE
22 <-> 50
BAD_EDGE
10 <-> 40



NEW BICLIQUE
11 13 14 19 20 22 23 <-> 37 38 41 46 47 49 50
OLD BICLIQUE
10 11 13 14 19 20 22 23 <-> 37 38 40 41 46 47 49 50
GOOD_EDGE
19 <-> 38
BAD_EDGE
10 <-> 40



NEW BICLIQUE
2 3 5 6 11 12 14 20 21 23 24 <-> 38 41 42
OLD BICLIQUE
2 3 5 6 11 12 14 15 20 21 23 24 <-> 38 41 39 42
GOOD_EDGE
14 <-> 42
BAD_EDGE
15 <-> 39



NEW BICLIQUE
2 3 5 6 11 12 14 20 21 23 24 <-> 38 41 42
OLD BICLIQUE
2 3 5 6 11 12 14 15 20 21 23 24 <-> 38 41 39 42
GOOD_EDGE
2 <-> 41
BAD_EDGE
15 <-> 39



NEW BICLIQUE
5 6 14 23 24 <-> 38 41 42 44 45
OLD BICLIQUE
5 6 14 15 23 24 <-> 38 41 39 42 44 45
GOOD_EDGE
14 <-> 42
BAD_EDGE
15 <-> 39



NEW BICLIQUE
5 6 14 23 24 <-> 38 41 42 44 45
OLD BICLIQUE
5 6 14 15 23 24 <-> 38 41 39 42 44 45
GOOD_EDGE
23 <-> 45
BAD_EDGE
15 <-> 39



NEW BICLIQUE
5 6 14 23 24 <-> 38 41 42 44 45
OLD BICLIQUE
5 6 14 15 23 24 <-> 38 41 39 42 44 45
GOOD_EDGE
24 <-> 44
BAD_EDGE
15 <-> 39



NEW BICLIQUE
14 23 24 <-> 38 41 42 44 45 47 48 50 51 53 54
OLD BICLIQUE
14 15 23 24 <-> 38 41 39 42 44 45 47 48 50 51 53 54
GOOD_EDGE
23 <-> 47
BAD_EDGE
15 <-> 39



NEW BICLIQUE
14 23 24 <-> 38 41 42 44 45 47 48 50 51 53 54
OLD BICLIQUE
14 15 23 24 <-> 38 41 39 42 44 45 47 48 50 51 53 54
GOOD_EDGE
14 <-> 42
BAD_EDGE
15 <-> 39



NEW BICLIQUE
14 23 24 <-> 38 41 42 44 45 47 48 50 51 53 54
OLD BICLIQUE
14 15 23 24 <-> 38 41 39 42 44 45 47 48 50 51 53 54
GOOD_EDGE
23 <-> 45
BAD_EDGE
15 <-> 39



NEW BICLIQUE
14 23 24 <-> 38 41 42 44 45 47 48 50 51 53 54
OLD BICLIQUE
14 15 23 24 <-> 38 41 39 42 44 45 47 48 50 51 53 54
GOOD_EDGE
24 <-> 44
BAD_EDGE
15 <-> 39



NEW BICLIQUE
11 12 14 20 21 23 24 <-> 38 41 42 47 48 50 51
OLD BICLIQUE
11 12 14 15 20 21 23 24 <-> 38 41 39 42 47 48 50 51
GOOD_EDGE
23 <-> 47
BAD_EDGE
15 <-> 39



NEW BICLIQUE
11 12 14 20 21 23 24 <-> 38 41 42 47 48 50 51
OLD BICLIQUE
11 12 14 15 20 21 23 24 <-> 38 41 39 42 47 48 50 51
GOOD_EDGE
14 <-> 42
BAD_EDGE
15 <-> 39



NEW BICLIQUE
1 2 4 5 7 8 11 13 14 16 17 19 20 22 23 25 26 <-> 41
OLD BICLIQUE
1 2 4 5 7 8 10 11 13 14 16 17 19 20 22 23 25 26 <-> 40 41
GOOD_EDGE
2 <-> 41
BAD_EDGE
10 <-> 40



NEW BICLIQUE
11 13 14 16 17 19 20 22 23 25 26 <-> 41 49 50
OLD BICLIQUE
10 11 13 14 16 17 19 20 22 23 25 26 <-> 40 41 49 50
GOOD_EDGE
22 <-> 50
BAD_EDGE
10 <-> 40



NEW BICLIQUE
14 15 17 18 23 24 26 <-> 41 42 44 45 50 51 54
OLD BICLIQUE
14 15 17 18 23 24 26 27 <-> 41 42 44 45 50 51 53 54
GOOD_EDGE
14 <-> 42
BAD_EDGE
27 <-> 53



NEW BICLIQUE
14 15 17 18 23 24 26 <-> 41 42 44 45 50 51 54
OLD BICLIQUE
14 15 17 18 23 24 26 27 <-> 41 42 44 45 50 51 53 54
GOOD_EDGE
23 <-> 45
BAD_EDGE
27 <-> 53



NEW BICLIQUE
14 15 17 18 23 24 26 <-> 41 42 44 45 50 51 54
OLD BICLIQUE
14 15 17 18 23 24 26 27 <-> 41 42 44 45 50 51 53 54
GOOD_EDGE
24 <-> 44
BAD_EDGE
27 <-> 53



NEW BICLIQUE
13 14 15 16 17 18 22 23 24 25 26 <-> 41 44 50
OLD BICLIQUE
13 14 15 16 17 18 22 23 24 25 26 27 <-> 41 44 50 53
GOOD_EDGE
13 <-> 53
BAD_EDGE
27 <-> 53



NEW BICLIQUE
13 14 15 16 17 18 22 23 24 25 26 <-> 41 44 50
OLD BICLIQUE
13 14 15 16 17 18 22 23 24 25 26 27 <-> 41 44 50 53
GOOD_EDGE
24 <-> 44
BAD_EDGE
27 <-> 53



NEW BICLIQUE
13 14 15 16 17 18 22 23 24 25 26 <-> 41 44 50
OLD BICLIQUE
13 14 15 16 17 18 22 23 24 25 26 27 <-> 41 44 50 53
GOOD_EDGE
22 <-> 50
BAD_EDGE
27 <-> 53



