../../datafiles/Constraints/4DKDconstraints.npy
disc_part
(100, 7089)
===============================================================================
                                     CVXPY                                     
                                    v1.1.20                                    
===============================================================================
(CVXPY) Sep 05 04:52:46 AM: Your problem has 7089 variables, 1 constraints, and 0 parameters.
(CVXPY) Sep 05 04:52:46 AM: It is compliant with the following grammars: DCP, DQCP
(CVXPY) Sep 05 04:52:46 AM: (If you need to solve this problem multiple times, but with different data, consider using parameters.)
(CVXPY) Sep 05 04:52:46 AM: CVXPY will first compile your problem; then, it will invoke a numerical solver to obtain a solution.
-------------------------------------------------------------------------------
                                  Compilation                                  
-------------------------------------------------------------------------------
(CVXPY) Sep 05 04:52:46 AM: Compiling problem (target solver=GLPK_MI).
(CVXPY) Sep 05 04:52:46 AM: Reduction chain: Dcp2Cone -> CvxAttr2Constr -> ConeMatrixStuffing -> GLPK_MI
(CVXPY) Sep 05 04:52:46 AM: Applying reduction Dcp2Cone
(CVXPY) Sep 05 04:52:46 AM: Applying reduction CvxAttr2Constr
(CVXPY) Sep 05 04:52:46 AM: Applying reduction ConeMatrixStuffing
(CVXPY) Sep 05 04:52:46 AM: Applying reduction GLPK_MI
(CVXPY) Sep 05 04:52:46 AM: Finished problem compilation (took 3.717e-02 seconds).
-------------------------------------------------------------------------------
                                Numerical solver                               
-------------------------------------------------------------------------------
(CVXPY) Sep 05 04:52:46 AM: Invoking solver GLPK_MI  to obtain a solution.
*     0: obj =   1.000000000e+02 inf =   0.000e+00 (6989)
*   317: obj =   1.200000000e+01 inf =   1.073e-13 (0) 2
+   317: mip =     not found yet >=              -inf        (1; 0)
+  2606: >>>>>   1.900000000e+01 >=   1.200000000e+01  36.8% (57; 0)
+  7062: mip =   1.900000000e+01 >=   1.200000000e+01  36.8% (122; 11)
+ 11305: mip =   1.900000000e+01 >=   1.300000000e+01  31.6% (183; 13)
+ 13241: mip =   1.900000000e+01 >=   1.300000000e+01  31.6% (272; 14)
+ 14787: >>>>>   1.600000000e+01 >=   1.300000000e+01  18.8% (299; 15)
+ 16340: mip =   1.600000000e+01 >=   1.300000000e+01  18.8% (163; 400)
+ 20237: mip =   1.600000000e+01 >=   1.300000000e+01  18.8% (214; 404)
+ 23409: mip =   1.600000000e+01 >=   1.300000000e+01  18.8% (274; 406)
+ 28256: mip =   1.600000000e+01 >=   1.300000000e+01  18.8% (315; 412)
+ 33492: mip =   1.600000000e+01 >=   1.300000000e+01  18.8% (357; 417)
+ 36110: mip =   1.600000000e+01 >=   1.300000000e+01  18.8% (417; 421)
+ 37331: mip =   1.600000000e+01 >=   1.300000000e+01  18.8% (474; 421)
+ 41554: mip =   1.600000000e+01 >=   1.300000000e+01  18.8% (511; 424)
+ 45824: mip =   1.600000000e+01 >=   1.300000000e+01  18.8% (563; 427)
+ 51585: mip =   1.600000000e+01 >=   1.300000000e+01  18.8% (600; 432)
+ 54803: mip =   1.600000000e+01 >=   1.300000000e+01  18.8% (660; 434)
+ 57061: mip =   1.600000000e+01 >=   1.300000000e+01  18.8% (718; 437)
+ 59872: mip =   1.600000000e+01 >=   1.300000000e+01  18.8% (774; 439)
+ 62597: mip =   1.600000000e+01 >=   1.300000000e+01  18.8% (828; 442)
+ 65701: mip =   1.600000000e+01 >=   1.300000000e+01  18.8% (884; 445)
+ 70143: mip =   1.600000000e+01 >=   1.300000000e+01  18.8% (932; 453)
+ 73094: mip =   1.600000000e+01 >=   1.300000000e+01  18.8% (973; 457)
+ 77337: mip =   1.600000000e+01 >=   1.300000000e+01  18.8% (1011; 463)
+ 82946: mip =   1.600000000e+01 >=   1.300000000e+01  18.8% (1057; 469)
+ 86072: mip =   1.600000000e+01 >=   1.300000000e+01  18.8% (1112; 472)
+ 89975: mip =   1.600000000e+01 >=   1.300000000e+01  18.8% (1161; 475)
+ 91312: mip =   1.600000000e+01 >=   1.300000000e+01  18.8% (1222; 476)
+ 95947: mip =   1.600000000e+01 >=   1.300000000e+01  18.8% (1275; 479)
+ 98040: mip =   1.600000000e+01 >=   1.300000000e+01  18.8% (1335; 480)
+101891: mip =   1.600000000e+01 >=   1.300000000e+01  18.8% (1383; 483)
+108693: mip =   1.600000000e+01 >=   1.300000000e+01  18.8% (1415; 489)
+114582: mip =   1.600000000e+01 >=   1.300000000e+01  18.8% (1447; 496)
+119901: mip =   1.600000000e+01 >=   1.300000000e+01  18.8% (1480; 501)
+122184: mip =   1.600000000e+01 >=   1.300000000e+01  18.8% (1531; 503)
slurmstepd: error: *** JOB 2179773 ON linux57 CANCELLED AT 2022-09-05T04:55:36 ***
